#
# There is insufficient memory for the Java Runtime Environment to continue.
# Native memory allocation (mmap) failed to map 272629760 bytes for G1 virtual space
# Possible reasons:
#   The system is out of physical RAM or swap space
#   The process is running with CompressedOops enabled, and the Java Heap may be blocking the growth of the native heap
# Possible solutions:
#   Reduce memory load on the system
#   Increase physical memory or swap space
#   Check if swap backing store is full
#   Decrease Java heap size (-Xmx/-Xms)
#   Decrease number of Java threads
#   Decrease Java thread stack sizes (-Xss)
#   Set larger code cache with -XX:ReservedCodeCacheSize=
#   JVM is running with Unscaled Compressed Oops mode in which the Java heap is
#     placed in the first 4GB address space. The Java Heap base address is the
#     maximum limit for the native heap growth. Please use -XX:HeapBaseMinAddress
#     to set the Java Heap base and to place the Java Heap above 4GB virtual address.
# This output file may be truncated or incomplete.
#
#  Out of Memory Error (os_windows.cpp:3617), pid=19668, tid=19940
#
# JRE version: OpenJDK Runtime Environment Temurin-17.0.8.1+1 (17.0.8.1+1) (build 17.0.8.1+1)
# Java VM: OpenJDK 64-Bit Server VM Temurin-17.0.8.1+1 (17.0.8.1+1, mixed mode, sharing, tiered, compressed oops, compressed class ptrs, g1 gc, windows-amd64)
# No core dump will be written. Minidumps are not enabled by default on client versions of Windows
#

---------------  S U M M A R Y ------------

Command Line: -Dfile.encoding=UTF8 -ea -Xmx1024m 

Host: 11th Gen Intel(R) Core(TM) i5-1135G7 @ 2.40GHz, 8 cores, 7G,  Windows 11 , 64 bit Build 22621 (10.0.22621.3958)
Time: Thu Aug 29 21:15:09 2024 대한민국 표준시 elapsed time: 11.601574 seconds (0d 0h 0m 11s)

---------------  T H R E A D  ---------------

Current thread (0x000001dafe8b4640):  VMThread "VM Thread" [stack: 0x0000003bdd290000,0x0000003bdd480000] [id=19940]

Stack: [0x0000003bdd290000,0x0000003bdd480000]
Native frames: (J=compiled Java code, j=interpreted, Vv=VM code, C=native code)
C  0x00007ffc636f8b0a
C  0x00007ffc638b5e84
C  0x00007ffc638b762e
C  0x00007ffc638b7c93
C  0x00007ffc632c746f
C  0x00007ffc636f5859
C  0x00007ffc636ea0ea
C  0x00007ffc63386c7b
C  0x00007ffc6338e166
C  0x00007ffc633ddd3e
C  0x00007ffc633ddf6f
C  0x00007ffc6335db48
C  0x00007ffc6335bd0c
C  0x00007ffc6335b2dc
C  0x00007ffc6339f18b
C  0x00007ffc638bc15b
C  0x00007ffc638bce94
C  0x00007ffc638bd3ac
C  0x00007ffc638bd784
C  0x00007ffc638bd850
C  0x00007ffc638664ca
C  0x00007ffc636f7955
C  [ucrtbase.dll+0x29333]
C  [KERNEL32.DLL+0x1257d]
C  [ntdll.dll+0x5af28]

VM_Operation (0x0000003bdfd2caa0): G1CollectForAllocation, mode: safepoint, requested by thread 0x000001da81219a80


---------------  P R O C E S S  ---------------

Threads class SMR info:
_java_thread_list=0x000001da97705200, length=15, elements={
0x000001da81213540, 0x000001da81214980, 0x000001da81210cc0, 0x000001da81211bf0,
0x000001da81212610, 0x000001da81212100, 0x000001da81212b20, 0x000001da80f68780,
0x000001da80f67790, 0x000001da81213030, 0x000001da81213a50, 0x000001da81213f60,
0x000001da81214470, 0x000001da81219a80, 0x000001dabdb81b20
}

Java Threads: ( => current thread )
  0x000001da81213540 JavaThread "main" [_thread_in_native, id=9492, stack(0x0000003bda600000,0x0000003bda7f0000)]
  0x000001da81214980 JavaThread "Reference Handler" daemon [_thread_blocked, id=21592, stack(0x0000003bdd480000,0x0000003bdd670000)]
  0x000001da81210cc0 JavaThread "Finalizer" daemon [_thread_blocked, id=3892, stack(0x0000003bdd670000,0x0000003bdd860000)]
  0x000001da81211bf0 JavaThread "Signal Dispatcher" daemon [_thread_blocked, id=6912, stack(0x0000003bdd860000,0x0000003bdda50000)]
  0x000001da81212610 JavaThread "Attach Listener" daemon [_thread_blocked, id=6548, stack(0x0000003bdda50000,0x0000003bddc40000)]
  0x000001da81212100 JavaThread "Service Thread" daemon [_thread_blocked, id=17188, stack(0x0000003bddc40000,0x0000003bdde30000)]
  0x000001da81212b20 JavaThread "Monitor Deflation Thread" daemon [_thread_blocked, id=10952, stack(0x0000003bdde30000,0x0000003bde020000)]
  0x000001da80f68780 JavaThread "C2 CompilerThread0" daemon [_thread_blocked, id=21032, stack(0x0000003bde020000,0x0000003bde210000)]
  0x000001da80f67790 JavaThread "C1 CompilerThread0" daemon [_thread_blocked, id=8500, stack(0x0000003bde210000,0x0000003bde400000)]
  0x000001da81213030 JavaThread "Sweeper thread" daemon [_thread_blocked, id=15624, stack(0x0000003bde400000,0x0000003bde5f0000)]
  0x000001da81213a50 JavaThread "Notification Thread" daemon [_thread_blocked, id=3132, stack(0x0000003bde5f0000,0x0000003bde7e0000)]
  0x000001da81213f60 JavaThread "Common-Cleaner" daemon [_thread_blocked, id=4484, stack(0x0000003bde9d0000,0x0000003bdebc0000)]
  0x000001da81214470 JavaThread "Python Reference Queue" daemon [_thread_blocked, id=18640, stack(0x0000003bdebc0000,0x0000003bdedb0000)]
  0x000001da81219a80 JavaThread "Thread-1" daemon [_thread_blocked, id=15496, stack(0x0000003bdfb40000,0x0000003bdfd30000)]
  0x000001dabdb81b20 JavaThread "C2 CompilerThread1" daemon [_thread_blocked, id=16928, stack(0x0000003bdf760000,0x0000003bdf950000)]

Other Threads:
=>0x000001dafe8b4640 VMThread "VM Thread" [stack: 0x0000003bdd290000,0x0000003bdd480000] [id=19940]
  0x000001da808481c0 WatcherThread [stack: 0x0000003bde7e0000,0x0000003bde9d0000] [id=4156]
  0x000001da80eb0320 GCTaskThread "GC Thread#0" [stack: 0x0000003bdc8e0000,0x0000003bdcad0000] [id=20372]
  0x000001da80eab620 GCTaskThread "GC Thread#1" [stack: 0x0000003bdefa0000,0x0000003bdf190000] [id=7312]
  0x000001da80eb10e0 GCTaskThread "GC Thread#2" [stack: 0x0000003bdf190000,0x0000003bdf380000] [id=2556]
  0x000001da80eb05e0 GCTaskThread "GC Thread#3" [stack: 0x0000003bdf380000,0x0000003bdf570000] [id=20868]
  0x000001da80eb13a0 GCTaskThread "GC Thread#4" [stack: 0x0000003bdf570000,0x0000003bdf760000] [id=21488]
  0x000001da80eb4aa0 GCTaskThread "GC Thread#5" [stack: 0x0000003bdedb0000,0x0000003bdefa0000] [id=16032]
  0x000001da80eb6620 GCTaskThread "GC Thread#6" [stack: 0x0000003bdfd30000,0x0000003bdff20000] [id=10516]
  0x000001da80eb4d60 GCTaskThread "GC Thread#7" [stack: 0x0000003bdff20000,0x0000003be0110000] [id=17068]
  0x000001da8113c980 ConcurrentGCThread "G1 Main Marker" [stack: 0x0000003bdcad0000,0x0000003bdccc0000] [id=15036]
  0x000001da80eab360 ConcurrentGCThread "G1 Conc#0" [stack: 0x0000003bdccc0000,0x0000003bdceb0000] [id=19524]
  0x000001da80eb29a0 ConcurrentGCThread "G1 Conc#1" [stack: 0x0000003be0300000,0x0000003be04f0000] [id=18484]
  0x000001da80d26140 ConcurrentGCThread "G1 Refine#0" [stack: 0x0000003bdceb0000,0x0000003bdd0a0000] [id=22168]
  0x000001da80d28a60 ConcurrentGCThread "G1 Refine#1" [stack: 0x0000003be0110000,0x0000003be0300000] [id=12624]
  0x000001da97171c70 ConcurrentGCThread "G1 Refine#2" [stack: 0x0000003be04f0000,0x0000003be06e0000] [id=9484]
  0x000001da81309cc0 ConcurrentGCThread "G1 Service" [stack: 0x0000003bdd0a0000,0x0000003bdd290000] [id=20548]

Threads with active compile tasks:
C2 CompilerThread0    13007 3113       4       scala.collection.TraversableOnce$$Lambda$72/0x000001db0112c720::apply (13 bytes)
C1 CompilerThread0    13007 3125       1       scala.collection.immutable.ListMap$Node::key (5 bytes)
C2 CompilerThread1    13007 3059       4       org.openkoreantext.processor.util.KoreanConjugation$::$anonfun$conjugatePredicated$1 (4900 bytes)

VM state: at safepoint (normal execution)

VM Mutex/Monitor currently owned by a thread:  ([mutex/lock_event])
[0x000001daec780340] Threads_lock - owner thread: 0x000001dafe8b4640
[0x000001daec780610] Heap_lock - owner thread: 0x000001da81219a80

Heap address: 0x00000000c0000000, size: 1024 MB, Compressed Oops mode: 32-bit

CDS archive(s) mapped at: [0x000001db00000000-0x000001db00bd0000-0x000001db00bd0000), size 12386304, SharedBaseAddress: 0x000001db00000000, ArchiveRelocationMode: 1.
Compressed class space mapped at: 0x000001db01000000-0x000001db41000000, reserved size: 1073741824
Narrow klass base: 0x000001db00000000, Narrow klass shift: 0, Narrow klass range: 0x100000000

GC Precious Log:
 CPUs: 8 total, 8 available
 Memory: 7865M
 Large Page Support: Disabled
 NUMA Support: Disabled
 Compressed Oops: Enabled (32-bit)
 Heap Region Size: 1M
 Heap Min Capacity: 8M
 Heap Initial Capacity: 124M
 Heap Max Capacity: 1G
 Pre-touch: Disabled
 Parallel Workers: 8
 Concurrent Workers: 2
 Concurrent Refinement Workers: 8
 Periodic GC: Disabled

Heap:
 garbage-first heap   total 133120K, used 64001K [0x00000000c0000000, 0x0000000100000000)
  region size 1024K, 6 young (6144K), 6 survivors (6144K)
 Metaspace       used 9640K, committed 9920K, reserved 1114112K
  class space    used 1471K, committed 1600K, reserved 1048576K

Heap Regions: E=young(eden), S=young(survivor), O=old, HS=humongous(starts), HC=humongous(continues), CS=collection set, F=free, OA=open archive, CA=closed archive, TAMS=top-at-mark-start (previous, next)
|   0|0x00000000c0000000, 0x00000000c00ffff8, 0x00000000c0100000| 99%| O|  |TAMS 0x00000000c00ffff8, 0x00000000c0000000| Untracked 
|   1|0x00000000c0100000, 0x00000000c01ffff0, 0x00000000c0200000| 99%| O|  |TAMS 0x00000000c01ffff0, 0x00000000c0100000| Untracked 
|   2|0x00000000c0200000, 0x00000000c02ffff8, 0x00000000c0300000| 99%| O|  |TAMS 0x00000000c02ffff8, 0x00000000c0200000| Untracked 
|   3|0x00000000c0300000, 0x00000000c03fffe8, 0x00000000c0400000| 99%| O|  |TAMS 0x00000000c03fffe8, 0x00000000c0300000| Untracked 
|   4|0x00000000c0400000, 0x00000000c04ffff8, 0x00000000c0500000| 99%| O|  |TAMS 0x00000000c04ffff8, 0x00000000c0400000| Untracked 
|   5|0x00000000c0500000, 0x00000000c05ffff0, 0x00000000c0600000| 99%| O|  |TAMS 0x00000000c05ffff0, 0x00000000c0500000| Untracked 
|   6|0x00000000c0600000, 0x00000000c0700000, 0x00000000c0700000|100%| O|  |TAMS 0x00000000c0700000, 0x00000000c0600000| Untracked 
|   7|0x00000000c0700000, 0x00000000c07ffff8, 0x00000000c0800000| 99%| O|  |TAMS 0x00000000c07ffff8, 0x00000000c0700000| Untracked 
|   8|0x00000000c0800000, 0x00000000c08fffe8, 0x00000000c0900000| 99%| O|  |TAMS 0x00000000c08fffe8, 0x00000000c0800000| Untracked 
|   9|0x00000000c0900000, 0x00000000c09ffff8, 0x00000000c0a00000| 99%| O|  |TAMS 0x00000000c09ffff8, 0x00000000c0900000| Untracked 
|  10|0x00000000c0a00000, 0x00000000c0affff0, 0x00000000c0b00000| 99%| O|  |TAMS 0x00000000c0affff0, 0x00000000c0a00000| Untracked 
|  11|0x00000000c0b00000, 0x00000000c0c00000, 0x00000000c0c00000|100%| O|  |TAMS 0x00000000c0c00000, 0x00000000c0b00000| Untracked 
|  12|0x00000000c0c00000, 0x00000000c0cffff8, 0x00000000c0d00000| 99%| O|  |TAMS 0x00000000c0cffff8, 0x00000000c0c00000| Untracked 
|  13|0x00000000c0d00000, 0x00000000c0dffff0, 0x00000000c0e00000| 99%| O|  |TAMS 0x00000000c0dffff0, 0x00000000c0d00000| Untracked 
|  14|0x00000000c0e00000, 0x00000000c0f00000, 0x00000000c0f00000|100%|HS|  |TAMS 0x00000000c0f00000, 0x00000000c0e00000| Untracked 
|  15|0x00000000c0f00000, 0x00000000c1000000, 0x00000000c1000000|100%|HC|  |TAMS 0x00000000c1000000, 0x00000000c0f00000| Untracked 
|  16|0x00000000c1000000, 0x00000000c1100000, 0x00000000c1100000|100%|HS|  |TAMS 0x00000000c1100000, 0x00000000c1000000| Untracked 
|  17|0x00000000c1100000, 0x00000000c1200000, 0x00000000c1200000|100%|HC|  |TAMS 0x00000000c1200000, 0x00000000c1100000| Untracked 
|  18|0x00000000c1200000, 0x00000000c1300000, 0x00000000c1300000|100%| O|  |TAMS 0x00000000c1300000, 0x00000000c1200000| Untracked 
|  19|0x00000000c1300000, 0x00000000c13ffff0, 0x00000000c1400000| 99%| O|  |TAMS 0x00000000c1300000, 0x00000000c1300000| Untracked 
|  20|0x00000000c1400000, 0x00000000c1500000, 0x00000000c1500000|100%|HS|  |TAMS 0x00000000c1500000, 0x00000000c1400000| Untracked 
|  21|0x00000000c1500000, 0x00000000c15ffff8, 0x00000000c1600000| 99%| O|  |TAMS 0x00000000c15ffff8, 0x00000000c1500000| Untracked 
|  22|0x00000000c1600000, 0x00000000c16ffff8, 0x00000000c1700000| 99%| O|  |TAMS 0x00000000c1600000, 0x00000000c1600000| Untracked 
|  23|0x00000000c1700000, 0x00000000c1800000, 0x00000000c1800000|100%|HS|  |TAMS 0x00000000c1800000, 0x00000000c1700000| Untracked 
|  24|0x00000000c1800000, 0x00000000c1900000, 0x00000000c1900000|100%|HS|  |TAMS 0x00000000c1900000, 0x00000000c1800000| Untracked 
|  25|0x00000000c1900000, 0x00000000c19ffff8, 0x00000000c1a00000| 99%| O|  |TAMS 0x00000000c1900000, 0x00000000c1900000| Untracked 
|  26|0x00000000c1a00000, 0x00000000c1b00000, 0x00000000c1b00000|100%| O|  |TAMS 0x00000000c1b00000, 0x00000000c1a00000| Untracked 
|  27|0x00000000c1b00000, 0x00000000c1bffff8, 0x00000000c1c00000| 99%| O|  |TAMS 0x00000000c1b00000, 0x00000000c1b00000| Untracked 
|  28|0x00000000c1c00000, 0x00000000c1d00000, 0x00000000c1d00000|100%| O|  |TAMS 0x00000000c1d00000, 0x00000000c1c00000| Untracked 
|  29|0x00000000c1d00000, 0x00000000c1e00000, 0x00000000c1e00000|100%|HS|  |TAMS 0x00000000c1e00000, 0x00000000c1d00000| Untracked 
|  30|0x00000000c1e00000, 0x00000000c1f00000, 0x00000000c1f00000|100%|HC|  |TAMS 0x00000000c1f00000, 0x00000000c1e00000| Untracked 
|  31|0x00000000c1f00000, 0x00000000c2000000, 0x00000000c2000000|100%| O|  |TAMS 0x00000000c2000000, 0x00000000c1f00000| Untracked 
|  32|0x00000000c2000000, 0x00000000c2100000, 0x00000000c2100000|100%| O|  |TAMS 0x00000000c2100000, 0x00000000c2000000| Untracked 
|  33|0x00000000c2100000, 0x00000000c2200000, 0x00000000c2200000|100%| O|  |TAMS 0x00000000c2200000, 0x00000000c2100000| Untracked 
|  34|0x00000000c2200000, 0x00000000c2300000, 0x00000000c2300000|100%|HS|  |TAMS 0x00000000c2300000, 0x00000000c2200000| Untracked 
|  35|0x00000000c2300000, 0x00000000c2400000, 0x00000000c2400000|100%|HC|  |TAMS 0x00000000c2400000, 0x00000000c2300000| Untracked 
|  36|0x00000000c2400000, 0x00000000c24f0bc8, 0x00000000c2500000| 94%| O|  |TAMS 0x00000000c2400000, 0x00000000c2400000| Untracked 
|  37|0x00000000c2500000, 0x00000000c2600000, 0x00000000c2600000|100%| O|  |TAMS 0x00000000c2500000, 0x00000000c2500000| Untracked 
|  38|0x00000000c2600000, 0x00000000c2700000, 0x00000000c2700000|100%| O|  |TAMS 0x00000000c2700000, 0x00000000c2600000| Untracked 
|  39|0x00000000c2700000, 0x00000000c2800000, 0x00000000c2800000|100%| O|  |TAMS 0x00000000c2700000, 0x00000000c2700000| Untracked 
|  40|0x00000000c2800000, 0x00000000c2900000, 0x00000000c2900000|100%|HS|  |TAMS 0x00000000c2900000, 0x00000000c2800000| Untracked 
|  41|0x00000000c2900000, 0x00000000c2a00000, 0x00000000c2a00000|100%|HC|  |TAMS 0x00000000c2a00000, 0x00000000c2900000| Untracked 
|  42|0x00000000c2a00000, 0x00000000c2b00000, 0x00000000c2b00000|100%|HS|  |TAMS 0x00000000c2b00000, 0x00000000c2a00000| Untracked 
|  43|0x00000000c2b00000, 0x00000000c2c00000, 0x00000000c2c00000|100%|HC|  |TAMS 0x00000000c2c00000, 0x00000000c2b00000| Untracked 
|  44|0x00000000c2c00000, 0x00000000c2c0d2a0, 0x00000000c2d00000|  5%| O|  |TAMS 0x00000000c2c00000, 0x00000000c2c00000| Untracked 
|  45|0x00000000c2d00000, 0x00000000c2dc39c8, 0x00000000c2e00000| 76%| O|  |TAMS 0x00000000c2d00000, 0x00000000c2d00000| Untracked 
|  46|0x00000000c2e00000, 0x00000000c2f00000, 0x00000000c2f00000|100%| O|  |TAMS 0x00000000c2e00000, 0x00000000c2e00000| Untracked 
|  47|0x00000000c2f00000, 0x00000000c3000000, 0x00000000c3000000|100%| O|  |TAMS 0x00000000c2f00000, 0x00000000c2f00000| Untracked 
|  48|0x00000000c3000000, 0x00000000c3100000, 0x00000000c3100000|100%| O|  |TAMS 0x00000000c3000000, 0x00000000c3000000| Untracked 
|  49|0x00000000c3100000, 0x00000000c31fba00, 0x00000000c3200000| 98%| O|  |TAMS 0x00000000c3100000, 0x00000000c3100000| Untracked 
|  50|0x00000000c3200000, 0x00000000c3200000, 0x00000000c3300000|  0%| F|  |TAMS 0x00000000c3200000, 0x00000000c3200000| Untracked 
|  51|0x00000000c3300000, 0x00000000c3300000, 0x00000000c3400000|  0%| F|  |TAMS 0x00000000c3300000, 0x00000000c3300000| Untracked 
|  52|0x00000000c3400000, 0x00000000c3400000, 0x00000000c3500000|  0%| F|  |TAMS 0x00000000c3400000, 0x00000000c3400000| Untracked 
|  53|0x00000000c3500000, 0x00000000c3500000, 0x00000000c3600000|  0%| F|  |TAMS 0x00000000c3500000, 0x00000000c3500000| Untracked 
|  54|0x00000000c3600000, 0x00000000c3600000, 0x00000000c3700000|  0%| F|  |TAMS 0x00000000c3600000, 0x00000000c3600000| Untracked 
|  55|0x00000000c3700000, 0x00000000c3700000, 0x00000000c3800000|  0%| F|  |TAMS 0x00000000c3700000, 0x00000000c3700000| Untracked 
|  56|0x00000000c3800000, 0x00000000c3800000, 0x00000000c3900000|  0%| F|  |TAMS 0x00000000c3800000, 0x00000000c3800000| Untracked 
|  57|0x00000000c3900000, 0x00000000c3900000, 0x00000000c3a00000|  0%| F|  |TAMS 0x00000000c3900000, 0x00000000c3900000| Untracked 
|  58|0x00000000c3a00000, 0x00000000c3a00000, 0x00000000c3b00000|  0%| F|  |TAMS 0x00000000c3a00000, 0x00000000c3a00000| Untracked 
|  59|0x00000000c3b00000, 0x00000000c3b00000, 0x00000000c3c00000|  0%| F|  |TAMS 0x00000000c3b00000, 0x00000000c3b00000| Untracked 
|  60|0x00000000c3c00000, 0x00000000c3c00000, 0x00000000c3d00000|  0%| F|  |TAMS 0x00000000c3c00000, 0x00000000c3c00000| Untracked 
|  61|0x00000000c3d00000, 0x00000000c3d00000, 0x00000000c3e00000|  0%| F|  |TAMS 0x00000000c3d00000, 0x00000000c3d00000| Untracked 
|  62|0x00000000c3e00000, 0x00000000c3f00000, 0x00000000c3f00000|100%| O|  |TAMS 0x00000000c3f00000, 0x00000000c3e00000| Untracked 
|  63|0x00000000c3f00000, 0x00000000c4000000, 0x00000000c4000000|100%| O|  |TAMS 0x00000000c4000000, 0x00000000c3f00000| Untracked 
|  64|0x00000000c4000000, 0x00000000c4000000, 0x00000000c4100000|  0%| F|  |TAMS 0x00000000c4000000, 0x00000000c4000000| Untracked 
|  65|0x00000000c4100000, 0x00000000c4100000, 0x00000000c4200000|  0%| F|  |TAMS 0x00000000c4100000, 0x00000000c4100000| Untracked 
|  66|0x00000000c4200000, 0x00000000c4200000, 0x00000000c4300000|  0%| F|  |TAMS 0x00000000c4200000, 0x00000000c4200000| Untracked 
|  67|0x00000000c4300000, 0x00000000c4300000, 0x00000000c4400000|  0%| F|  |TAMS 0x00000000c4300000, 0x00000000c4300000| Untracked 
|  68|0x00000000c4400000, 0x00000000c4400000, 0x00000000c4500000|  0%| F|  |TAMS 0x00000000c4400000, 0x00000000c4400000| Untracked 
|  69|0x00000000c4500000, 0x00000000c4500000, 0x00000000c4600000|  0%| F|  |TAMS 0x00000000c4500000, 0x00000000c4500000| Untracked 
|  70|0x00000000c4600000, 0x00000000c46ca920, 0x00000000c4700000| 79%| S|CS|TAMS 0x00000000c4600000, 0x00000000c4600000| Complete 
|  71|0x00000000c4700000, 0x00000000c4800000, 0x00000000c4800000|100%| S|CS|TAMS 0x00000000c4700000, 0x00000000c4700000| Complete 
|  72|0x00000000c4800000, 0x00000000c4800000, 0x00000000c4900000|  0%| F|  |TAMS 0x00000000c4800000, 0x00000000c4800000| Untracked 
|  73|0x00000000c4900000, 0x00000000c4900000, 0x00000000c4a00000|  0%| F|  |TAMS 0x00000000c4900000, 0x00000000c4900000| Untracked 
|  74|0x00000000c4a00000, 0x00000000c4a00000, 0x00000000c4b00000|  0%| F|  |TAMS 0x00000000c4a00000, 0x00000000c4a00000| Untracked 
|  75|0x00000000c4b00000, 0x00000000c4b00000, 0x00000000c4c00000|  0%| F|  |TAMS 0x00000000c4b00000, 0x00000000c4b00000| Untracked 
|  76|0x00000000c4c00000, 0x00000000c4d00000, 0x00000000c4d00000|100%| O|  |TAMS 0x00000000c4d00000, 0x00000000c4c00000| Untracked 
|  77|0x00000000c4d00000, 0x00000000c4e00000, 0x00000000c4e00000|100%| O|  |TAMS 0x00000000c4e00000, 0x00000000c4d00000| Untracked 
|  78|0x00000000c4e00000, 0x00000000c4f00000, 0x00000000c4f00000|100%| O|  |TAMS 0x00000000c4f00000, 0x00000000c4e00000| Untracked 
|  79|0x00000000c4f00000, 0x00000000c5000000, 0x00000000c5000000|100%| O|  |TAMS 0x00000000c5000000, 0x00000000c4f00000| Untracked 
|  80|0x00000000c5000000, 0x00000000c5100000, 0x00000000c5100000|100%| O|  |TAMS 0x00000000c5100000, 0x00000000c5000000| Untracked 
|  81|0x00000000c5100000, 0x00000000c5100000, 0x00000000c5200000|  0%| F|  |TAMS 0x00000000c5100000, 0x00000000c5100000| Untracked 
|  82|0x00000000c5200000, 0x00000000c5200000, 0x00000000c5300000|  0%| F|  |TAMS 0x00000000c5200000, 0x00000000c5200000| Untracked 
|  83|0x00000000c5300000, 0x00000000c5400000, 0x00000000c5400000|100%| S|CS|TAMS 0x00000000c5300000, 0x00000000c5300000| Complete 
|  84|0x00000000c5400000, 0x00000000c5500000, 0x00000000c5500000|100%| S|CS|TAMS 0x00000000c5400000, 0x00000000c5400000| Complete 
|  85|0x00000000c5500000, 0x00000000c5600000, 0x00000000c5600000|100%| S|CS|TAMS 0x00000000c5500000, 0x00000000c5500000| Complete 
|  86|0x00000000c5600000, 0x00000000c5700000, 0x00000000c5700000|100%| S|CS|TAMS 0x00000000c5600000, 0x00000000c5600000| Complete 
|  87|0x00000000c5700000, 0x00000000c5700000, 0x00000000c5800000|  0%| F|  |TAMS 0x00000000c5700000, 0x00000000c5700000| Untracked 
|  88|0x00000000c5800000, 0x00000000c5800000, 0x00000000c5900000|  0%| F|  |TAMS 0x00000000c5800000, 0x00000000c5800000| Untracked 
|  89|0x00000000c5900000, 0x00000000c5900000, 0x00000000c5a00000|  0%| F|  |TAMS 0x00000000c5900000, 0x00000000c5900000| Untracked 
|  90|0x00000000c5a00000, 0x00000000c5a00000, 0x00000000c5b00000|  0%| F|  |TAMS 0x00000000c5a00000, 0x00000000c5a00000| Untracked 
|  91|0x00000000c5b00000, 0x00000000c5b00000, 0x00000000c5c00000|  0%| F|  |TAMS 0x00000000c5b00000, 0x00000000c5b00000| Untracked 
|  92|0x00000000c5c00000, 0x00000000c5c00000, 0x00000000c5d00000|  0%| F|  |TAMS 0x00000000c5c00000, 0x00000000c5c00000| Untracked 
|  93|0x00000000c5d00000, 0x00000000c5d00000, 0x00000000c5e00000|  0%| F|  |TAMS 0x00000000c5d00000, 0x00000000c5d00000| Untracked 
|  94|0x00000000c5e00000, 0x00000000c5e00000, 0x00000000c5f00000|  0%| F|  |TAMS 0x00000000c5e00000, 0x00000000c5e00000| Untracked 
|  95|0x00000000c5f00000, 0x00000000c5f00000, 0x00000000c6000000|  0%| F|  |TAMS 0x00000000c5f00000, 0x00000000c5f00000| Untracked 
|  96|0x00000000c6000000, 0x00000000c6000000, 0x00000000c6100000|  0%| F|  |TAMS 0x00000000c6000000, 0x00000000c6000000| Untracked 
|  97|0x00000000c6100000, 0x00000000c6100000, 0x00000000c6200000|  0%| F|  |TAMS 0x00000000c6100000, 0x00000000c6100000| Untracked 
|  98|0x00000000c6200000, 0x00000000c6200000, 0x00000000c6300000|  0%| F|  |TAMS 0x00000000c6200000, 0x00000000c6200000| Untracked 
|  99|0x00000000c6300000, 0x00000000c6300000, 0x00000000c6400000|  0%| F|  |TAMS 0x00000000c6300000, 0x00000000c6300000| Untracked 
| 100|0x00000000c6400000, 0x00000000c6400000, 0x00000000c6500000|  0%| F|  |TAMS 0x00000000c6400000, 0x00000000c6400000| Untracked 
| 101|0x00000000c6500000, 0x00000000c6500000, 0x00000000c6600000|  0%| F|  |TAMS 0x00000000c6500000, 0x00000000c6500000| Untracked 
| 102|0x00000000c6600000, 0x00000000c6600000, 0x00000000c6700000|  0%| F|  |TAMS 0x00000000c6600000, 0x00000000c6600000| Untracked 
| 103|0x00000000c6700000, 0x00000000c6700000, 0x00000000c6800000|  0%| F|  |TAMS 0x00000000c6700000, 0x00000000c6700000| Untracked 
| 104|0x00000000c6800000, 0x00000000c6800000, 0x00000000c6900000|  0%| F|  |TAMS 0x00000000c6800000, 0x00000000c6800000| Untracked 
| 105|0x00000000c6900000, 0x00000000c6900000, 0x00000000c6a00000|  0%| F|  |TAMS 0x00000000c6900000, 0x00000000c6900000| Untracked 
| 106|0x00000000c6a00000, 0x00000000c6a00000, 0x00000000c6b00000|  0%| F|  |TAMS 0x00000000c6a00000, 0x00000000c6a00000| Untracked 
| 107|0x00000000c6b00000, 0x00000000c6b00000, 0x00000000c6c00000|  0%| F|  |TAMS 0x00000000c6b00000, 0x00000000c6b00000| Untracked 
| 108|0x00000000c6c00000, 0x00000000c6c00000, 0x00000000c6d00000|  0%| F|  |TAMS 0x00000000c6c00000, 0x00000000c6c00000| Untracked 
| 109|0x00000000c6d00000, 0x00000000c6d00000, 0x00000000c6e00000|  0%| F|  |TAMS 0x00000000c6d00000, 0x00000000c6d00000| Untracked 
| 110|0x00000000c6e00000, 0x00000000c6e00000, 0x00000000c6f00000|  0%| F|  |TAMS 0x00000000c6e00000, 0x00000000c6e00000| Untracked 
| 111|0x00000000c6f00000, 0x00000000c6f00000, 0x00000000c7000000|  0%| F|  |TAMS 0x00000000c6f00000, 0x00000000c6f00000| Untracked 
| 112|0x00000000c7000000, 0x00000000c7000000, 0x00000000c7100000|  0%| F|  |TAMS 0x00000000c7000000, 0x00000000c7000000| Untracked 
| 113|0x00000000c7100000, 0x00000000c7100000, 0x00000000c7200000|  0%| F|  |TAMS 0x00000000c7100000, 0x00000000c7100000| Untracked 
| 114|0x00000000c7200000, 0x00000000c7200000, 0x00000000c7300000|  0%| F|  |TAMS 0x00000000c7200000, 0x00000000c7200000| Untracked 
| 115|0x00000000c7300000, 0x00000000c7300000, 0x00000000c7400000|  0%| F|  |TAMS 0x00000000c7300000, 0x00000000c7300000| Untracked 
| 116|0x00000000c7400000, 0x00000000c7400000, 0x00000000c7500000|  0%| F|  |TAMS 0x00000000c7400000, 0x00000000c7400000| Untracked 
| 117|0x00000000c7500000, 0x00000000c7500000, 0x00000000c7600000|  0%| F|  |TAMS 0x00000000c7500000, 0x00000000c7500000| Untracked 
| 118|0x00000000c7600000, 0x00000000c7600000, 0x00000000c7700000|  0%| F|  |TAMS 0x00000000c7600000, 0x00000000c7600000| Untracked 
| 119|0x00000000c7700000, 0x00000000c7700000, 0x00000000c7800000|  0%| F|  |TAMS 0x00000000c7700000, 0x00000000c7700000| Untracked 
| 120|0x00000000c7800000, 0x00000000c7800000, 0x00000000c7900000|  0%| F|  |TAMS 0x00000000c7800000, 0x00000000c7800000| Untracked 
| 121|0x00000000c7900000, 0x00000000c7900000, 0x00000000c7a00000|  0%| F|  |TAMS 0x00000000c7900000, 0x00000000c7900000| Untracked 
| 122|0x00000000c7a00000, 0x00000000c7a00000, 0x00000000c7b00000|  0%| F|  |TAMS 0x00000000c7a00000, 0x00000000c7a00000| Untracked 
| 123|0x00000000c7b00000, 0x00000000c7b00000, 0x00000000c7c00000|  0%| F|  |TAMS 0x00000000c7b00000, 0x00000000c7b00000| Untracked 
| 124|0x00000000c7c00000, 0x00000000c7cf8ab0, 0x00000000c7d00000| 97%| O|  |TAMS 0x00000000c7cf8ab0, 0x00000000c7c00000| Untracked 
| 125|0x00000000c7d00000, 0x00000000c7d00000, 0x00000000c7e00000|  0%| F|  |TAMS 0x00000000c7d00000, 0x00000000c7d00000| Untracked 
| 126|0x00000000c7e00000, 0x00000000c7e00000, 0x00000000c7f00000|  0%| F|  |TAMS 0x00000000c7e00000, 0x00000000c7e00000| Untracked 
| 127|0x00000000c7f00000, 0x00000000c7f00000, 0x00000000c8000000|  0%| F|  |TAMS 0x00000000c7f00000, 0x00000000c7f00000| Untracked 
| 128|0x00000000c8000000, 0x00000000c8000000, 0x00000000c8100000|  0%| F|  |TAMS 0x00000000c8000000, 0x00000000c8000000| Untracked 
| 129|0x00000000c8100000, 0x00000000c8100000, 0x00000000c8200000|  0%| F|  |TAMS 0x00000000c8100000, 0x00000000c8100000| Untracked 

Card table byte_map: [0x000001da8c480000,0x000001da8c680000] _byte_map_base: 0x000001da8be80000

Marking Bits (Prev, Next): (CMBitMap*) 0x000001da80f4f690, (CMBitMap*) 0x000001da80f4f650
 Prev Bits: [0x000001da8d880000, 0x000001da8e880000)
 Next Bits: [0x000001da8c880000, 0x000001da8d880000)

Polling page: 0x000001da8b7f0000

Metaspace:

Usage:
  Non-class:      7.98 MB used.
      Class:      1.44 MB used.
       Both:      9.41 MB used.

Virtual space:
  Non-class space:       64.00 MB reserved,       8.12 MB ( 13%) committed,  1 nodes.
      Class space:        1.00 GB reserved,       1.56 MB ( <1%) committed,  1 nodes.
             Both:        1.06 GB reserved,       9.69 MB ( <1%) committed. 

Chunk freelists:
   Non-Class:  6.48 MB
       Class:  14.47 MB
        Both:  20.95 MB

MaxMetaspaceSize: unlimited
CompressedClassSpaceSize: 1.00 GB
Initial GC threshold: 21.00 MB
Current GC threshold: 21.00 MB
CDS: on
MetaspaceReclaimPolicy: balanced
 - commit_granule_bytes: 65536.
 - commit_granule_words: 8192.
 - virtual_space_node_default_size: 8388608.
 - enlarge_chunks_in_place: 1.
 - new_chunks_are_fully_committed: 0.
 - uncommit_free_chunks: 1.
 - use_allocation_guard: 0.
 - handle_deallocations: 1.


Internal statistics:

num_allocs_failed_limit: 0.
num_arena_births: 102.
num_arena_deaths: 0.
num_vsnodes_births: 2.
num_vsnodes_deaths: 0.
num_space_committed: 155.
num_space_uncommitted: 0.
num_chunks_returned_to_freelist: 0.
num_chunks_taken_from_freelist: 370.
num_chunk_merges: 0.
num_chunk_splits: 280.
num_chunks_enlarged: 240.
num_inconsistent_stats: 0.

CodeHeap 'non-profiled nmethods': size=120000Kb used=1675Kb max_used=1675Kb free=118324Kb
 bounds [0x000001dab6600000, 0x000001dab6870000, 0x000001dabdb30000]
CodeHeap 'profiled nmethods': size=120000Kb used=5283Kb max_used=5283Kb free=114717Kb
 bounds [0x000001daaeb30000, 0x000001daaf060000, 0x000001dab6060000]
CodeHeap 'non-nmethods': size=5760Kb used=1162Kb max_used=1204Kb free=4597Kb
 bounds [0x000001dab6060000, 0x000001dab62d0000, 0x000001dab6600000]
 total_blobs=3544 nmethods=3109 adapters=347
 compilation: enabled
              stopped_count=0, restarted_count=0
 full_count=0

Compilation events (20 events):
Event: 11.510 Thread 0x000001da80f67790 nmethod 3116 0x000001dab67a0390 code [0x000001dab67a0520, 0x000001dab67a05f8]
Event: 11.520 Thread 0x000001da80f68780 nmethod 3110 0x000001dab67a0690 code [0x000001dab67a0860, 0x000001dab67a14f8]
Event: 11.520 Thread 0x000001da80f68780 3111       4       scala.collection.immutable.HashMap::$plus (6 bytes)
Event: 11.522 Thread 0x000001da80f67790 3118       1       scala.collection.immutable.ListMap::isEmpty (2 bytes)
Event: 11.522 Thread 0x000001da80f67790 nmethod 3118 0x000001dab67a1b90 code [0x000001dab67a1d20, 0x000001dab67a1df8]
Event: 11.535 Thread 0x000001da80f67790 3120       3       scala.collection.immutable.ListMap$Node::next (5 bytes)
Event: 11.535 Thread 0x000001da80f67790 nmethod 3120 0x000001daaf057c10 code [0x000001daaf057da0, 0x000001daaf057ed8]
Event: 11.542 Thread 0x000001da80f67790 3121       3       java.lang.invoke.TypeConvertingMethodAdapter::<init> (8 bytes)
Event: 11.543 Thread 0x000001da80f67790 nmethod 3121 0x000001daaf057f90 code [0x000001daaf058120, 0x000001daaf058268]
Event: 11.543 Thread 0x000001da80f67790 3122       3       jdk.internal.org.objectweb.asm.MethodVisitor::visitCode (15 bytes)
Event: 11.543 Thread 0x000001da80f67790 nmethod 3122 0x000001daaf058310 code [0x000001daaf0584c0, 0x000001daaf0586c8]
Event: 11.543 Thread 0x000001da80f67790 3123       3       jdk.internal.org.objectweb.asm.MethodVisitor::visitMaxs (17 bytes)
Event: 11.544 Thread 0x000001da80f67790 nmethod 3123 0x000001daaf058790 code [0x000001daaf058940, 0x000001daaf058b48]
Event: 11.546 Thread 0x000001da80f67790 3124       1       scala.collection.immutable.HashMap$HashMapCollision1::kvs (5 bytes)
Event: 11.546 Thread 0x000001da80f68780 nmethod 3111 0x000001dab67a1e90 code [0x000001dab67a2040, 0x000001dab67a2508]
Event: 11.546 Thread 0x000001da80f68780 3106       4       scala.Predef$$anon$1::apply (2 bytes)
Event: 11.546 Thread 0x000001da80f67790 nmethod 3124 0x000001dab67a2890 code [0x000001dab67a2a20, 0x000001dab67a2af8]
Event: 11.547 Thread 0x000001da80f68780 nmethod 3106 0x000001dab67a2b90 code [0x000001dab67a2d00, 0x000001dab67a2d78]
Event: 11.547 Thread 0x000001da80f68780 3113       4       scala.collection.TraversableOnce$$Lambda$72/0x000001db0112c720::apply (13 bytes)
Event: 11.554 Thread 0x000001da80f67790 3125       1       scala.collection.immutable.ListMap$Node::key (5 bytes)

GC Heap History (20 events):
Event: 8.968 GC heap after
{Heap after GC invocations=24 (full 7):
 garbage-first heap   total 78848K, used 25841K [0x00000000c0000000, 0x0000000100000000)
  region size 1024K, 0 young (0K), 0 survivors (0K)
 Metaspace       used 7919K, committed 8192K, reserved 1114112K
  class space    used 1201K, committed 1344K, reserved 1048576K
}
Event: 9.079 GC heap before
{Heap before GC invocations=24 (full 7):
 garbage-first heap   total 78848K, used 57585K [0x00000000c0000000, 0x0000000100000000)
  region size 1024K, 31 young (31744K), 0 survivors (0K)
 Metaspace       used 7919K, committed 8192K, reserved 1114112K
  class space    used 1201K, committed 1344K, reserved 1048576K
}
Event: 9.095 GC heap after
{Heap after GC invocations=25 (full 7):
 garbage-first heap   total 78848K, used 29487K [0x00000000c0000000, 0x0000000100000000)
  region size 1024K, 4 young (4096K), 4 survivors (4096K)
 Metaspace       used 7919K, committed 8192K, reserved 1114112K
  class space    used 1201K, committed 1344K, reserved 1048576K
}
Event: 9.208 GC heap before
{Heap before GC invocations=25 (full 7):
 garbage-first heap   total 78848K, used 59183K [0x00000000c0000000, 0x0000000100000000)
  region size 1024K, 33 young (33792K), 4 survivors (4096K)
 Metaspace       used 7919K, committed 8192K, reserved 1114112K
  class space    used 1201K, committed 1344K, reserved 1048576K
}
Event: 9.236 GC heap after
{Heap after GC invocations=26 (full 7):
 garbage-first heap   total 78848K, used 31747K [0x00000000c0000000, 0x0000000100000000)
  region size 1024K, 4 young (4096K), 4 survivors (4096K)
 Metaspace       used 7919K, committed 8192K, reserved 1114112K
  class space    used 1201K, committed 1344K, reserved 1048576K
}
Event: 9.344 GC heap before
{Heap before GC invocations=26 (full 7):
 garbage-first heap   total 78848K, used 48131K [0x00000000c0000000, 0x0000000100000000)
  region size 1024K, 17 young (17408K), 4 survivors (4096K)
 Metaspace       used 7919K, committed 8192K, reserved 1114112K
  class space    used 1201K, committed 1344K, reserved 1048576K
}
Event: 9.377 GC heap after
{Heap after GC invocations=27 (full 7):
 garbage-first heap   total 236544K, used 39433K [0x00000000c0000000, 0x0000000100000000)
  region size 1024K, 4 young (4096K), 4 survivors (4096K)
 Metaspace       used 7919K, committed 8192K, reserved 1114112K
  class space    used 1201K, committed 1344K, reserved 1048576K
}
Event: 9.391 GC heap before
{Heap before GC invocations=27 (full 7):
 garbage-first heap   total 236544K, used 41481K [0x00000000c0000000, 0x0000000100000000)
  region size 1024K, 4 young (4096K), 4 survivors (4096K)
 Metaspace       used 7919K, committed 8192K, reserved 1114112K
  class space    used 1201K, committed 1344K, reserved 1048576K
}
Event: 9.444 GC heap after
{Heap after GC invocations=28 (full 8):
 garbage-first heap   total 140288K, used 40212K [0x00000000c0000000, 0x0000000100000000)
  region size 1024K, 0 young (0K), 0 survivors (0K)
 Metaspace       used 7919K, committed 8192K, reserved 1114112K
  class space    used 1201K, committed 1344K, reserved 1048576K
}
Event: 9.620 GC heap before
{Heap before GC invocations=28 (full 8):
 garbage-first heap   total 140288K, used 59668K [0x00000000c0000000, 0x0000000100000000)
  region size 1024K, 14 young (14336K), 0 survivors (0K)
 Metaspace       used 7920K, committed 8192K, reserved 1114112K
  class space    used 1201K, committed 1344K, reserved 1048576K
}
Event: 9.681 GC heap after
{Heap after GC invocations=29 (full 9):
 garbage-first heap   total 133120K, used 38392K [0x00000000c0000000, 0x0000000100000000)
  region size 1024K, 0 young (0K), 0 survivors (0K)
 Metaspace       used 7920K, committed 8192K, reserved 1114112K
  class space    used 1201K, committed 1344K, reserved 1048576K
}
Event: 10.855 GC heap before
{Heap before GC invocations=29 (full 9):
 garbage-first heap   total 133120K, used 100856K [0x00000000c0000000, 0x0000000100000000)
  region size 1024K, 60 young (61440K), 0 survivors (0K)
 Metaspace       used 9563K, committed 9792K, reserved 1114112K
  class space    used 1432K, committed 1536K, reserved 1048576K
}
Event: 10.890 GC heap after
{Heap after GC invocations=30 (full 9):
 garbage-first heap   total 133120K, used 48800K [0x00000000c0000000, 0x0000000100000000)
  region size 1024K, 8 young (8192K), 8 survivors (8192K)
 Metaspace       used 9563K, committed 9792K, reserved 1114112K
  class space    used 1432K, committed 1536K, reserved 1048576K
}
Event: 11.055 GC heap before
{Heap before GC invocations=30 (full 9):
 garbage-first heap   total 133120K, used 95904K [0x00000000c0000000, 0x0000000100000000)
  region size 1024K, 54 young (55296K), 8 survivors (8192K)
 Metaspace       used 9582K, committed 9792K, reserved 1114112K
  class space    used 1432K, committed 1536K, reserved 1048576K
}
Event: 11.083 GC heap after
{Heap after GC invocations=31 (full 9):
 garbage-first heap   total 133120K, used 55018K [0x00000000c0000000, 0x0000000100000000)
  region size 1024K, 6 young (6144K), 6 survivors (6144K)
 Metaspace       used 9582K, committed 9792K, reserved 1114112K
  class space    used 1432K, committed 1536K, reserved 1048576K
}
Event: 11.083 GC heap before
{Heap before GC invocations=31 (full 9):
 garbage-first heap   total 133120K, used 55018K [0x00000000c0000000, 0x0000000100000000)
  region size 1024K, 7 young (7168K), 6 survivors (6144K)
 Metaspace       used 9582K, committed 9792K, reserved 1114112K
  class space    used 1432K, committed 1536K, reserved 1048576K
}
Event: 11.185 GC heap after
{Heap after GC invocations=32 (full 10):
 garbage-first heap   total 133120K, used 51944K [0x00000000c0000000, 0x0000000100000000)
  region size 1024K, 0 young (0K), 0 survivors (0K)
 Metaspace       used 9582K, committed 9792K, reserved 1114112K
  class space    used 1432K, committed 1536K, reserved 1048576K
}
Event: 11.333 GC heap before
{Heap before GC invocations=32 (full 10):
 garbage-first heap   total 133120K, used 99048K [0x00000000c0000000, 0x0000000100000000)
  region size 1024K, 46 young (47104K), 0 survivors (0K)
 Metaspace       used 9582K, committed 9792K, reserved 1114112K
  class space    used 1432K, committed 1536K, reserved 1048576K
}
Event: 11.353 GC heap after
{Heap after GC invocations=33 (full 10):
 garbage-first heap   total 133120K, used 58511K [0x00000000c0000000, 0x0000000100000000)
  region size 1024K, 6 young (6144K), 6 survivors (6144K)
 Metaspace       used 9582K, committed 9792K, reserved 1114112K
  class space    used 1432K, committed 1536K, reserved 1048576K
}
Event: 11.555 GC heap before
{Heap before GC invocations=33 (full 10):
 garbage-first heap   total 133120K, used 101519K [0x00000000c0000000, 0x0000000100000000)
  region size 1024K, 48 young (49152K), 6 survivors (6144K)
 Metaspace       used 9640K, committed 9920K, reserved 1114112K
  class space    used 1471K, committed 1600K, reserved 1048576K
}

Dll operation events (8 events):
Event: 0.030 Loaded shared library C:\Program Files\Eclipse Adoptium\jdk-17.0.8.101-hotspot\bin\java.dll
Event: 0.083 Loaded shared library C:\Program Files\Eclipse Adoptium\jdk-17.0.8.101-hotspot\bin\jsvml.dll
Event: 0.260 Loaded shared library C:\Program Files\Eclipse Adoptium\jdk-17.0.8.101-hotspot\bin\net.dll
Event: 0.266 Loaded shared library C:\Program Files\Eclipse Adoptium\jdk-17.0.8.101-hotspot\bin\nio.dll
Event: 0.276 Loaded shared library C:\Program Files\Eclipse Adoptium\jdk-17.0.8.101-hotspot\bin\zip.dll
Event: 0.410 Loaded shared library C:\ICARE\I-CARE-AI\main\venv\Lib\site-packages\_jpype.cp311-win_amd64.pyd
Event: 1.028 Loaded shared library C:\Program Files\Eclipse Adoptium\jdk-17.0.8.101-hotspot\bin\jimage.dll
Event: 6.359 Loaded shared library C:\Program Files\Eclipse Adoptium\jdk-17.0.8.101-hotspot\bin\verify.dll

Deoptimization events (20 events):
Event: 10.850 Thread 0x000001da81219a80 Uncommon trap: trap_request=0xffffffbe fr.pc=0x000001dab6720108 relative=0x0000000000002888
Event: 10.850 Thread 0x000001da81219a80 Uncommon trap: reason=profile_predicate action=maybe_recompile pc=0x000001dab6720108 method=scala.collection.IndexedSeqOptimized.foreach(Lscala/Function1;)V @ 11 c2
Event: 10.850 Thread 0x000001da81219a80 DEOPT PACKING pc=0x000001dab6720108 sp=0x0000003bdfd2c5e0
Event: 10.850 Thread 0x000001da81219a80 DEOPT UNPACKING pc=0x000001dab60ba1a3 sp=0x0000003bdfd2c338 mode 2
Event: 10.850 Thread 0x000001da81219a80 Uncommon trap: trap_request=0xffffffde fr.pc=0x000001dab66e7734 relative=0x0000000000001474
Event: 10.850 Thread 0x000001da81219a80 Uncommon trap: reason=class_check action=maybe_recompile pc=0x000001dab66e7734 method=scala.runtime.BoxesRunTime.equals2(Ljava/lang/Object;Ljava/lang/Object;)Z @ 48 c2
Event: 10.850 Thread 0x000001da81219a80 DEOPT PACKING pc=0x000001dab66e7734 sp=0x0000003bdfd2c6b0
Event: 10.850 Thread 0x000001da81219a80 DEOPT UNPACKING pc=0x000001dab60ba1a3 sp=0x0000003bdfd2c5b8 mode 2
Event: 10.989 Thread 0x000001da81219a80 Uncommon trap: trap_request=0xffffffbe fr.pc=0x000001dab6720108 relative=0x0000000000002888
Event: 10.989 Thread 0x000001da81219a80 Uncommon trap: reason=profile_predicate action=maybe_recompile pc=0x000001dab6720108 method=scala.collection.IndexedSeqOptimized.foreach(Lscala/Function1;)V @ 11 c2
Event: 10.989 Thread 0x000001da81219a80 DEOPT PACKING pc=0x000001dab6720108 sp=0x0000003bdfd2c620
Event: 10.990 Thread 0x000001da81219a80 DEOPT UNPACKING pc=0x000001dab60ba1a3 sp=0x0000003bdfd2c378 mode 2
Event: 11.011 Thread 0x000001da81219a80 Uncommon trap: trap_request=0xffffffbe fr.pc=0x000001dab6720108 relative=0x0000000000002888
Event: 11.011 Thread 0x000001da81219a80 Uncommon trap: reason=profile_predicate action=maybe_recompile pc=0x000001dab6720108 method=scala.collection.IndexedSeqOptimized.foreach(Lscala/Function1;)V @ 11 c2
Event: 11.011 Thread 0x000001da81219a80 DEOPT PACKING pc=0x000001dab6720108 sp=0x0000003bdfd2c620
Event: 11.011 Thread 0x000001da81219a80 DEOPT UNPACKING pc=0x000001dab60ba1a3 sp=0x0000003bdfd2c378 mode 2
Event: 11.302 Thread 0x000001da81219a80 Uncommon trap: trap_request=0xffffffbe fr.pc=0x000001dab6720108 relative=0x0000000000002888
Event: 11.302 Thread 0x000001da81219a80 Uncommon trap: reason=profile_predicate action=maybe_recompile pc=0x000001dab6720108 method=scala.collection.IndexedSeqOptimized.foreach(Lscala/Function1;)V @ 11 c2
Event: 11.302 Thread 0x000001da81219a80 DEOPT PACKING pc=0x000001dab6720108 sp=0x0000003bdfd2c5c0
Event: 11.302 Thread 0x000001da81219a80 DEOPT UNPACKING pc=0x000001dab60ba1a3 sp=0x0000003bdfd2c318 mode 2

Classes unloaded (0 events):
No events

Classes redefined (0 events):
No events

Internal exceptions (20 events):
Event: 5.822 Thread 0x000001da81219a80 Exception <a 'java/lang/NoSuchMethodError'{0x00000000c13d77e0}: 'java.lang.Object java.lang.invoke.Invokers$Holder.invokeExact_MT(java.lang.Object, java.lang.Object, java.lang.Object, java.lang.Object, java.lang.Object, java.lang.Object)'> (0x00000000c13d77e0) 
thrown [s\src\hotspot\share\interpreter\linkResolver.cpp, line 759]
Event: 6.267 Thread 0x000001da81219a80 Exception <a 'java/lang/NoSuchMethodError'{0x00000000c1715580}: 'java.lang.Object java.lang.invoke.DirectMethodHandle$Holder.invokeStaticInit(java.lang.Object, java.lang.Object, java.lang.Object)'> (0x00000000c1715580) 
thrown [s\src\hotspot\share\interpreter\linkResolver.cpp, line 759]
Event: 6.441 Thread 0x000001da81219a80 Exception <a 'java/lang/NoSuchMethodError'{0x00000000c15c2ee0}: 'int java.lang.invoke.DirectMethodHandle$Holder.invokeStatic(java.lang.Object, java.lang.Object, int)'> (0x00000000c15c2ee0) 
thrown [s\src\hotspot\share\interpreter\linkResolver.cpp, line 759]
Event: 6.497 Thread 0x000001da81219a80 Exception <a 'java/lang/NoSuchMethodError'{0x00000000c149bed8}: 'java.lang.Object java.lang.invoke.DirectMethodHandle$Holder.newInvokeSpecial(java.lang.Object, java.lang.Object, java.lang.Object, java.lang.Object, java.lang.Object)'> (0x00000000c149bed8) 
thrown [s\src\hotspot\share\interpreter\linkResolver.cpp, line 759]
Event: 6.560 Thread 0x000001da81219a80 Exception <a 'java/lang/NoSuchMethodError'{0x00000000c130a4b0}: 'java.lang.Object java.lang.invoke.DirectMethodHandle$Holder.invokeStatic(java.lang.Object, java.lang.Object, int, java.lang.Object, java.lang.Object)'> (0x00000000c130a4b0) 
thrown [s\src\hotspot\share\interpreter\linkResolver.cpp, line 759]
Event: 6.564 Thread 0x000001da81219a80 Exception <a 'java/lang/NoSuchMethodError'{0x00000000c1314568}: 'java.lang.Object java.lang.invoke.DirectMethodHandle$Holder.newInvokeSpecial(java.lang.Object, java.lang.Object, int, java.lang.Object)'> (0x00000000c1314568) 
thrown [s\src\hotspot\share\interpreter\linkResolver.cpp, line 759]
Event: 6.565 Thread 0x000001da81219a80 Exception <a 'java/lang/NoSuchMethodError'{0x00000000c13183e0}: 'java.lang.Object java.lang.invoke.DirectMethodHandle$Holder.invokeSpecial(java.lang.Object, java.lang.Object, java.lang.Object, int, java.lang.Object)'> (0x00000000c13183e0) 
thrown [s\src\hotspot\share\interpreter\linkResolver.cpp, line 759]
Event: 6.624 Thread 0x000001da81219a80 Exception <a 'java/lang/NoSuchMethodError'{0x00000000c13c4990}: 'java.lang.Object java.lang.invoke.DirectMethodHandle$Holder.invokeStaticInit(java.lang.Object, java.lang.Object, java.lang.Object, java.lang.Object)'> (0x00000000c13c4990) 
thrown [s\src\hotspot\share\interpreter\linkResolver.cpp, line 759]
Event: 6.657 Thread 0x000001da81219a80 Exception <a 'java/lang/NoSuchMethodError'{0x00000000c1249680}: 'void java.lang.invoke.DirectMethodHandle$Holder.invokeStatic(java.lang.Object, java.lang.Object)'> (0x00000000c1249680) 
thrown [s\src\hotspot\share\interpreter\linkResolver.cpp, line 759]
Event: 7.410 Thread 0x000001da81219a80 Exception <a 'java/lang/NoSuchMethodError'{0x00000000c36c0070}: 'java.lang.Object java.lang.invoke.DirectMethodHandle$Holder.invokeStatic(java.lang.Object, java.lang.Object, int, java.lang.Object)'> (0x00000000c36c0070) 
thrown [s\src\hotspot\share\interpreter\linkResolver.cpp, line 759]
Event: 7.413 Thread 0x000001da81219a80 Exception <a 'java/lang/NoSuchMethodError'{0x00000000c36c8e70}: 'java.lang.Object java.lang.invoke.DirectMethodHandle$Holder.newInvokeSpecial(java.lang.Object, java.lang.Object, int)'> (0x00000000c36c8e70) 
thrown [s\src\hotspot\share\interpreter\linkResolver.cpp, line 759]
Event: 7.429 Thread 0x000001da81219a80 Exception <a 'java/lang/NoSuchMethodError'{0x00000000c36ef7a8}: 'java.lang.Object java.lang.invoke.DirectMethodHandle$Holder.invokeStatic(java.lang.Object, int, java.lang.Object)'> (0x00000000c36ef7a8) 
thrown [s\src\hotspot\share\interpreter\linkResolver.cpp, line 759]
Event: 9.803 Thread 0x000001da81219a80 Exception <a 'java/lang/NoSuchMethodError'{0x00000000c777a240}: 'java.lang.Object java.lang.invoke.DirectMethodHandle$Holder.newInvokeSpecial(java.lang.Object, java.lang.Object, java.lang.Object, java.lang.Object, java.lang.Object, int)'> (0x00000000c777a240) 
thrown [s\src\hotspot\share\interpreter\linkResolver.cpp, line 759]
Event: 9.804 Thread 0x000001da81219a80 Exception <a 'java/lang/NoSuchMethodError'{0x00000000c777e8a8}: 'java.lang.Object java.lang.invoke.DirectMethodHandle$Holder.invokeSpecial(java.lang.Object, java.lang.Object, java.lang.Object, java.lang.Object, java.lang.Object, java.lang.Object, int)'> (0x00000000c777e8a8) 
thrown [s\src\hotspot\share\interpreter\linkResolver.cpp, line 759]
Event: 9.872 Thread 0x000001da81219a80 Exception <a 'java/lang/NoSuchMethodError'{0x00000000c7650838}: 'java.lang.Object java.lang.invoke.DirectMethodHandle$Holder.newInvokeSpecial(java.lang.Object, java.lang.Object, java.lang.Object, java.lang.Object, int, java.lang.Object)'> (0x00000000c7650838) 
thrown [s\src\hotspot\share\interpreter\linkResolver.cpp, line 759]
Event: 9.874 Thread 0x000001da81219a80 Exception <a 'java/lang/NoSuchMethodError'{0x00000000c7654b10}: 'java.lang.Object java.lang.invoke.DirectMethodHandle$Holder.invokeSpecial(java.lang.Object, java.lang.Object, java.lang.Object, java.lang.Object, java.lang.Object, int, java.lang.Object)'> (0x00000000c7654b10) 
thrown [s\src\hotspot\share\interpreter\linkResolver.cpp, line 759]
Event: 10.360 Thread 0x000001da81219a80 Exception <a 'java/lang/NoSuchMethodError'{0x00000000c5266ad8}: 'java.lang.Object java.lang.invoke.DirectMethodHandle$Holder.invokeStaticInit(java.lang.Object, java.lang.Object, java.lang.Object, java.lang.Object, java.lang.Object)'> (0x00000000c5266ad8) 
thrown [s\src\hotspot\share\interpreter\linkResolver.cpp, line 759]
Event: 10.363 Thread 0x000001da81219a80 Exception <a 'java/lang/NoSuchMethodError'{0x00000000c526da60}: 'java.lang.Object java.lang.invoke.Invokers$Holder.invoke_MT(java.lang.Object, java.lang.Object, java.lang.Object, java.lang.Object, java.lang.Object, java.lang.Object)'> (0x00000000c526da60) 
thrown [s\src\hotspot\share\interpreter\linkResolver.cpp, line 759]
Event: 10.367 Thread 0x000001da81219a80 Exception <a 'java/lang/NoSuchMethodError'{0x00000000c52768f8}: 'java.lang.Object java.lang.invoke.Invokers$Holder.invoker(java.lang.Object, java.lang.Object, java.lang.Object)'> (0x00000000c52768f8) 
thrown [s\src\hotspot\share\interpreter\linkResolver.cpp, line 759]
Event: 10.370 Thread 0x000001da81219a80 Exception <a 'java/lang/NoSuchMethodError'{0x00000000c527f788}: 'java.lang.Object java.lang.invoke.Invokers$Holder.invokeExact_MT(java.lang.Object, java.lang.Object, java.lang.Object, java.lang.Object)'> (0x00000000c527f788) 
thrown [s\src\hotspot\share\interpreter\linkResolver.cpp, line 759]

VM Operations (20 events):
Event: 9.444 Executing VM operation: G1CollectFull done
Event: 9.619 Executing VM operation: G1CollectFull
Event: 9.681 Executing VM operation: G1CollectFull done
Event: 9.816 Executing VM operation: HandshakeAllThreads
Event: 9.816 Executing VM operation: HandshakeAllThreads done
Event: 10.277 Executing VM operation: HandshakeAllThreads
Event: 10.277 Executing VM operation: HandshakeAllThreads done
Event: 10.651 Executing VM operation: ICBufferFull
Event: 10.652 Executing VM operation: ICBufferFull done
Event: 10.855 Executing VM operation: G1CollectForAllocation
Event: 10.890 Executing VM operation: G1CollectForAllocation done
Event: 10.911 Executing VM operation: HandshakeAllThreads
Event: 10.911 Executing VM operation: HandshakeAllThreads done
Event: 11.055 Executing VM operation: G1CollectForAllocation
Event: 11.083 Executing VM operation: G1CollectForAllocation done
Event: 11.083 Executing VM operation: G1CollectFull
Event: 11.186 Executing VM operation: G1CollectFull done
Event: 11.333 Executing VM operation: G1CollectForAllocation
Event: 11.354 Executing VM operation: G1CollectForAllocation done
Event: 11.555 Executing VM operation: G1CollectForAllocation

Events (20 events):
Event: 10.251 loading class java/util/Vector$1
Event: 10.252 loading class java/util/Vector$1 done
Event: 10.365 loading class java/lang/invoke/DirectMethodHandle$EnsureInitialized
Event: 10.366 loading class java/lang/invoke/DirectMethodHandle$EnsureInitialized done
Event: 10.366 loading class java/lang/invoke/DirectMethodHandle$1
Event: 10.366 loading class java/lang/invoke/DirectMethodHandle$1 done
Event: 10.374 loading class java/util/concurrent/locks/ReentrantReadWriteLock
Event: 10.374 loading class java/util/concurrent/locks/ReadWriteLock
Event: 10.375 loading class java/util/concurrent/locks/ReadWriteLock done
Event: 10.375 loading class java/util/concurrent/locks/ReentrantReadWriteLock done
Event: 10.375 loading class java/util/concurrent/locks/ReentrantReadWriteLock$NonfairSync
Event: 10.375 loading class java/util/concurrent/locks/ReentrantReadWriteLock$Sync
Event: 10.375 loading class java/util/concurrent/locks/ReentrantReadWriteLock$Sync done
Event: 10.375 loading class java/util/concurrent/locks/ReentrantReadWriteLock$NonfairSync done
Event: 10.376 loading class java/util/concurrent/locks/ReentrantReadWriteLock$Sync$ThreadLocalHoldCounter
Event: 10.376 loading class java/util/concurrent/locks/ReentrantReadWriteLock$Sync$ThreadLocalHoldCounter done
Event: 10.376 loading class java/util/concurrent/locks/ReentrantReadWriteLock$ReadLock
Event: 10.376 loading class java/util/concurrent/locks/ReentrantReadWriteLock$ReadLock done
Event: 10.376 loading class java/util/concurrent/locks/ReentrantReadWriteLock$WriteLock
Event: 10.376 loading class java/util/concurrent/locks/ReentrantReadWriteLock$WriteLock done


Dynamic libraries:
0x00007ff73f6a0000 - 0x00007ff73f6ba000 	C:\Users\이수아\AppData\Local\Programs\Python\Python311\python.exe
0x00007ffd69670000 - 0x00007ffd69887000 	C:\WINDOWS\SYSTEM32\ntdll.dll
0x00007ffd67830000 - 0x00007ffd678f4000 	C:\WINDOWS\System32\KERNEL32.DLL
0x00007ffd66fc0000 - 0x00007ffd6736d000 	C:\WINDOWS\System32\KERNELBASE.dll
0x00007ffd66e70000 - 0x00007ffd66f81000 	C:\WINDOWS\System32\ucrtbase.dll
0x00007ffd60ab0000 - 0x00007ffd60acd000 	C:\Users\이수아\AppData\Local\Programs\Python\Python311\VCRUNTIME140.dll
0x00007ffd0c1d0000 - 0x00007ffd0c7a4000 	C:\Users\이수아\AppData\Local\Programs\Python\Python311\python311.dll
0x00007ffd673b0000 - 0x00007ffd67421000 	C:\WINDOWS\System32\WS2_32.dll
0x00007ffd67b40000 - 0x00007ffd67c54000 	C:\WINDOWS\System32\RPCRT4.dll
0x00007ffd67370000 - 0x00007ffd67398000 	C:\WINDOWS\System32\bcrypt.dll
0x00007ffd690c0000 - 0x00007ffd69172000 	C:\WINDOWS\System32\ADVAPI32.dll
0x00007ffd67cb0000 - 0x00007ffd67d57000 	C:\WINDOWS\System32\msvcrt.dll
0x00007ffd67900000 - 0x00007ffd679a9000 	C:\WINDOWS\System32\sechost.dll
0x00007ffd5cbb0000 - 0x00007ffd5cbba000 	C:\WINDOWS\SYSTEM32\VERSION.dll
0x00007ffd0ef40000 - 0x00007ffd0ef73000 	C:\WINDOWS\SYSTEM32\f_im.dll
0x00007ffd68cf0000 - 0x00007ffd68cf8000 	C:\WINDOWS\System32\PSAPI.DLL
0x0000000180000000 - 0x0000000180043000 	C:\Program Files\Fasoo DRM\f_nxa.dll
0x0000000061000000 - 0x00000000611da000 	C:\Program Files\Fasoo DRM\f_sps.dll
0x00007ffd67e50000 - 0x00007ffd67ffe000 	C:\WINDOWS\System32\USER32.dll
0x00007ffd66f90000 - 0x00007ffd66fb6000 	C:\WINDOWS\System32\win32u.dll
0x00007ffd674c0000 - 0x00007ffd674e9000 	C:\WINDOWS\System32\GDI32.dll
0x00007ffd66b70000 - 0x00007ffd66c89000 	C:\WINDOWS\System32\gdi32full.dll
0x00007ffd66ad0000 - 0x00007ffd66b6a000 	C:\WINDOWS\System32\msvcp_win.dll
0x00007ffd68f10000 - 0x00007ffd690b5000 	C:\WINDOWS\System32\ole32.dll
0x00007ffd69280000 - 0x00007ffd6960d000 	C:\WINDOWS\System32\combase.dll
0x00007ffd67d70000 - 0x00007ffd67e47000 	C:\WINDOWS\System32\OLEAUT32.dll
0x00007ffd67c60000 - 0x00007ffd67c91000 	C:\WINDOWS\System32\IMM32.DLL
0x00007ffd36620000 - 0x00007ffd36627000 	C:\WINDOWS\SYSTEM32\msimg32.dll
0x00007ffd45740000 - 0x00007ffd457e7000 	C:\WINDOWS\SYSTEM32\winspool.drv
0x00007ffd674f0000 - 0x00007ffd675e9000 	C:\WINDOWS\System32\shcore.dll
0x00007ffd65840000 - 0x00007ffd65854000 	C:\WINDOWS\SYSTEM32\wtsapi32.dll
0x00007ffd68000000 - 0x00007ffd68868000 	C:\WINDOWS\System32\shell32.dll
0x00007ffd67ae0000 - 0x00007ffd67b3e000 	C:\WINDOWS\System32\shlwapi.dll
0x00007ffd65aa0000 - 0x00007ffd65ad4000 	C:\WINDOWS\SYSTEM32\ntmarta.dll
0x00007ffd66990000 - 0x00007ffd66a0b000 	C:\WINDOWS\System32\bcryptprimitives.dll
0x000001dad20f0000 - 0x000001dad20ff000 	C:\Users\이수아\AppData\Local\Programs\Python\Python311\python3.DLL
0x00007ffd60aa0000 - 0x00007ffd60aa9000 	C:\Users\이수아\AppData\Local\Programs\Python\Python311\DLLs\select.pyd
0x00007ffd60a80000 - 0x00007ffd60a95000 	C:\Users\이수아\AppData\Local\Programs\Python\Python311\DLLs\_socket.pyd
0x00007ffd654a0000 - 0x00007ffd654cd000 	C:\WINDOWS\SYSTEM32\IPHLPAPI.DLL
0x00007ffd4db80000 - 0x00007ffd4dbad000 	C:\Users\이수아\AppData\Local\Programs\Python\Python311\DLLs\_ssl.pyd
0x00007ffd66c90000 - 0x00007ffd66df7000 	C:\WINDOWS\System32\CRYPT32.dll
0x00007ffd0bcd0000 - 0x00007ffd0c1c9000 	C:\Users\이수아\AppData\Local\Programs\Python\Python311\DLLs\libcrypto-3.dll
0x00007ffd0cfb0000 - 0x00007ffd0d072000 	C:\Users\이수아\AppData\Local\Programs\Python\Python311\DLLs\libssl-3.dll
0x00007ffd60a60000 - 0x00007ffd60a75000 	C:\Users\이수아\AppData\Local\Programs\Python\Python311\DLLs\_bz2.pyd
0x00007ffd32e30000 - 0x00007ffd32e59000 	C:\Users\이수아\AppData\Local\Programs\Python\Python311\DLLs\_lzma.pyd
0x00007ffd4dd30000 - 0x00007ffd4dd39000 	C:\ICARE\I-CARE-AI\main\venv\Lib\site-packages\markupsafe\_speedups.cp311-win_amd64.pyd
0x00007ffd4c600000 - 0x00007ffd4c611000 	C:\Users\이수아\AppData\Local\Programs\Python\Python311\DLLs\_hashlib.pyd
0x00007ffd4b980000 - 0x00007ffd4b99f000 	C:\Users\이수아\AppData\Local\Programs\Python\Python311\DLLs\_ctypes.pyd
0x00007ffd4dd20000 - 0x00007ffd4dd2b000 	C:\Users\이수아\AppData\Local\Programs\Python\Python311\DLLs\libffi-8.dll
0x00007ffd0b580000 - 0x00007ffd0b698000 	C:\Users\이수아\AppData\Local\Programs\Python\Python311\DLLs\unicodedata.pyd
0x00007ffd32d40000 - 0x00007ffd32d7f000 	C:\Users\이수아\AppData\Local\Programs\Python\Python311\DLLs\_decimal.pyd
0x00007ffd4dc40000 - 0x00007ffd4dc47000 	C:\Users\이수아\AppData\Local\Programs\Python\Python311\DLLs\_uuid.pyd
0x00007ffd2f370000 - 0x00007ffd2f3e6000 	C:\ICARE\I-CARE-AI\main\venv\Lib\site-packages\_jpype.cp311-win_amd64.pyd
0x00007ffd43d00000 - 0x00007ffd43d8d000 	C:\WINDOWS\SYSTEM32\MSVCP140.dll
0x00007ffd4b940000 - 0x00007ffd4b94c000 	C:\Users\이수아\AppData\Local\Programs\Python\Python311\VCRUNTIME140_1.dll
0x00007ffc970e0000 - 0x00007ffc99195000 	C:\ICARE\I-CARE-AI\main\venv\Lib\site-packages\numpy\.libs\libopenblas64__v0.3.23-246-g3d31191b-gcc_10_3_0.dll
0x00007ffd07fb0000 - 0x00007ffd08290000 	C:\ICARE\I-CARE-AI\main\venv\Lib\site-packages\numpy\core\_multiarray_umath.cp311-win_amd64.pyd
0x00007ffd33010000 - 0x00007ffd33025000 	C:\ICARE\I-CARE-AI\main\venv\Lib\site-packages\numpy\core\_multiarray_tests.cp311-win_amd64.pyd
0x00007ffd32e10000 - 0x00007ffd32e2e000 	C:\ICARE\I-CARE-AI\main\venv\Lib\site-packages\numpy\linalg\_umath_linalg.cp311-win_amd64.pyd
0x00007ffd32d20000 - 0x00007ffd32d40000 	C:\ICARE\I-CARE-AI\main\venv\Lib\site-packages\numpy\fft\_pocketfft_internal.cp311-win_amd64.pyd
0x00007ffd0b4f0000 - 0x00007ffd0b580000 	C:\ICARE\I-CARE-AI\main\venv\Lib\site-packages\numpy\random\mtrand.cp311-win_amd64.pyd
0x00007ffd2f7e0000 - 0x00007ffd2f807000 	C:\ICARE\I-CARE-AI\main\venv\Lib\site-packages\numpy\random\bit_generator.cp311-win_amd64.pyd
0x00007ffd2f7b0000 - 0x00007ffd2f7dd000 	C:\ICARE\I-CARE-AI\main\venv\Lib\site-packages\numpy\random\_common.cp311-win_amd64.pyd
0x00007ffd2f510000 - 0x00007ffd2f550000 	C:\ICARE\I-CARE-AI\main\venv\Lib\site-packages\numpy\random\_bounded_integers.cp311-win_amd64.pyd
0x00007ffd2f4f0000 - 0x00007ffd2f504000 	C:\ICARE\I-CARE-AI\main\venv\Lib\site-packages\numpy\random\_mt19937.cp311-win_amd64.pyd
0x00007ffd2f350000 - 0x00007ffd2f363000 	C:\ICARE\I-CARE-AI\main\venv\Lib\site-packages\numpy\random\_philox.cp311-win_amd64.pyd
0x00007ffd29380000 - 0x00007ffd29396000 	C:\ICARE\I-CARE-AI\main\venv\Lib\site-packages\numpy\random\_pcg64.cp311-win_amd64.pyd
0x00007ffd414d0000 - 0x00007ffd414e0000 	C:\ICARE\I-CARE-AI\main\venv\Lib\site-packages\numpy\random\_sfc64.cp311-win_amd64.pyd
0x00007ffd0b440000 - 0x00007ffd0b4e4000 	C:\ICARE\I-CARE-AI\main\venv\Lib\site-packages\numpy\random\_generator.cp311-win_amd64.pyd
0x00007ffd0fbf0000 - 0x00007ffd0fc14000 	C:\ICARE\I-CARE-AI\main\venv\Lib\site-packages\matplotlib\_c_internal_utils.cp311-win_amd64.pyd
0x00007ffd07d60000 - 0x00007ffd07fa3000 	C:\ICARE\I-CARE-AI\main\venv\Lib\site-packages\PIL\_imaging.cp311-win_amd64.pyd
0x00007ffd0fba0000 - 0x00007ffd0fbeb000 	C:\ICARE\I-CARE-AI\main\venv\Lib\site-packages\matplotlib\_path.cp311-win_amd64.pyd
0x00007ffd07cb0000 - 0x00007ffd07d53000 	C:\ICARE\I-CARE-AI\main\venv\Lib\site-packages\matplotlib\ft2font.cp311-win_amd64.pyd
0x00007ffd0cf80000 - 0x00007ffd0cfa1000 	C:\ICARE\I-CARE-AI\main\venv\Lib\site-packages\kiwisolver\_cext.cp311-win_amd64.pyd
0x00007ffd07af0000 - 0x00007ffd07cb0000 	C:\ICARE\I-CARE-AI\main\venv\Lib\site-packages\PIL\_imagingft.cp311-win_amd64.pyd
0x00007ffd0cf50000 - 0x00007ffd0cf76000 	C:\ICARE\I-CARE-AI\main\venv\Lib\site-packages\wordcloud\query_integral_image.cp311-win_amd64.pyd
0x00007ffd32e00000 - 0x00007ffd32e0b000 	C:\ICARE\I-CARE-AI\main\venv\Lib\site-packages\pandas\_libs\pandas_parser.cp311-win_amd64.pyd
0x00007ffd32c60000 - 0x00007ffd32c6c000 	C:\ICARE\I-CARE-AI\main\venv\Lib\site-packages\pandas\_libs\pandas_datetime.cp311-win_amd64.pyd
0x00007ffd079d0000 - 0x00007ffd07ae8000 	C:\ICARE\I-CARE-AI\main\venv\Lib\site-packages\pandas\_libs\interval.cp311-win_amd64.pyd
0x00007ffd07800000 - 0x00007ffd079c7000 	C:\ICARE\I-CARE-AI\main\venv\Lib\site-packages\pandas\_libs\hashtable.cp311-win_amd64.pyd
0x00007ffd0bca0000 - 0x00007ffd0bcd0000 	C:\ICARE\I-CARE-AI\main\venv\Lib\site-packages\pandas\_libs\missing.cp311-win_amd64.pyd
0x00007ffd0bc70000 - 0x00007ffd0bc9d000 	C:\ICARE\I-CARE-AI\main\venv\Lib\site-packages\pandas\_libs\tslibs\dtypes.cp311-win_amd64.pyd
0x00007ffd0cf30000 - 0x00007ffd0cf45000 	C:\ICARE\I-CARE-AI\main\venv\Lib\site-packages\pandas\_libs\tslibs\ccalendar.cp311-win_amd64.pyd
0x00007ffd0b9c0000 - 0x00007ffd0b9e0000 	C:\ICARE\I-CARE-AI\main\venv\Lib\site-packages\pandas\_libs\tslibs\np_datetime.cp311-win_amd64.pyd
0x00007ffd077c0000 - 0x00007ffd077fc000 	C:\ICARE\I-CARE-AI\main\venv\Lib\site-packages\pandas\_libs\tslibs\conversion.cp311-win_amd64.pyd
0x00007ffd0b9a0000 - 0x00007ffd0b9b1000 	C:\ICARE\I-CARE-AI\main\venv\Lib\site-packages\pandas\_libs\tslibs\base.cp311-win_amd64.pyd
0x00007ffd076e0000 - 0x00007ffd077bd000 	C:\ICARE\I-CARE-AI\main\venv\Lib\site-packages\pandas\_libs\tslibs\offsets.cp311-win_amd64.pyd
0x00007ffd07650000 - 0x00007ffd076d1000 	C:\ICARE\I-CARE-AI\main\venv\Lib\site-packages\pandas\_libs\tslibs\timestamps.cp311-win_amd64.pyd
0x00007ffd07610000 - 0x00007ffd07645000 	C:\ICARE\I-CARE-AI\main\venv\Lib\site-packages\pandas\_libs\tslibs\nattype.cp311-win_amd64.pyd
0x00007ffd07590000 - 0x00007ffd07608000 	C:\ICARE\I-CARE-AI\main\venv\Lib\site-packages\pandas\_libs\tslibs\timedeltas.cp311-win_amd64.pyd
0x00007ffd07550000 - 0x00007ffd0758a000 	C:\ICARE\I-CARE-AI\main\venv\Lib\site-packages\pandas\_libs\tslibs\timezones.cp311-win_amd64.pyd
0x00007ffd32c40000 - 0x00007ffd32c4d000 	C:\Users\이수아\AppData\Local\Programs\Python\Python311\DLLs\_zoneinfo.pyd
0x000001dae4840000 - 0x000001dae4843000 	C:\WINDOWS\SYSTEM32\tzres.dll
0x00007ffd07500000 - 0x00007ffd07546000 	C:\ICARE\I-CARE-AI\main\venv\Lib\site-packages\pandas\_libs\tslibs\fields.cp311-win_amd64.pyd
0x00007ffd074c0000 - 0x00007ffd07500000 	C:\ICARE\I-CARE-AI\main\venv\Lib\site-packages\pandas\_libs\tslibs\tzconversion.cp311-win_amd64.pyd
0x00007ffd074a0000 - 0x00007ffd074b4000 	C:\ICARE\I-CARE-AI\main\venv\Lib\site-packages\pandas\_libs\properties.cp311-win_amd64.pyd
0x00007ffd07440000 - 0x00007ffd07493000 	C:\ICARE\I-CARE-AI\main\venv\Lib\site-packages\pandas\_libs\tslibs\parsing.cp311-win_amd64.pyd
0x00007ffd073f0000 - 0x00007ffd0743f000 	C:\ICARE\I-CARE-AI\main\venv\Lib\site-packages\pandas\_libs\tslibs\strptime.cp311-win_amd64.pyd
0x00007ffd07380000 - 0x00007ffd073e8000 	C:\ICARE\I-CARE-AI\main\venv\Lib\site-packages\pandas\_libs\tslibs\period.cp311-win_amd64.pyd
0x00007ffd07340000 - 0x00007ffd07372000 	C:\ICARE\I-CARE-AI\main\venv\Lib\site-packages\pandas\_libs\tslibs\vectorized.cp311-win_amd64.pyd
0x00007ffd07320000 - 0x00007ffd07331000 	C:\ICARE\I-CARE-AI\main\venv\Lib\site-packages\pandas\_libs\ops_dispatch.cp311-win_amd64.pyd
0x00007ffd07150000 - 0x00007ffd07313000 	C:\ICARE\I-CARE-AI\main\venv\Lib\site-packages\pandas\_libs\algos.cp311-win_amd64.pyd
0x00007ffd070a0000 - 0x00007ffd07145000 	C:\ICARE\I-CARE-AI\main\venv\Lib\site-packages\pandas\_libs\lib.cp311-win_amd64.pyd
0x00007ffd07060000 - 0x00007ffd07095000 	C:\ICARE\I-CARE-AI\main\venv\Lib\site-packages\pandas\_libs\ops.cp311-win_amd64.pyd
0x00007ffd07030000 - 0x00007ffd0705c000 	C:\ICARE\I-CARE-AI\main\venv\Lib\site-packages\pandas\_libs\hashing.cp311-win_amd64.pyd
0x00007ffd07010000 - 0x00007ffd0702c000 	C:\ICARE\I-CARE-AI\main\venv\Lib\site-packages\pandas\_libs\arrays.cp311-win_amd64.pyd
0x00007ffd06fc0000 - 0x00007ffd07002000 	C:\ICARE\I-CARE-AI\main\venv\Lib\site-packages\pandas\_libs\tslib.cp311-win_amd64.pyd
0x00007ffd06c30000 - 0x00007ffd06d01000 	C:\ICARE\I-CARE-AI\main\venv\Lib\site-packages\pandas\_libs\sparse.cp311-win_amd64.pyd
0x00007ffd06f70000 - 0x00007ffd06fc0000 	C:\ICARE\I-CARE-AI\main\venv\Lib\site-packages\pandas\_libs\internals.cp311-win_amd64.pyd
0x00007ffd06f50000 - 0x00007ffd06f61000 	C:\ICARE\I-CARE-AI\main\venv\Lib\site-packages\pandas\_libs\indexing.cp311-win_amd64.pyd
0x00007ffd06b70000 - 0x00007ffd06c24000 	C:\ICARE\I-CARE-AI\main\venv\Lib\site-packages\pandas\_libs\index.cp311-win_amd64.pyd
0x00007ffd06b30000 - 0x00007ffd06b63000 	C:\ICARE\I-CARE-AI\main\venv\Lib\site-packages\pandas\_libs\writers.cp311-win_amd64.pyd
0x00007ffd06a10000 - 0x00007ffd06b26000 	C:\ICARE\I-CARE-AI\main\venv\Lib\site-packages\pandas\_libs\join.cp311-win_amd64.pyd
0x00007ffd06650000 - 0x00007ffd066a8000 	C:\ICARE\I-CARE-AI\main\venv\Lib\site-packages\pandas\_libs\window\aggregations.cp311-win_amd64.pyd
0x00007ffd06380000 - 0x00007ffd0641b000 	C:\ICARE\I-CARE-AI\main\venv\Lib\site-packages\pandas.libs\msvcp140-ef6047a69b174ada5cb2eff1d2bc9a62.dll
0x00007ffd06280000 - 0x00007ffd062ab000 	C:\ICARE\I-CARE-AI\main\venv\Lib\site-packages\pandas\_libs\window\indexers.cp311-win_amd64.pyd
0x00007ffd06240000 - 0x00007ffd0627f000 	C:\ICARE\I-CARE-AI\main\venv\Lib\site-packages\pandas\_libs\reshape.cp311-win_amd64.pyd
0x00007ffd041a0000 - 0x00007ffd043bd000 	C:\ICARE\I-CARE-AI\main\venv\Lib\site-packages\pandas\_libs\groupby.cp311-win_amd64.pyd
0x00007ffd06f30000 - 0x00007ffd06f41000 	C:\ICARE\I-CARE-AI\main\venv\Lib\site-packages\pandas\_libs\json.cp311-win_amd64.pyd
0x00007ffd05d70000 - 0x00007ffd05dd6000 	C:\ICARE\I-CARE-AI\main\venv\Lib\site-packages\pandas\_libs\parsers.cp311-win_amd64.pyd
0x00007ffd06360000 - 0x00007ffd06379000 	C:\ICARE\I-CARE-AI\main\venv\Lib\site-packages\pandas\_libs\testing.cp311-win_amd64.pyd
0x00007ffd32be0000 - 0x00007ffd32be9000 	C:\Users\이수아\AppData\Local\Programs\Python\Python311\DLLs\_queue.pyd
0x00007ffd65f00000 - 0x00007ffd65f69000 	C:\WINDOWS\system32\mswsock.dll
0x00007ffd2f7a0000 - 0x00007ffd2f7a7000 	C:\ICARE\I-CARE-AI\main\venv\Lib\site-packages\charset_normalizer\md.cp311-win_amd64.pyd
0x00007ffd06210000 - 0x00007ffd06232000 	C:\ICARE\I-CARE-AI\main\venv\Lib\site-packages\charset_normalizer\md__mypyc.cp311-win_amd64.pyd
0x00007ffd06170000 - 0x00007ffd06181000 	C:\Users\이수아\AppData\Local\Programs\Python\Python311\DLLs\_asyncio.pyd
0x00007ffd0bc60000 - 0x00007ffd0bc6e000 	C:\Users\이수아\AppData\Local\Programs\Python\Python311\DLLs\_overlapped.pyd
0x00007ffd05d20000 - 0x00007ffd05d69000 	C:\ICARE\I-CARE-AI\main\venv\Lib\site-packages\yaml\_yaml.cp311-win_amd64.pyd

dbghelp: loaded successfully - version: 4.0.5 - missing functions: none
symbol engine: initialized successfully - sym options: 0x614 - pdb path: .;C:\Users\이수아\AppData\Local\Programs\Python\Python311;C:\WINDOWS\SYSTEM32;C:\Program Files\Fasoo DRM;C:\Users\이수아\AppData\Local\Programs\Python\Python311\DLLs;C:\ICARE\I-CARE-AI\main\venv\Lib\site-packages\markupsafe;C:\ICARE\I-CARE-AI\main\venv\Lib\site-packages;C:\ICARE\I-CARE-AI\main\venv\Lib\site-packages\numpy\.libs;C:\ICARE\I-CARE-AI\main\venv\Lib\site-packages\numpy\core;C:\ICARE\I-CARE-AI\main\venv\Lib\site-packages\numpy\linalg;C:\ICARE\I-CARE-AI\main\venv\Lib\site-packages\numpy\fft;C:\ICARE\I-CARE-AI\main\venv\Lib\site-packages\numpy\random;C:\ICARE\I-CARE-AI\main\venv\Lib\site-packages\matplotlib;C:\ICARE\I-CARE-AI\main\venv\Lib\site-packages\PIL;C:\ICARE\I-CARE-AI\main\venv\Lib\site-packages\kiwisolver;C:\ICARE\I-CARE-AI\main\venv\Lib\site-packages\wordcloud;C:\ICARE\I-CARE-AI\main\venv\Lib\site-packages\pandas\_libs;C:\ICARE\I-CARE-AI\main\venv\Lib\site-packages\pandas\_libs\tslibs;C:\ICARE\I-CARE-AI\main\venv\Lib\site-packages\pandas\_libs\window;C:\ICARE\I-CARE-AI\main\venv\Lib\site-packages\pandas.libs;C:\ICARE\I-CARE-AI\main\venv\Lib\site-packages\charset_normalizer;C:\ICARE\I-CARE-AI\main\venv\Lib\site-packages\yaml;C:\ICARE\I-CARE-AI\main\venv\Lib\site-packages\torch\lib;C:\ICARE\I-CARE-AI\main\venv\Lib\site-packages\torch;C:\ICARE\I-CARE-AI\main\venv\Lib\site-packages\sentencepiece;C:\ICARE\I-CARE-AI\main\venv\Lib\site-packages\tokenizers;C:\ICARE\I-CARE-AI\main\venv\Lib\site-packages\sklearn\__check_build;C:\ICARE\I-CARE-AI\main\venv\Lib\site-packages\sklearn\.libs;C:\ICARE\I-CARE-AI\main\venv\Lib\site-packages\scipy\_lib;C:\ICARE\I-CARE-AI\main\venv\Lib\site-packages\scipy\sparse;C:\ICARE\I-CARE-AI\main\venv\Lib\site-packages\scipy\linalg;C:\ICARE\I-CARE-AI\main\venv\Lib\site-packages\scipy.libs;C:\ICARE\I-CARE-AI\main\venv\Lib\site-packages\scipy\sparse\linalg\_dsolve;C:\ICARE\I-CARE-AI\main\venv\Lib\site-packages\scipy\sparse\linalg\_eigen\arpack;C:\ICARE\I-CARE-AI\main\venv\Lib\site-packages\scipy\sparse\linalg\_propack;C:\ICARE\I-CARE-AI\main\venv\Lib\site-packages\scipy\sparse\csgraph;C:\ICARE\I-CARE-AI\main\venv\Lib\site-packages\scipy\special;C:\ICARE\I-CARE-AI\main\venv\Lib\site-packages\scipy\spatial;C:\ICARE\I-CARE-AI\main\venv\Lib\site-packages\scipy\spatial\transform;C:\ICARE\I-CARE-AI\main\venv\Lib\site-packages\scipy\optimize;C:\ICARE\I-CARE-AI\main\venv\Lib\site-packages\scipy\optimize\_trlib;C:\ICARE\I-CARE-AI\main\venv\Lib\site-packages\scipy\optimize\_lsq;C:\ICARE\I-CARE-AI\main\venv\Lib\site-packages\scipy\optimize\_highs;C:\ICARE\I-CARE-AI\main\venv\Lib\site-packages\scipy\integrate;C:\ICARE\I-CARE-AI\main\venv\Lib\site-packages\scipy\interpolate;C:\ICARE\I-CARE-AI\main\venv\Lib\site-packages\scipy\stats;C:\ICARE\I-CARE-AI\main\venv\Lib\site-packages\scipy\stats\_levy_stable;C:\ICARE\I-CARE-AI\main\venv\Lib\site-packages\scipy\_lib\_uarray;C:\ICARE\I-CARE-AI\main\venv\Lib\site-packages\scipy\fft\_pocketfft;C:\ICARE\I-CARE-AI\main\venv\Lib\site-packages\scipy\stats\_rcont;C:\ICARE\I-CARE-AI\main\venv\Lib\site-packages\scipy\stats\_unuran;C:\ICARE\I-CARE-AI\main\venv\Lib\site-packages\scipy\ndimage;C:\ICARE\I-CARE-AI\main\venv\Lib\site-packages\sklearn\utils;C:\ICARE\I-CARE-AI\main\venv\Lib\site-packages\sklearn\metrics\cluster;C:\ICARE\I-CARE-AI\main\venv\Lib\site-packages\sklearn\preprocessing;C:\ICARE\I-CARE-AI\main\venv\Lib\site-packages\sklearn\metrics;C:\ICARE\I-CARE-AI\main\venv\Lib\site-packages\sklearn\metrics\_pairwise_distances_reduction;C:\ICARE\I-CARE-AI\main\venv\Lib\site-packages\safetensors;C:\Program Files\Eclipse Adoptium\jdk-17.0.8.101-hotspot\bin\server;C:\Program Files\Eclipse Adoptium\jdk-17.0.8.101-hotsp;C:\Program Files\Eclipse Adoptium\jdk-17.0.8.101-hotsp;C:\Program Files\Eclipse Adoptium\jdk-17.0.8.101-hotsp;C:\Program Files\Eclipse Adoptium\jdk-17.0.8.101-hotsp;C:\Program Files\Eclipse Adoptium\jdk-17.0.8.101-hotsp;C:\Program Files\Eclipse Adoptium\jdk-17.0.8.101-hotsp;C:\Program Files\Eclipse Adoptium\jdk-17.0.8.101-hotspot\bin;C:\ICARE\I-CARE-AI\main\venv\Lib\site-packages\sklearn\linear_model;C:\ICARE\I-CARE-AI\main\venv\Lib\site-packages\sklearn\_loss;C:\ICARE\I-CARE-AI\main\venv\Lib\site-packages\sklea

VM Arguments:
jvm_args: -Dfile.encoding=UTF8 -ea -Xmx1024m 
java_command: <unknown>
java_class_path (initial): C:\ICARE\I-CARE-AI\main\venv\Lib\site-packages\konlpy\java;C:\ICARE\I-CARE-AI\main\venv\Lib\site-packages\konlpy\java\bin;C:\ICARE\I-CARE-AI\main\venv\Lib\site-packages\konlpy\java\aho-corasick.jar;C:\ICARE\I-CARE-AI\main\venv\Lib\site-packages\konlpy\java\jhannanum-0.8.4.jar;C:\ICARE\I-CARE-AI\main\venv\Lib\site-packages\konlpy\java\kkma-2.0.jar;C:\ICARE\I-CARE-AI\main\venv\Lib\site-packages\konlpy\java\komoran-3.0.jar;C:\ICARE\I-CARE-AI\main\venv\Lib\site-packages\konlpy\java\open-korean-text-2.1.0.jar;C:\ICARE\I-CARE-AI\main\venv\Lib\site-packages\konlpy\java\scala-library-2.12.3.jar;C:\ICARE\I-CARE-AI\main\venv\Lib\site-packages\konlpy\java\shineware-common-1.0.jar;C:\ICARE\I-CARE-AI\main\venv\Lib\site-packages\konlpy\java\shineware-ds-1.0.jar;C:\ICARE\I-CARE-AI\main\venv\Lib\site-packages\konlpy\java\snakeyaml-1.12.jar;C:\ICARE\I-CARE-AI\main\venv\Lib\site-packages\konlpy\java\twitter-text-1.14.7.jar;C:\ICARE\I-CARE-AI\main\venv\Lib\site-packages\konlpy\java\jhannanum-0.8.4.jar;C:\ICARE\I-CARE-AI\main\venv\Lib\site-packages\konlpy\java\kkma-2.0.jar;C:\ICARE\I-CARE-AI\main\venv\Lib\site-packages\konlpy\java\aho-corasick.jar;C:\ICARE\I-CARE-AI\main\venv\Lib\site-packages\konlpy\java\shineware-common-1.0.jar;C:\ICARE\I-CARE-AI\main\venv\Lib\site-packages\konlpy\java\shineware-ds-1.0.jar;C:\ICARE\I-CARE-AI\main\venv\Lib\site-packages\konlpy\java\komoran-3.0.jar;C:\ICARE\I-CARE-AI\main\venv\Lib\site-packages\konlpy\java\snakeyaml-1.12.jar;C:\ICARE\I-CARE-AI\main\venv\Lib\site-packages\konlpy\java\scala-library-2.12.3.jar;C:\ICARE\I-CARE-AI\main\venv\Lib\site-packages\konlpy\java\open-korean-text-2.1.0.jar;C:\ICARE\I-CARE-AI\main\venv\Lib\site-packages\konlpy\java\twitter-text-1.14.7.jar;C:\ICARE\I-CARE-AI\main\venv\Lib\site-packages\konlpy\java\aho-corasick.jar;C:\ICARE\I-CARE-AI\main\venv\Lib\site-packages\konlpy\java\jhannanum-0.8.4.jar;C:\ICARE\I-CARE-AI\main\venv\Lib\site-packages\konlpy\java\kkma-2.0.jar;C:\ICARE\I-CARE-AI\main\venv
Launcher Type: generic

[Global flags]
     intx CICompilerCount                          = 4                                         {product} {ergonomic}
     uint ConcGCThreads                            = 2                                         {product} {ergonomic}
     uint G1ConcRefinementThreads                  = 8                                         {product} {ergonomic}
   size_t G1HeapRegionSize                         = 1048576                                   {product} {ergonomic}
    uintx GCDrainStackTargetSize                   = 64                                        {product} {ergonomic}
   size_t InitialHeapSize                          = 130023424                                 {product} {ergonomic}
   size_t MarkStackSize                            = 4194304                                   {product} {ergonomic}
   size_t MaxHeapSize                              = 1073741824                                {product} {command line}
   size_t MaxNewSize                               = 643825664                                 {product} {ergonomic}
   size_t MinHeapDeltaBytes                        = 1048576                                   {product} {ergonomic}
   size_t MinHeapSize                              = 8388608                                   {product} {ergonomic}
    uintx NonNMethodCodeHeapSize                   = 5839372                                {pd product} {ergonomic}
    uintx NonProfiledCodeHeapSize                  = 122909434                              {pd product} {ergonomic}
    uintx ProfiledCodeHeapSize                     = 122909434                              {pd product} {ergonomic}
    uintx ReservedCodeCacheSize                    = 251658240                              {pd product} {ergonomic}
     bool SegmentedCodeCache                       = true                                      {product} {ergonomic}
   size_t SoftMaxHeapSize                          = 1073741824                             {manageable} {ergonomic}
     bool UseCompressedClassPointers               = true                           {product lp64_product} {ergonomic}
     bool UseCompressedOops                        = true                           {product lp64_product} {ergonomic}
     bool UseG1GC                                  = true                                      {product} {ergonomic}
     bool UseLargePagesIndividualAllocation        = false                                  {pd product} {ergonomic}

Logging:
Log output configuration:
 #0: stdout all=warning uptime,level,tags
 #1: stderr all=off uptime,level,tags

Environment Variables:
JAVA_HOME=C:\Program Files\Eclipse Adoptium\jdk-17.0.8.101-hotspot
PATH=C:\ICARE\I-CARE-AI\main\venv\Scripts;C:\Program Files\Eclipse Adoptium\jdk-17.0.8.101-hotspot\bin;C:\app\Administrator\product\21c\dbhomeXE\bin;C:\app\LSA\product\21c\dbhomeXE\bin;C:\WINDOWS\system32;C:\WINDOWS;C:\WINDOWS\System32\Wbem;C:\WINDOWS\System32\WindowsPowerShell\v1.0\;C:\WINDOWS\System32\OpenSSH\;C:\Program Files\MySQL\MySQL Server 5.5\bin;C:\Program Files\Git\cmd;C:\Program Files (x86)\Microsoft SQL Server\160\Tools\Binn\;C:\Program Files\Microsoft SQL Server\160\Tools\Binn\;C:\Program Files\Microsoft SQL Server\Client SDK\ODBC\170\Tools\Binn\;C:\Program Files\Microsoft SQL Server\160\DTS\Binn\;C:\Program Files (x86)\Microsoft SQL Server\160\DTS\Binn\;C:\Program Files\Azure Data Studio\bin;C:\Program Files (x86)\Yarn\bin\;C:\Program Files\Eclipse Adoptium\jdk-17.0.8.101-hotspot\bin;C:\Program Files\nodejs\;C:\Program Files\Graphviz\bin;C:\Program Files\Amazon\AWSCLIV2\;C:\Users\이수아\AppData\Roaming\Python\Python311\Scripts;C:\Windows\System32;C:\Windows;C:\Program Files (x86)\Windows Kits\10\Windows Performance Toolkit\;C:\Users\이수아\AppData\Local\Programs\Python\Python311\Scripts\;C:\Users\이수아\AppData\Local\Programs\Python\Python311\;C:\Users\이수아\AppData\Local\Programs\Python\Python310\Scripts\;C:\Users\이수아\AppData\Local\Programs\Python\Python310\;C:\Users\이수아\AppData\Local\Microsoft\WindowsApps;C:\Users\이수아\AppData\Local\Programs\Microsoft VS Code\bin;C:\Program Files\JetBrains\IntelliJ IDEA Community Edition 2022.2.1\bin;;C:\Program Files\Azure Data Studio\bin;C:\Users\이수아\AppData\Local\Yarn\bin;C:\Users\이수아\AppData\Roaming\npm;
USERNAME=sa
OS=Windows_NT
PROCESSOR_IDENTIFIER=Intel64 Family 6 Model 140 Stepping 1, GenuineIntel
TMP=C:\Users\이수아\AppData\Local\Temp
TEMP=C:\Users\이수아\AppData\Local\Temp



---------------  S Y S T E M  ---------------

OS:
 Windows 11 , 64 bit Build 22621 (10.0.22621.3958)
OS uptime: 0 days 7:29 hours
Hyper-V role detected

CPU: total 8 (initial active 8) (4 cores per cpu, 2 threads per core) family 6 model 140 stepping 1 microcode 0xb4, cx8, cmov, fxsr, ht, mmx, 3dnowpref, sse, sse2, sse3, ssse3, sse4.1, sse4.2, popcnt, lzcnt, tsc, tscinvbit, avx, avx2, aes, erms, clmul, bmi1, bmi2, adx, avx512f, avx512dq, avx512cd, avx512bw, avx512vl, sha, fma, vzeroupper, avx512_vpopcntdq, avx512_vpclmulqdq, avx512_vaes, avx512_vnni, clflush, clflushopt, clwb, avx512_vbmi2, avx512_vbmi, hv
Processor Information for processor 0
  Max Mhz: 2419, Current Mhz: 1007, Mhz Limit: 2419
Processor Information for processor 1
  Max Mhz: 2419, Current Mhz: 1007, Mhz Limit: 2419
Processor Information for processor 2
  Max Mhz: 2419, Current Mhz: 2419, Mhz Limit: 2419
Processor Information for processor 3
  Max Mhz: 2419, Current Mhz: 1007, Mhz Limit: 2419
Processor Information for processor 4
  Max Mhz: 2419, Current Mhz: 1007, Mhz Limit: 2419
Processor Information for processor 5
  Max Mhz: 2419, Current Mhz: 1007, Mhz Limit: 2419
Processor Information for processor 6
  Max Mhz: 2419, Current Mhz: 2419, Mhz Limit: 2419
Processor Information for processor 7
  Max Mhz: 2419, Current Mhz: 1007, Mhz Limit: 2419

Memory: 4k page, system-wide physical 7865M (541M free)
TotalPageFile size 32441M (AvailPageFile size 286M)
current process WorkingSet (physical memory assigned to process): 540M, peak: 555M
current process commit charge ("private bytes"): 2621M, peak: 2881M

vm_info: OpenJDK 64-Bit Server VM (17.0.8.1+1) for windows-amd64 JRE (17.0.8.1+1), built on Aug 23 2023 15:29:17 by "admin" with MS VC++ 16.7 (VS2019)

END.
