#
# There is insufficient memory for the Java Runtime Environment to continue.
# Native memory allocation (mmap) failed to map 157286400 bytes for G1 virtual space
# Possible reasons:
#   The system is out of physical RAM or swap space
#   The process is running with CompressedOops enabled, and the Java Heap may be blocking the growth of the native heap
# Possible solutions:
#   Reduce memory load on the system
#   Increase physical memory or swap space
#   Check if swap backing store is full
#   Decrease Java heap size (-Xmx/-Xms)
#   Decrease number of Java threads
#   Decrease Java thread stack sizes (-Xss)
#   Set larger code cache with -XX:ReservedCodeCacheSize=
#   JVM is running with Unscaled Compressed Oops mode in which the Java heap is
#     placed in the first 4GB address space. The Java Heap base address is the
#     maximum limit for the native heap growth. Please use -XX:HeapBaseMinAddress
#     to set the Java Heap base and to place the Java Heap above 4GB virtual address.
# This output file may be truncated or incomplete.
#
#  Out of Memory Error (os_windows.cpp:3617), pid=6348, tid=6764
#
# JRE version: OpenJDK Runtime Environment Temurin-17.0.8.1+1 (17.0.8.1+1) (build 17.0.8.1+1)
# Java VM: OpenJDK 64-Bit Server VM Temurin-17.0.8.1+1 (17.0.8.1+1, mixed mode, sharing, tiered, compressed oops, compressed class ptrs, g1 gc, windows-amd64)
# No core dump will be written. Minidumps are not enabled by default on client versions of Windows
#

---------------  S U M M A R Y ------------

Command Line: -Dfile.encoding=UTF8 -ea -Xmx1024m 

Host: 11th Gen Intel(R) Core(TM) i5-1135G7 @ 2.40GHz, 8 cores, 7G,  Windows 11 , 64 bit Build 22621 (10.0.22621.3958)
Time: Thu Aug 29 21:19:12 2024 대한민국 표준시 elapsed time: 107.665163 seconds (0d 0h 1m 47s)

---------------  T H R E A D  ---------------

Current thread (0x000002785bdc85d0):  VMThread "VM Thread" [stack: 0x000000a142890000,0x000000a142a80000] [id=6764]

Stack: [0x000000a142890000,0x000000a142a80000]
Native frames: (J=compiled Java code, j=interpreted, Vv=VM code, C=native code)
C  0x00007ffc636f8b0a
C  0x00007ffc638b5e84
C  0x00007ffc638b762e
C  0x00007ffc638b7c93
C  0x00007ffc632c746f
C  0x00007ffc636f5859
C  0x00007ffc636ea0ea
C  0x00007ffc63386c7b
C  0x00007ffc6338e166
C  0x00007ffc633ddd3e
C  0x00007ffc633ddf6f
C  0x00007ffc6335db48
C  0x00007ffc6335bd0c
C  0x00007ffc6335b2dc
C  0x00007ffc6339f18b
C  0x00007ffc638bc15b
C  0x00007ffc638bce94
C  0x00007ffc638bd3ac
C  0x00007ffc638bd784
C  0x00007ffc638bd850
C  0x00007ffc638664ca
C  0x00007ffc636f7955
C  [ucrtbase.dll+0x29333]
C  [KERNEL32.DLL+0x1257d]
C  [ntdll.dll+0x5af28]

VM_Operation (0x000000a13ffdb290): G1CollectForAllocation, mode: safepoint, requested by thread 0x0000027800af5ef0


---------------  P R O C E S S  ---------------

Threads class SMR info:
_java_thread_list=0x0000027815103560, length=15, elements={
0x000002785c27f460, 0x000002785c27d600, 0x000002785c284f80, 0x000002785c2859a0,
0x000002785c285eb0, 0x000002785c2863c0, 0x000002785c2808a0, 0x000002785c4bf380,
0x000002785c4b9930, 0x000002785c2812c0, 0x000002785c281ce0, 0x0000027800afaae0,
0x0000027800af9bb0, 0x0000027800af5ef0, 0x000002785c4c3890
}

Java Threads: ( => current thread )
  0x000002785c27f460 JavaThread "main" [_thread_in_native, id=18792, stack(0x000000a13fc00000,0x000000a13fdf0000)]
  0x000002785c27d600 JavaThread "Reference Handler" daemon [_thread_blocked, id=15580, stack(0x000000a142a80000,0x000000a142c70000)]
  0x000002785c284f80 JavaThread "Finalizer" daemon [_thread_blocked, id=22124, stack(0x000000a142c70000,0x000000a142e60000)]
  0x000002785c2859a0 JavaThread "Signal Dispatcher" daemon [_thread_blocked, id=12952, stack(0x000000a142e60000,0x000000a143050000)]
  0x000002785c285eb0 JavaThread "Attach Listener" daemon [_thread_blocked, id=22032, stack(0x000000a143050000,0x000000a143240000)]
  0x000002785c2863c0 JavaThread "Service Thread" daemon [_thread_blocked, id=21344, stack(0x000000a143240000,0x000000a143430000)]
  0x000002785c2808a0 JavaThread "Monitor Deflation Thread" daemon [_thread_blocked, id=12532, stack(0x000000a143430000,0x000000a143620000)]
  0x000002785c4bf380 JavaThread "C2 CompilerThread0" daemon [_thread_blocked, id=15956, stack(0x000000a143620000,0x000000a143810000)]
  0x000002785c4b9930 JavaThread "C1 CompilerThread0" daemon [_thread_blocked, id=20156, stack(0x000000a143810000,0x000000a143a00000)]
  0x000002785c2812c0 JavaThread "Sweeper thread" daemon [_thread_blocked, id=21268, stack(0x000000a143a00000,0x000000a143bf0000)]
  0x000002785c281ce0 JavaThread "Notification Thread" daemon [_thread_blocked, id=7540, stack(0x000000a143bf0000,0x000000a143de0000)]
  0x0000027800afaae0 JavaThread "Common-Cleaner" daemon [_thread_blocked, id=14032, stack(0x000000a143fd0000,0x000000a1441c0000)]
  0x0000027800af9bb0 JavaThread "Python Reference Queue" daemon [_thread_blocked, id=3320, stack(0x000000a1441c0000,0x000000a1443b0000)]
  0x0000027800af5ef0 JavaThread "Thread-1" daemon [_thread_blocked, id=5840, stack(0x000000a13fdf0000,0x000000a13ffe0000)]
  0x000002785c4c3890 JavaThread "C2 CompilerThread1" daemon [_thread_blocked, id=14356, stack(0x000000a1401d0000,0x000000a1403c0000)]

Other Threads:
=>0x000002785bdc85d0 VMThread "VM Thread" [stack: 0x000000a142890000,0x000000a142a80000] [id=6764]
  0x000002785a7c0400 WatcherThread [stack: 0x000000a143de0000,0x000000a143fd0000] [id=16284]
  0x000002785c545370 GCTaskThread "GC Thread#0" [stack: 0x000000a141ee0000,0x000000a1420d0000] [id=19428]
  0x000002785c5421f0 GCTaskThread "GC Thread#1" [stack: 0x000000a1443b0000,0x000000a1445a0000] [id=20560]
  0x000002785c544b30 GCTaskThread "GC Thread#2" [stack: 0x000000a1445a0000,0x000000a144790000] [id=20960]
  0x000002785c541170 GCTaskThread "GC Thread#3" [stack: 0x000000a144790000,0x000000a144980000] [id=2040]
  0x000002785c5458f0 GCTaskThread "GC Thread#4" [stack: 0x000000a144980000,0x000000a144b70000] [id=20020]
  0x000002785c544030 GCTaskThread "GC Thread#5" [stack: 0x000000a13ffe0000,0x000000a1401d0000] [id=18348]
  0x000002785c53e2b0 GCTaskThread "GC Thread#6" [stack: 0x000000a144b70000,0x000000a144d60000] [id=3212]
  0x000002785c53f5f0 GCTaskThread "GC Thread#7" [stack: 0x000000a144f50000,0x000000a145140000] [id=21224]
  0x000002785c82aa10 ConcurrentGCThread "G1 Main Marker" [stack: 0x000000a1420d0000,0x000000a1422c0000] [id=14340]
  0x000002785c542fb0 ConcurrentGCThread "G1 Conc#0" [stack: 0x000000a1422c0000,0x000000a1424b0000] [id=4940]
  0x000002785c545bb0 ConcurrentGCThread "G1 Conc#1" [stack: 0x000000a145140000,0x000000a145330000] [id=7260]
  0x000002785c1a35b0 ConcurrentGCThread "G1 Refine#0" [stack: 0x000000a1424b0000,0x000000a1426a0000] [id=9276]
  0x000002785c1a2410 ConcurrentGCThread "G1 Refine#1" [stack: 0x000000a145330000,0x000000a145520000] [id=8076]
  0x00000278150d8150 ConcurrentGCThread "G1 Refine#2" [stack: 0x000000a145520000,0x000000a145710000] [id=20836]
  0x00000278150d6fb0 ConcurrentGCThread "G1 Refine#3" [stack: 0x000000a145710000,0x000000a145900000] [id=20824]
  0x000002785beea310 ConcurrentGCThread "G1 Service" [stack: 0x000000a1426a0000,0x000000a142890000] [id=928]

Threads with active compile tasks:
C2 CompilerThread0   109172 2161       4       org.openkoreantext.processor.util.KoreanConjugation$::$anonfun$conjugatePredicated$1 (4900 bytes)
C2 CompilerThread1   109173 2872       4       scala.collection.immutable.HashSet$HashTrieSet::removed0 (287 bytes)

VM state: at safepoint (normal execution)

VM Mutex/Monitor currently owned by a thread:  ([mutex/lock_event])
[0x0000027847d97820] Threads_lock - owner thread: 0x000002785bdc85d0
[0x0000027847d96d70] Heap_lock - owner thread: 0x0000027800af5ef0

Heap address: 0x00000000c0000000, size: 1024 MB, Compressed Oops mode: 32-bit

CDS archive(s) mapped at: [0x000002786e000000-0x000002786ebd0000-0x000002786ebd0000), size 12386304, SharedBaseAddress: 0x000002786e000000, ArchiveRelocationMode: 1.
Compressed class space mapped at: 0x000002786f000000-0x00000278af000000, reserved size: 1073741824
Narrow klass base: 0x000002786e000000, Narrow klass shift: 0, Narrow klass range: 0x100000000

GC Precious Log:
 CPUs: 8 total, 8 available
 Memory: 7865M
 Large Page Support: Disabled
 NUMA Support: Disabled
 Compressed Oops: Enabled (32-bit)
 Heap Region Size: 1M
 Heap Min Capacity: 8M
 Heap Initial Capacity: 124M
 Heap Max Capacity: 1G
 Pre-touch: Disabled
 Parallel Workers: 8
 Concurrent Workers: 2
 Concurrent Refinement Workers: 8
 Periodic GC: Disabled

Heap:
 garbage-first heap   total 153600K, used 60829K [0x00000000c0000000, 0x0000000100000000)
  region size 1024K, 9 young (9216K), 9 survivors (9216K)
 Metaspace       used 9363K, committed 9600K, reserved 1114112K
  class space    used 1416K, committed 1536K, reserved 1048576K

Heap Regions: E=young(eden), S=young(survivor), O=old, HS=humongous(starts), HC=humongous(continues), CS=collection set, F=free, OA=open archive, CA=closed archive, TAMS=top-at-mark-start (previous, next)
|   0|0x00000000c0000000, 0x00000000c00ffe10, 0x00000000c0100000| 99%| O|  |TAMS 0x00000000c00ffe10, 0x00000000c0000000| Untracked 
|   1|0x00000000c0100000, 0x00000000c01ffff0, 0x00000000c0200000| 99%| O|  |TAMS 0x00000000c01ffff0, 0x00000000c0100000| Untracked 
|   2|0x00000000c0200000, 0x00000000c0300000, 0x00000000c0300000|100%| O|  |TAMS 0x00000000c0300000, 0x00000000c0200000| Untracked 
|   3|0x00000000c0300000, 0x00000000c03fffe8, 0x00000000c0400000| 99%| O|  |TAMS 0x00000000c03fffe8, 0x00000000c0300000| Untracked 
|   4|0x00000000c0400000, 0x00000000c04fffe8, 0x00000000c0500000| 99%| O|  |TAMS 0x00000000c04fffe8, 0x00000000c0400000| Untracked 
|   5|0x00000000c0500000, 0x00000000c05ffff8, 0x00000000c0600000| 99%| O|  |TAMS 0x00000000c0500000, 0x00000000c0500000| Untracked 
|   6|0x00000000c0600000, 0x00000000c06ffff0, 0x00000000c0700000| 99%| O|  |TAMS 0x00000000c06ffff0, 0x00000000c0600000| Untracked 
|   7|0x00000000c0700000, 0x00000000c07fffe8, 0x00000000c0800000| 99%| O|  |TAMS 0x00000000c0700000, 0x00000000c0700000| Untracked 
|   8|0x00000000c0800000, 0x00000000c0900000, 0x00000000c0900000|100%| O|  |TAMS 0x00000000c0900000, 0x00000000c0800000| Untracked 
|   9|0x00000000c0900000, 0x00000000c09ffff0, 0x00000000c0a00000| 99%| O|  |TAMS 0x00000000c0900000, 0x00000000c0900000| Untracked 
|  10|0x00000000c0a00000, 0x00000000c0b00000, 0x00000000c0b00000|100%|HS|  |TAMS 0x00000000c0b00000, 0x00000000c0a00000| Untracked 
|  11|0x00000000c0b00000, 0x00000000c0c00000, 0x00000000c0c00000|100%|HC|  |TAMS 0x00000000c0c00000, 0x00000000c0b00000| Untracked 
|  12|0x00000000c0c00000, 0x00000000c0d00000, 0x00000000c0d00000|100%|HS|  |TAMS 0x00000000c0d00000, 0x00000000c0c00000| Untracked 
|  13|0x00000000c0d00000, 0x00000000c0e00000, 0x00000000c0e00000|100%|HC|  |TAMS 0x00000000c0e00000, 0x00000000c0d00000| Untracked 
|  14|0x00000000c0e00000, 0x00000000c0effff0, 0x00000000c0f00000| 99%| O|  |TAMS 0x00000000c0e00000, 0x00000000c0e00000| Untracked 
|  15|0x00000000c0f00000, 0x00000000c1000000, 0x00000000c1000000|100%| O|  |TAMS 0x00000000c1000000, 0x00000000c0f00000| Untracked 
|  16|0x00000000c1000000, 0x00000000c1100000, 0x00000000c1100000|100%| O|  |TAMS 0x00000000c1100000, 0x00000000c1000000| Untracked 
|  17|0x00000000c1100000, 0x00000000c11f2ab8, 0x00000000c1200000| 94%| O|  |TAMS 0x00000000c1100000, 0x00000000c1100000| Untracked 
|  18|0x00000000c1200000, 0x00000000c1300000, 0x00000000c1300000|100%| O|  |TAMS 0x00000000c1200000, 0x00000000c1200000| Untracked 
|  19|0x00000000c1300000, 0x00000000c1400000, 0x00000000c1400000|100%|HS|  |TAMS 0x00000000c1400000, 0x00000000c1300000| Untracked 
|  20|0x00000000c1400000, 0x00000000c1500000, 0x00000000c1500000|100%|HS|  |TAMS 0x00000000c1500000, 0x00000000c1400000| Untracked 
|  21|0x00000000c1500000, 0x00000000c15e53c8, 0x00000000c1600000| 89%| O|  |TAMS 0x00000000c1500000, 0x00000000c1500000| Untracked 
|  22|0x00000000c1600000, 0x00000000c1700000, 0x00000000c1700000|100%| O|  |TAMS 0x00000000c1700000, 0x00000000c1600000| Untracked 
|  23|0x00000000c1700000, 0x00000000c1800000, 0x00000000c1800000|100%| O|  |TAMS 0x00000000c1700000, 0x00000000c1700000| Untracked 
|  24|0x00000000c1800000, 0x00000000c1900000, 0x00000000c1900000|100%| O|  |TAMS 0x00000000c1800000, 0x00000000c1800000| Untracked 
|  25|0x00000000c1900000, 0x00000000c1a00000, 0x00000000c1a00000|100%| O|  |TAMS 0x00000000c1900000, 0x00000000c1900000| Untracked 
|  26|0x00000000c1a00000, 0x00000000c1b00000, 0x00000000c1b00000|100%| O|  |TAMS 0x00000000c1a00000, 0x00000000c1a00000| Untracked 
|  27|0x00000000c1b00000, 0x00000000c1c00000, 0x00000000c1c00000|100%|HS|  |TAMS 0x00000000c1c00000, 0x00000000c1b00000| Untracked 
|  28|0x00000000c1c00000, 0x00000000c1d00000, 0x00000000c1d00000|100%|HC|  |TAMS 0x00000000c1d00000, 0x00000000c1c00000| Untracked 
|  29|0x00000000c1d00000, 0x00000000c1e00000, 0x00000000c1e00000|100%|HS|  |TAMS 0x00000000c1e00000, 0x00000000c1d00000| Untracked 
|  30|0x00000000c1e00000, 0x00000000c1f00000, 0x00000000c1f00000|100%|HC|  |TAMS 0x00000000c1f00000, 0x00000000c1e00000| Untracked 
|  31|0x00000000c1f00000, 0x00000000c2000000, 0x00000000c2000000|100%| O|  |TAMS 0x00000000c1f00000, 0x00000000c1f00000| Untracked 
|  32|0x00000000c2000000, 0x00000000c2100000, 0x00000000c2100000|100%| O|  |TAMS 0x00000000c2000000, 0x00000000c2000000| Untracked 
|  33|0x00000000c2100000, 0x00000000c2200000, 0x00000000c2200000|100%|HS|  |TAMS 0x00000000c2200000, 0x00000000c2100000| Untracked 
|  34|0x00000000c2200000, 0x00000000c2300000, 0x00000000c2300000|100%|HC|  |TAMS 0x00000000c2300000, 0x00000000c2200000| Untracked 
|  35|0x00000000c2300000, 0x00000000c239e600, 0x00000000c2400000| 61%| O|  |TAMS 0x00000000c2300000, 0x00000000c2300000| Untracked 
|  36|0x00000000c2400000, 0x00000000c2400000, 0x00000000c2500000|  0%| F|  |TAMS 0x00000000c2400000, 0x00000000c2400000| Untracked 
|  37|0x00000000c2500000, 0x00000000c2600000, 0x00000000c2600000|100%|HS|  |TAMS 0x00000000c2600000, 0x00000000c2500000| Untracked 
|  38|0x00000000c2600000, 0x00000000c2700000, 0x00000000c2700000|100%|HC|  |TAMS 0x00000000c2700000, 0x00000000c2600000| Untracked 
|  39|0x00000000c2700000, 0x00000000c2700000, 0x00000000c2800000|  0%| F|  |TAMS 0x00000000c2700000, 0x00000000c2700000| Untracked 
|  40|0x00000000c2800000, 0x00000000c2800000, 0x00000000c2900000|  0%| F|  |TAMS 0x00000000c2800000, 0x00000000c2800000| Untracked 
|  41|0x00000000c2900000, 0x00000000c2a00000, 0x00000000c2a00000|100%| O|  |TAMS 0x00000000c2900000, 0x00000000c2900000| Untracked 
|  42|0x00000000c2a00000, 0x00000000c2b00000, 0x00000000c2b00000|100%|HS|  |TAMS 0x00000000c2b00000, 0x00000000c2a00000| Untracked 
|  43|0x00000000c2b00000, 0x00000000c2bfffc0, 0x00000000c2c00000| 99%| O|  |TAMS 0x00000000c2bfffc0, 0x00000000c2b00000| Untracked 
|  44|0x00000000c2c00000, 0x00000000c2d00000, 0x00000000c2d00000|100%| O|  |TAMS 0x00000000c2c00000, 0x00000000c2c00000| Untracked 
|  45|0x00000000c2d00000, 0x00000000c2d7c140, 0x00000000c2e00000| 48%| O|  |TAMS 0x00000000c2d00000, 0x00000000c2d00000| Untracked 
|  46|0x00000000c2e00000, 0x00000000c2e00000, 0x00000000c2f00000|  0%| F|  |TAMS 0x00000000c2e00000, 0x00000000c2e00000| Untracked 
|  47|0x00000000c2f00000, 0x00000000c2f00000, 0x00000000c3000000|  0%| F|  |TAMS 0x00000000c2f00000, 0x00000000c2f00000| Untracked 
|  48|0x00000000c3000000, 0x00000000c3000000, 0x00000000c3100000|  0%| F|  |TAMS 0x00000000c3000000, 0x00000000c3000000| Untracked 
|  49|0x00000000c3100000, 0x00000000c3100000, 0x00000000c3200000|  0%| F|  |TAMS 0x00000000c3100000, 0x00000000c3100000| Untracked 
|  50|0x00000000c3200000, 0x00000000c3200000, 0x00000000c3300000|  0%| F|  |TAMS 0x00000000c3200000, 0x00000000c3200000| Untracked 
|  51|0x00000000c3300000, 0x00000000c3300000, 0x00000000c3400000|  0%| F|  |TAMS 0x00000000c3300000, 0x00000000c3300000| Untracked 
|  52|0x00000000c3400000, 0x00000000c3400000, 0x00000000c3500000|  0%| F|  |TAMS 0x00000000c3400000, 0x00000000c3400000| Untracked 
|  53|0x00000000c3500000, 0x00000000c3500000, 0x00000000c3600000|  0%| F|  |TAMS 0x00000000c3500000, 0x00000000c3500000| Untracked 
|  54|0x00000000c3600000, 0x00000000c3600000, 0x00000000c3700000|  0%| F|  |TAMS 0x00000000c3600000, 0x00000000c3600000| Untracked 
|  55|0x00000000c3700000, 0x00000000c3700000, 0x00000000c3800000|  0%| F|  |TAMS 0x00000000c3700000, 0x00000000c3700000| Untracked 
|  56|0x00000000c3800000, 0x00000000c3800000, 0x00000000c3900000|  0%| F|  |TAMS 0x00000000c3800000, 0x00000000c3800000| Untracked 
|  57|0x00000000c3900000, 0x00000000c3900000, 0x00000000c3a00000|  0%| F|  |TAMS 0x00000000c3900000, 0x00000000c3900000| Untracked 
|  58|0x00000000c3a00000, 0x00000000c3a00000, 0x00000000c3b00000|  0%| F|  |TAMS 0x00000000c3a00000, 0x00000000c3a00000| Untracked 
|  59|0x00000000c3b00000, 0x00000000c3b00000, 0x00000000c3c00000|  0%| F|  |TAMS 0x00000000c3b00000, 0x00000000c3b00000| Untracked 
|  60|0x00000000c3c00000, 0x00000000c3d00000, 0x00000000c3d00000|100%| O|  |TAMS 0x00000000c3d00000, 0x00000000c3c00000| Untracked 
|  61|0x00000000c3d00000, 0x00000000c3d00000, 0x00000000c3e00000|  0%| F|  |TAMS 0x00000000c3d00000, 0x00000000c3d00000| Untracked 
|  62|0x00000000c3e00000, 0x00000000c3f00000, 0x00000000c3f00000|100%| O|  |TAMS 0x00000000c3f00000, 0x00000000c3e00000| Untracked 
|  63|0x00000000c3f00000, 0x00000000c4000000, 0x00000000c4000000|100%| O|  |TAMS 0x00000000c4000000, 0x00000000c3f00000| Untracked 
|  64|0x00000000c4000000, 0x00000000c4000000, 0x00000000c4100000|  0%| F|  |TAMS 0x00000000c4000000, 0x00000000c4000000| Untracked 
|  65|0x00000000c4100000, 0x00000000c4100000, 0x00000000c4200000|  0%| F|  |TAMS 0x00000000c4100000, 0x00000000c4100000| Untracked 
|  66|0x00000000c4200000, 0x00000000c4200000, 0x00000000c4300000|  0%| F|  |TAMS 0x00000000c4200000, 0x00000000c4200000| Untracked 
|  67|0x00000000c4300000, 0x00000000c4300000, 0x00000000c4400000|  0%| F|  |TAMS 0x00000000c4300000, 0x00000000c4300000| Untracked 
|  68|0x00000000c4400000, 0x00000000c4480000, 0x00000000c4500000| 50%| S|CS|TAMS 0x00000000c4400000, 0x00000000c4400000| Complete 
|  69|0x00000000c4500000, 0x00000000c4600000, 0x00000000c4600000|100%| S|CS|TAMS 0x00000000c4500000, 0x00000000c4500000| Complete 
|  70|0x00000000c4600000, 0x00000000c4700000, 0x00000000c4700000|100%| S|CS|TAMS 0x00000000c4600000, 0x00000000c4600000| Complete 
|  71|0x00000000c4700000, 0x00000000c4800000, 0x00000000c4800000|100%| S|CS|TAMS 0x00000000c4700000, 0x00000000c4700000| Complete 
|  72|0x00000000c4800000, 0x00000000c4900000, 0x00000000c4900000|100%| S|CS|TAMS 0x00000000c4800000, 0x00000000c4800000| Complete 
|  73|0x00000000c4900000, 0x00000000c4900000, 0x00000000c4a00000|  0%| F|  |TAMS 0x00000000c4900000, 0x00000000c4900000| Untracked 
|  74|0x00000000c4a00000, 0x00000000c4a00000, 0x00000000c4b00000|  0%| F|  |TAMS 0x00000000c4a00000, 0x00000000c4a00000| Untracked 
|  75|0x00000000c4b00000, 0x00000000c4c00000, 0x00000000c4c00000|100%| O|  |TAMS 0x00000000c4c00000, 0x00000000c4b00000| Untracked 
|  76|0x00000000c4c00000, 0x00000000c4d00000, 0x00000000c4d00000|100%| O|  |TAMS 0x00000000c4d00000, 0x00000000c4c00000| Untracked 
|  77|0x00000000c4d00000, 0x00000000c4e00000, 0x00000000c4e00000|100%| O|  |TAMS 0x00000000c4e00000, 0x00000000c4d00000| Untracked 
|  78|0x00000000c4e00000, 0x00000000c4ef5348, 0x00000000c4f00000| 95%| O|  |TAMS 0x00000000c4e00000, 0x00000000c4e00000| Untracked 
|  79|0x00000000c4f00000, 0x00000000c4f00000, 0x00000000c5000000|  0%| F|  |TAMS 0x00000000c4f00000, 0x00000000c4f00000| Untracked 
|  80|0x00000000c5000000, 0x00000000c5100000, 0x00000000c5100000|100%| O|  |TAMS 0x00000000c5100000, 0x00000000c5000000| Untracked 
|  81|0x00000000c5100000, 0x00000000c5200000, 0x00000000c5200000|100%| O|  |TAMS 0x00000000c5200000, 0x00000000c5100000| Untracked 
|  82|0x00000000c5200000, 0x00000000c5200000, 0x00000000c5300000|  0%| F|  |TAMS 0x00000000c5200000, 0x00000000c5200000| Untracked 
|  83|0x00000000c5300000, 0x00000000c5300000, 0x00000000c5400000|  0%| F|  |TAMS 0x00000000c5300000, 0x00000000c5300000| Untracked 
|  84|0x00000000c5400000, 0x00000000c5400000, 0x00000000c5500000|  0%| F|  |TAMS 0x00000000c5400000, 0x00000000c5400000| Untracked 
|  85|0x00000000c5500000, 0x00000000c5500000, 0x00000000c5600000|  0%| F|  |TAMS 0x00000000c5500000, 0x00000000c5500000| Untracked 
|  86|0x00000000c5600000, 0x00000000c5600000, 0x00000000c5700000|  0%| F|  |TAMS 0x00000000c5600000, 0x00000000c5600000| Untracked 
|  87|0x00000000c5700000, 0x00000000c5800000, 0x00000000c5800000|100%| S|CS|TAMS 0x00000000c5700000, 0x00000000c5700000| Complete 
|  88|0x00000000c5800000, 0x00000000c5900000, 0x00000000c5900000|100%| S|CS|TAMS 0x00000000c5800000, 0x00000000c5800000| Complete 
|  89|0x00000000c5900000, 0x00000000c5a00000, 0x00000000c5a00000|100%| S|CS|TAMS 0x00000000c5900000, 0x00000000c5900000| Complete 
|  90|0x00000000c5a00000, 0x00000000c5b00000, 0x00000000c5b00000|100%| S|CS|TAMS 0x00000000c5a00000, 0x00000000c5a00000| Complete 
|  91|0x00000000c5b00000, 0x00000000c5b00000, 0x00000000c5c00000|  0%| F|  |TAMS 0x00000000c5b00000, 0x00000000c5b00000| Untracked 
|  92|0x00000000c5c00000, 0x00000000c5c00000, 0x00000000c5d00000|  0%| F|  |TAMS 0x00000000c5c00000, 0x00000000c5c00000| Untracked 
|  93|0x00000000c5d00000, 0x00000000c5d00000, 0x00000000c5e00000|  0%| F|  |TAMS 0x00000000c5d00000, 0x00000000c5d00000| Untracked 
|  94|0x00000000c5e00000, 0x00000000c5e00000, 0x00000000c5f00000|  0%| F|  |TAMS 0x00000000c5e00000, 0x00000000c5e00000| Untracked 
|  95|0x00000000c5f00000, 0x00000000c5f00000, 0x00000000c6000000|  0%| F|  |TAMS 0x00000000c5f00000, 0x00000000c5f00000| Untracked 
|  96|0x00000000c6000000, 0x00000000c6000000, 0x00000000c6100000|  0%| F|  |TAMS 0x00000000c6000000, 0x00000000c6000000| Untracked 
|  97|0x00000000c6100000, 0x00000000c6100000, 0x00000000c6200000|  0%| F|  |TAMS 0x00000000c6100000, 0x00000000c6100000| Untracked 
|  98|0x00000000c6200000, 0x00000000c6200000, 0x00000000c6300000|  0%| F|  |TAMS 0x00000000c6200000, 0x00000000c6200000| Untracked 
|  99|0x00000000c6300000, 0x00000000c6300000, 0x00000000c6400000|  0%| F|  |TAMS 0x00000000c6300000, 0x00000000c6300000| Untracked 
| 100|0x00000000c6400000, 0x00000000c6400000, 0x00000000c6500000|  0%| F|  |TAMS 0x00000000c6400000, 0x00000000c6400000| Untracked 
| 101|0x00000000c6500000, 0x00000000c6500000, 0x00000000c6600000|  0%| F|  |TAMS 0x00000000c6500000, 0x00000000c6500000| Untracked 
| 102|0x00000000c6600000, 0x00000000c6600000, 0x00000000c6700000|  0%| F|  |TAMS 0x00000000c6600000, 0x00000000c6600000| Untracked 
| 103|0x00000000c6700000, 0x00000000c6700000, 0x00000000c6800000|  0%| F|  |TAMS 0x00000000c6700000, 0x00000000c6700000| Untracked 
| 104|0x00000000c6800000, 0x00000000c6800000, 0x00000000c6900000|  0%| F|  |TAMS 0x00000000c6800000, 0x00000000c6800000| Untracked 
| 105|0x00000000c6900000, 0x00000000c6900000, 0x00000000c6a00000|  0%| F|  |TAMS 0x00000000c6900000, 0x00000000c6900000| Untracked 
| 106|0x00000000c6a00000, 0x00000000c6a00000, 0x00000000c6b00000|  0%| F|  |TAMS 0x00000000c6a00000, 0x00000000c6a00000| Untracked 
| 107|0x00000000c6b00000, 0x00000000c6b00000, 0x00000000c6c00000|  0%| F|  |TAMS 0x00000000c6b00000, 0x00000000c6b00000| Untracked 
| 108|0x00000000c6c00000, 0x00000000c6c00000, 0x00000000c6d00000|  0%| F|  |TAMS 0x00000000c6c00000, 0x00000000c6c00000| Untracked 
| 109|0x00000000c6d00000, 0x00000000c6d00000, 0x00000000c6e00000|  0%| F|  |TAMS 0x00000000c6d00000, 0x00000000c6d00000| Untracked 
| 110|0x00000000c6e00000, 0x00000000c6e00000, 0x00000000c6f00000|  0%| F|  |TAMS 0x00000000c6e00000, 0x00000000c6e00000| Untracked 
| 111|0x00000000c6f00000, 0x00000000c6f00000, 0x00000000c7000000|  0%| F|  |TAMS 0x00000000c6f00000, 0x00000000c6f00000| Untracked 
| 112|0x00000000c7000000, 0x00000000c7000000, 0x00000000c7100000|  0%| F|  |TAMS 0x00000000c7000000, 0x00000000c7000000| Untracked 
| 113|0x00000000c7100000, 0x00000000c7100000, 0x00000000c7200000|  0%| F|  |TAMS 0x00000000c7100000, 0x00000000c7100000| Untracked 
| 114|0x00000000c7200000, 0x00000000c7200000, 0x00000000c7300000|  0%| F|  |TAMS 0x00000000c7200000, 0x00000000c7200000| Untracked 
| 115|0x00000000c7300000, 0x00000000c7300000, 0x00000000c7400000|  0%| F|  |TAMS 0x00000000c7300000, 0x00000000c7300000| Untracked 
| 116|0x00000000c7400000, 0x00000000c7400000, 0x00000000c7500000|  0%| F|  |TAMS 0x00000000c7400000, 0x00000000c7400000| Untracked 
| 117|0x00000000c7500000, 0x00000000c7500000, 0x00000000c7600000|  0%| F|  |TAMS 0x00000000c7500000, 0x00000000c7500000| Untracked 
| 118|0x00000000c7600000, 0x00000000c7600000, 0x00000000c7700000|  0%| F|  |TAMS 0x00000000c7600000, 0x00000000c7600000| Untracked 
| 119|0x00000000c7700000, 0x00000000c7700000, 0x00000000c7800000|  0%| F|  |TAMS 0x00000000c7700000, 0x00000000c7700000| Untracked 
| 120|0x00000000c7800000, 0x00000000c7800000, 0x00000000c7900000|  0%| F|  |TAMS 0x00000000c7800000, 0x00000000c7800000| Untracked 
| 121|0x00000000c7900000, 0x00000000c7900000, 0x00000000c7a00000|  0%| F|  |TAMS 0x00000000c7900000, 0x00000000c7900000| Untracked 
| 122|0x00000000c7a00000, 0x00000000c7a00000, 0x00000000c7b00000|  0%| F|  |TAMS 0x00000000c7a00000, 0x00000000c7a00000| Untracked 
| 123|0x00000000c7b00000, 0x00000000c7b00000, 0x00000000c7c00000|  0%| F|  |TAMS 0x00000000c7b00000, 0x00000000c7b00000| Untracked 
| 124|0x00000000c7c00000, 0x00000000c7c00000, 0x00000000c7d00000|  0%| F|  |TAMS 0x00000000c7c00000, 0x00000000c7c00000| Untracked 
| 125|0x00000000c7d00000, 0x00000000c7d00000, 0x00000000c7e00000|  0%| F|  |TAMS 0x00000000c7d00000, 0x00000000c7d00000| Untracked 
| 126|0x00000000c7e00000, 0x00000000c7e00000, 0x00000000c7f00000|  0%| F|  |TAMS 0x00000000c7e00000, 0x00000000c7e00000| Untracked 
| 127|0x00000000c7f00000, 0x00000000c7f00000, 0x00000000c8000000|  0%| F|  |TAMS 0x00000000c7f00000, 0x00000000c7f00000| Untracked 
| 128|0x00000000c8000000, 0x00000000c8000000, 0x00000000c8100000|  0%| F|  |TAMS 0x00000000c8000000, 0x00000000c8000000| Untracked 
| 129|0x00000000c8100000, 0x00000000c8100000, 0x00000000c8200000|  0%| F|  |TAMS 0x00000000c8100000, 0x00000000c8100000| Untracked 
| 130|0x00000000c8200000, 0x00000000c8200000, 0x00000000c8300000|  0%| F|  |TAMS 0x00000000c8200000, 0x00000000c8200000| Untracked 
| 131|0x00000000c8300000, 0x00000000c8300000, 0x00000000c8400000|  0%| F|  |TAMS 0x00000000c8300000, 0x00000000c8300000| Untracked 
| 132|0x00000000c8400000, 0x00000000c8400000, 0x00000000c8500000|  0%| F|  |TAMS 0x00000000c8400000, 0x00000000c8400000| Untracked 
| 133|0x00000000c8500000, 0x00000000c8500000, 0x00000000c8600000|  0%| F|  |TAMS 0x00000000c8500000, 0x00000000c8500000| Untracked 
| 134|0x00000000c8600000, 0x00000000c8600000, 0x00000000c8700000|  0%| F|  |TAMS 0x00000000c8600000, 0x00000000c8600000| Untracked 
| 135|0x00000000c8700000, 0x00000000c8700000, 0x00000000c8800000|  0%| F|  |TAMS 0x00000000c8700000, 0x00000000c8700000| Untracked 
| 136|0x00000000c8800000, 0x00000000c8800000, 0x00000000c8900000|  0%| F|  |TAMS 0x00000000c8800000, 0x00000000c8800000| Untracked 
| 137|0x00000000c8900000, 0x00000000c8900000, 0x00000000c8a00000|  0%| F|  |TAMS 0x00000000c8900000, 0x00000000c8900000| Untracked 
| 138|0x00000000c8a00000, 0x00000000c8a00000, 0x00000000c8b00000|  0%| F|  |TAMS 0x00000000c8a00000, 0x00000000c8a00000| Untracked 
| 139|0x00000000c8b00000, 0x00000000c8b00000, 0x00000000c8c00000|  0%| F|  |TAMS 0x00000000c8b00000, 0x00000000c8b00000| Untracked 
| 140|0x00000000c8c00000, 0x00000000c8c00000, 0x00000000c8d00000|  0%| F|  |TAMS 0x00000000c8c00000, 0x00000000c8c00000| Untracked 
| 141|0x00000000c8d00000, 0x00000000c8d00000, 0x00000000c8e00000|  0%| F|  |TAMS 0x00000000c8d00000, 0x00000000c8d00000| Untracked 
| 142|0x00000000c8e00000, 0x00000000c8e00000, 0x00000000c8f00000|  0%| F|  |TAMS 0x00000000c8e00000, 0x00000000c8e00000| Untracked 
| 143|0x00000000c8f00000, 0x00000000c8f00000, 0x00000000c9000000|  0%| F|  |TAMS 0x00000000c8f00000, 0x00000000c8f00000| Untracked 
| 144|0x00000000c9000000, 0x00000000c9000000, 0x00000000c9100000|  0%| F|  |TAMS 0x00000000c9000000, 0x00000000c9000000| Untracked 
| 145|0x00000000c9100000, 0x00000000c9100000, 0x00000000c9200000|  0%| F|  |TAMS 0x00000000c9100000, 0x00000000c9100000| Untracked 
| 146|0x00000000c9200000, 0x00000000c9200000, 0x00000000c9300000|  0%| F|  |TAMS 0x00000000c9200000, 0x00000000c9200000| Untracked 
| 147|0x00000000c9300000, 0x00000000c9300000, 0x00000000c9400000|  0%| F|  |TAMS 0x00000000c9300000, 0x00000000c9300000| Untracked 
| 148|0x00000000c9400000, 0x00000000c9400000, 0x00000000c9500000|  0%| F|  |TAMS 0x00000000c9400000, 0x00000000c9400000| Untracked 
| 149|0x00000000c9500000, 0x00000000c9500000, 0x00000000c9600000|  0%| F|  |TAMS 0x00000000c9500000, 0x00000000c9500000| Untracked 

Card table byte_map: [0x00000278098b0000,0x0000027809ab0000] _byte_map_base: 0x00000278092b0000

Marking Bits (Prev, Next): (CMBitMap*) 0x000002785c4313a0, (CMBitMap*) 0x000002785c4313e0
 Prev Bits: [0x0000027809cb0000, 0x000002780acb0000)
 Next Bits: [0x000002780acb0000, 0x000002780bcb0000)

Polling page: 0x0000027808c20000

Metaspace:

Usage:
  Non-class:      7.76 MB used.
      Class:      1.38 MB used.
       Both:      9.14 MB used.

Virtual space:
  Non-class space:       64.00 MB reserved,       7.88 MB ( 12%) committed,  1 nodes.
      Class space:        1.00 GB reserved,       1.50 MB ( <1%) committed,  1 nodes.
             Both:        1.06 GB reserved,       9.38 MB ( <1%) committed. 

Chunk freelists:
   Non-Class:  6.67 MB
       Class:  14.53 MB
        Both:  21.20 MB

MaxMetaspaceSize: unlimited
CompressedClassSpaceSize: 1.00 GB
Initial GC threshold: 21.00 MB
Current GC threshold: 21.00 MB
CDS: on
MetaspaceReclaimPolicy: balanced
 - commit_granule_bytes: 65536.
 - commit_granule_words: 8192.
 - virtual_space_node_default_size: 8388608.
 - enlarge_chunks_in_place: 1.
 - new_chunks_are_fully_committed: 0.
 - uncommit_free_chunks: 1.
 - use_allocation_guard: 0.
 - handle_deallocations: 1.


Internal statistics:

num_allocs_failed_limit: 0.
num_arena_births: 102.
num_arena_deaths: 0.
num_vsnodes_births: 2.
num_vsnodes_deaths: 0.
num_space_committed: 150.
num_space_uncommitted: 0.
num_chunks_returned_to_freelist: 0.
num_chunks_taken_from_freelist: 364.
num_chunk_merges: 0.
num_chunk_splits: 273.
num_chunks_enlarged: 232.
num_inconsistent_stats: 0.

CodeHeap 'non-profiled nmethods': size=120000Kb used=1481Kb max_used=1481Kb free=118518Kb
 bounds [0x0000027865ba0000, 0x0000027865e10000, 0x000002786d0d0000]
CodeHeap 'profiled nmethods': size=120000Kb used=4671Kb max_used=4671Kb free=115329Kb
 bounds [0x000002785e0d0000, 0x000002785e560000, 0x0000027865600000]
CodeHeap 'non-nmethods': size=5760Kb used=1170Kb max_used=1204Kb free=4589Kb
 bounds [0x0000027865600000, 0x0000027865870000, 0x0000027865ba0000]
 total_blobs=3308 nmethods=2872 adapters=347
 compilation: enabled
              stopped_count=0, restarted_count=0
 full_count=0

Compilation events (20 events):
Event: 107.495 Thread 0x000002785c4c3890 nmethod 2871 0x0000027865d0c710 code [0x0000027865d0c900, 0x0000027865d0cde8]
Event: 107.495 Thread 0x000002785c4c3890 2870       4       scala.collection.immutable.VectorBuilder::$plus$eq (6 bytes)
Event: 107.504 Thread 0x000002785c4c3890 nmethod 2870 0x0000027865d0d290 code [0x0000027865d0d420, 0x0000027865d0d668]
Event: 107.504 Thread 0x000002785c4c3890 2873       4       scala.collection.immutable.List::$plus$plus (33 bytes)
Event: 107.510 Thread 0x000002785c4c3890 nmethod 2873 0x0000027865d0d810 code [0x0000027865d0d9c0, 0x0000027865d0dbc8]
Event: 107.510 Thread 0x000002785c4c3890 2877       4       scala.collection.immutable.HashSet$HashSet1::updated0 (81 bytes)
Event: 107.512 Thread 0x000002785c4b9930 2878   !   3       org.openkoreantext.processor.util.KoreanConjugation$::expanded$lzycompute$1 (63 bytes)
Event: 107.515 Thread 0x000002785c4b9930 nmethod 2878 0x000002785e55d910 code [0x000002785e55db80, 0x000002785e55e9d8]
Event: 107.527 Thread 0x000002785c4b9930 2879       3       scala.collection.immutable.HashSet$::emptyInstance (5 bytes)
Event: 107.527 Thread 0x000002785c4b9930 nmethod 2879 0x000002785e55ef90 code [0x000002785e55f120, 0x000002785e55f298]
Event: 107.540 Thread 0x000002785c4c3890 nmethod 2877 0x0000027865d0de10 code [0x0000027865d0e020, 0x0000027865d0e908]
Event: 107.540 Thread 0x000002785c4c3890 2874       4       scala.collection.mutable.ListBuffer::sizeHint (6 bytes)
Event: 107.542 Thread 0x000002785c4c3890 nmethod 2874 0x0000027865d0f010 code [0x0000027865d0f180, 0x0000027865d0f218]
Event: 107.542 Thread 0x000002785c4c3890 2876       4       scala.collection.immutable.List::thisCollection (5 bytes)
Event: 107.543 Thread 0x000002785c4c3890 nmethod 2876 0x0000027865d0f310 code [0x0000027865d0f480, 0x0000027865d0f4f8]
Event: 107.543 Thread 0x000002785c4c3890 2875       4       scala.collection.mutable.WrappedArray::isEmpty (5 bytes)
Event: 107.544 Thread 0x000002785c4c3890 nmethod 2875 0x0000027865d0f610 code [0x0000027865d0f780, 0x0000027865d0f818]
Event: 107.544 Thread 0x000002785c4c3890 2872       4       scala.collection.immutable.HashSet$HashTrieSet::removed0 (287 bytes)
Event: 107.586 Thread 0x000002785c4b9930 2885       3       org.openkoreantext.processor.util.KoreanConjugation$$$Lambda$84/0x000002786f12f858::apply (12 bytes)
Event: 107.587 Thread 0x000002785c4b9930 nmethod 2885 0x000002785e55f390 code [0x000002785e55f580, 0x000002785e55fa58]

GC Heap History (20 events):
Event: 104.086 GC heap after
{Heap after GC invocations=16 (full 5):
 garbage-first heap   total 58368K, used 17515K [0x00000000c0000000, 0x0000000100000000)
  region size 1024K, 0 young (0K), 0 survivors (0K)
 Metaspace       used 7636K, committed 7872K, reserved 1114112K
  class space    used 1154K, committed 1280K, reserved 1048576K
}
Event: 104.300 GC heap before
{Heap before GC invocations=16 (full 5):
 garbage-first heap   total 58368K, used 37995K [0x00000000c0000000, 0x0000000100000000)
  region size 1024K, 20 young (20480K), 0 survivors (0K)
 Metaspace       used 7727K, committed 7936K, reserved 1114112K
  class space    used 1154K, committed 1280K, reserved 1048576K
}
Event: 104.309 GC heap after
{Heap after GC invocations=17 (full 5):
 garbage-first heap   total 58368K, used 19353K [0x00000000c0000000, 0x0000000100000000)
  region size 1024K, 2 young (2048K), 2 survivors (2048K)
 Metaspace       used 7727K, committed 7936K, reserved 1114112K
  class space    used 1154K, committed 1280K, reserved 1048576K
}
Event: 104.356 GC heap before
{Heap before GC invocations=17 (full 5):
 garbage-first heap   total 58368K, used 25497K [0x00000000c0000000, 0x0000000100000000)
  region size 1024K, 9 young (9216K), 2 survivors (2048K)
 Metaspace       used 7728K, committed 7936K, reserved 1114112K
  class space    used 1154K, committed 1280K, reserved 1048576K
}
Event: 104.419 GC heap after
{Heap after GC invocations=18 (full 6):
 garbage-first heap   total 58368K, used 19753K [0x00000000c0000000, 0x0000000100000000)
  region size 1024K, 0 young (0K), 0 survivors (0K)
 Metaspace       used 7728K, committed 7936K, reserved 1114112K
  class space    used 1154K, committed 1280K, reserved 1048576K
}
Event: 104.566 GC heap before
{Heap before GC invocations=18 (full 6):
 garbage-first heap   total 58368K, used 42281K [0x00000000c0000000, 0x0000000100000000)
  region size 1024K, 22 young (22528K), 0 survivors (0K)
 Metaspace       used 7732K, committed 8000K, reserved 1114112K
  class space    used 1154K, committed 1280K, reserved 1048576K
}
Event: 104.585 GC heap after
{Heap after GC invocations=19 (full 6):
 garbage-first heap   total 58368K, used 22271K [0x00000000c0000000, 0x0000000100000000)
  region size 1024K, 3 young (3072K), 3 survivors (3072K)
 Metaspace       used 7732K, committed 8000K, reserved 1114112K
  class space    used 1154K, committed 1280K, reserved 1048576K
}
Event: 104.710 GC heap before
{Heap before GC invocations=19 (full 6):
 garbage-first heap   total 58368K, used 42751K [0x00000000c0000000, 0x0000000100000000)
  region size 1024K, 23 young (23552K), 3 survivors (3072K)
 Metaspace       used 7741K, committed 8000K, reserved 1114112K
  class space    used 1154K, committed 1280K, reserved 1048576K
}
Event: 104.731 GC heap after
{Heap after GC invocations=20 (full 6):
 garbage-first heap   total 58368K, used 24222K [0x00000000c0000000, 0x0000000100000000)
  region size 1024K, 3 young (3072K), 3 survivors (3072K)
 Metaspace       used 7741K, committed 8000K, reserved 1114112K
  class space    used 1154K, committed 1280K, reserved 1048576K
}
Event: 104.902 GC heap before
{Heap before GC invocations=20 (full 6):
 garbage-first heap   total 58368K, used 44702K [0x00000000c0000000, 0x0000000100000000)
  region size 1024K, 22 young (22528K), 3 survivors (3072K)
 Metaspace       used 7889K, committed 8192K, reserved 1114112K
  class space    used 1199K, committed 1344K, reserved 1048576K
}
Event: 104.931 GC heap after
{Heap after GC invocations=21 (full 6):
 garbage-first heap   total 164864K, used 29567K [0x00000000c0000000, 0x0000000100000000)
  region size 1024K, 3 young (3072K), 3 survivors (3072K)
 Metaspace       used 7889K, committed 8192K, reserved 1114112K
  class space    used 1199K, committed 1344K, reserved 1048576K
}
Event: 105.343 GC heap before
{Heap before GC invocations=21 (full 6):
 garbage-first heap   total 164864K, used 117631K [0x00000000c0000000, 0x0000000100000000)
  region size 1024K, 89 young (91136K), 3 survivors (3072K)
 Metaspace       used 7904K, committed 8192K, reserved 1114112K
  class space    used 1201K, committed 1344K, reserved 1048576K
}
Event: 105.376 GC heap after
{Heap after GC invocations=22 (full 6):
 garbage-first heap   total 164864K, used 37698K [0x00000000c0000000, 0x0000000100000000)
  region size 1024K, 11 young (11264K), 11 survivors (11264K)
 Metaspace       used 7904K, committed 8192K, reserved 1114112K
  class space    used 1201K, committed 1344K, reserved 1048576K
}
Event: 106.539 GC heap before
{Heap before GC invocations=22 (full 6):
 garbage-first heap   total 164864K, used 129858K [0x00000000c0000000, 0x0000000100000000)
  region size 1024K, 90 young (92160K), 11 survivors (11264K)
 Metaspace       used 8706K, committed 8960K, reserved 1114112K
  class space    used 1342K, committed 1472K, reserved 1048576K
}
Event: 106.598 GC heap after
{Heap after GC invocations=23 (full 6):
 garbage-first heap   total 164864K, used 54878K [0x00000000c0000000, 0x0000000100000000)
  region size 1024K, 12 young (12288K), 12 survivors (12288K)
 Metaspace       used 8706K, committed 8960K, reserved 1114112K
  class space    used 1342K, committed 1472K, reserved 1048576K
}
Event: 106.895 GC heap before
{Heap before GC invocations=23 (full 6):
 garbage-first heap   total 164864K, used 76382K [0x00000000c0000000, 0x0000000100000000)
  region size 1024K, 33 young (33792K), 12 survivors (12288K)
 Metaspace       used 9195K, committed 9408K, reserved 1114112K
  class space    used 1410K, committed 1536K, reserved 1048576K
}
Event: 106.984 GC heap after
{Heap after GC invocations=24 (full 7):
 garbage-first heap   total 153600K, used 45348K [0x00000000c0000000, 0x0000000100000000)
  region size 1024K, 0 young (0K), 0 survivors (0K)
 Metaspace       used 9195K, committed 9408K, reserved 1114112K
  class space    used 1410K, committed 1536K, reserved 1048576K
}
Event: 107.364 GC heap before
{Heap before GC invocations=24 (full 7):
 garbage-first heap   total 153600K, used 109860K [0x00000000c0000000, 0x0000000100000000)
  region size 1024K, 63 young (64512K), 0 survivors (0K)
 Metaspace       used 9363K, committed 9600K, reserved 1114112K
  class space    used 1416K, committed 1536K, reserved 1048576K
}
Event: 107.389 GC heap after
{Heap after GC invocations=25 (full 7):
 garbage-first heap   total 153600K, used 53540K [0x00000000c0000000, 0x0000000100000000)
  region size 1024K, 8 young (8192K), 8 survivors (8192K)
 Metaspace       used 9363K, committed 9600K, reserved 1114112K
  class space    used 1416K, committed 1536K, reserved 1048576K
}
Event: 107.608 GC heap before
{Heap before GC invocations=25 (full 7):
 garbage-first heap   total 153600K, used 113956K [0x00000000c0000000, 0x0000000100000000)
  region size 1024K, 67 young (68608K), 8 survivors (8192K)
 Metaspace       used 9363K, committed 9600K, reserved 1114112K
  class space    used 1416K, committed 1536K, reserved 1048576K
}

Dll operation events (8 events):
Event: 0.037 Loaded shared library C:\Program Files\Eclipse Adoptium\jdk-17.0.8.101-hotspot\bin\java.dll
Event: 0.111 Loaded shared library C:\Program Files\Eclipse Adoptium\jdk-17.0.8.101-hotspot\bin\jsvml.dll
Event: 0.302 Loaded shared library C:\Program Files\Eclipse Adoptium\jdk-17.0.8.101-hotspot\bin\net.dll
Event: 0.308 Loaded shared library C:\Program Files\Eclipse Adoptium\jdk-17.0.8.101-hotspot\bin\nio.dll
Event: 0.326 Loaded shared library C:\Program Files\Eclipse Adoptium\jdk-17.0.8.101-hotspot\bin\zip.dll
Event: 0.498 Loaded shared library C:\ICARE\I-CARE-AI\main\venv\Lib\site-packages\_jpype.cp311-win_amd64.pyd
Event: 1.078 Loaded shared library C:\Program Files\Eclipse Adoptium\jdk-17.0.8.101-hotspot\bin\jimage.dll
Event: 102.897 Loaded shared library C:\Program Files\Eclipse Adoptium\jdk-17.0.8.101-hotspot\bin\verify.dll

Deoptimization events (20 events):
Event: 107.291 Thread 0x0000027800af5ef0 Uncommon trap: trap_request=0xffffffde fr.pc=0x0000027865c7ffb4 relative=0x0000000000001474
Event: 107.291 Thread 0x0000027800af5ef0 Uncommon trap: reason=class_check action=maybe_recompile pc=0x0000027865c7ffb4 method=scala.runtime.BoxesRunTime.equals2(Ljava/lang/Object;Ljava/lang/Object;)Z @ 48 c2
Event: 107.291 Thread 0x0000027800af5ef0 DEOPT PACKING pc=0x0000027865c7ffb4 sp=0x000000a13ffdcc20
Event: 107.291 Thread 0x0000027800af5ef0 DEOPT UNPACKING pc=0x000002786565a1a3 sp=0x000000a13ffdcb28 mode 2
Event: 107.485 Thread 0x0000027800af5ef0 Uncommon trap: trap_request=0xffffffbe fr.pc=0x0000027865d06778 relative=0x00000000000006d8
Event: 107.485 Thread 0x0000027800af5ef0 Uncommon trap: reason=profile_predicate action=maybe_recompile pc=0x0000027865d06778 method=scala.collection.immutable.ListSet$Node.containsInternal(Lscala/collection/immutable/ListSet;Ljava/lang/Object;)Z @ 4 c2
Event: 107.485 Thread 0x0000027800af5ef0 DEOPT PACKING pc=0x0000027865d06778 sp=0x000000a13ffdcca0
Event: 107.485 Thread 0x0000027800af5ef0 DEOPT UNPACKING pc=0x000002786565a1a3 sp=0x000000a13ffdcb18 mode 2
Event: 107.509 Thread 0x0000027800af5ef0 Uncommon trap: trap_request=0xffffffbe fr.pc=0x0000027865d06778 relative=0x00000000000006d8
Event: 107.509 Thread 0x0000027800af5ef0 Uncommon trap: reason=profile_predicate action=maybe_recompile pc=0x0000027865d06778 method=scala.collection.immutable.ListSet$Node.containsInternal(Lscala/collection/immutable/ListSet;Ljava/lang/Object;)Z @ 4 c2
Event: 107.509 Thread 0x0000027800af5ef0 DEOPT PACKING pc=0x0000027865d06778 sp=0x000000a13ffdc9b0
Event: 107.509 Thread 0x0000027800af5ef0 DEOPT UNPACKING pc=0x000002786565a1a3 sp=0x000000a13ffdc828 mode 2
Event: 107.509 Thread 0x0000027800af5ef0 Uncommon trap: trap_request=0xffffffbe fr.pc=0x0000027865d06778 relative=0x00000000000006d8
Event: 107.509 Thread 0x0000027800af5ef0 Uncommon trap: reason=profile_predicate action=maybe_recompile pc=0x0000027865d06778 method=scala.collection.immutable.ListSet$Node.containsInternal(Lscala/collection/immutable/ListSet;Ljava/lang/Object;)Z @ 4 c2
Event: 107.509 Thread 0x0000027800af5ef0 DEOPT PACKING pc=0x0000027865d06778 sp=0x000000a13ffdcb10
Event: 107.509 Thread 0x0000027800af5ef0 DEOPT UNPACKING pc=0x000002786565a1a3 sp=0x000000a13ffdc988 mode 2
Event: 107.509 Thread 0x0000027800af5ef0 Uncommon trap: trap_request=0xffffffbe fr.pc=0x0000027865d06778 relative=0x00000000000006d8
Event: 107.509 Thread 0x0000027800af5ef0 Uncommon trap: reason=profile_predicate action=maybe_recompile pc=0x0000027865d06778 method=scala.collection.immutable.ListSet$Node.containsInternal(Lscala/collection/immutable/ListSet;Ljava/lang/Object;)Z @ 4 c2
Event: 107.509 Thread 0x0000027800af5ef0 DEOPT PACKING pc=0x0000027865d06778 sp=0x000000a13ffdcb90
Event: 107.509 Thread 0x0000027800af5ef0 DEOPT UNPACKING pc=0x000002786565a1a3 sp=0x000000a13ffdca08 mode 2

Classes unloaded (0 events):
No events

Classes redefined (0 events):
No events

Internal exceptions (20 events):
Event: 102.272 Thread 0x0000027800af5ef0 Exception <a 'java/lang/NoSuchMethodError'{0x00000000c11d5758}: 'java.lang.Object java.lang.invoke.Invokers$Holder.invokeExact_MT(java.lang.Object, java.lang.Object, java.lang.Object, java.lang.Object, java.lang.Object, java.lang.Object)'> (0x00000000c11d5758) 
thrown [s\src\hotspot\share\interpreter\linkResolver.cpp, line 759]
Event: 102.809 Thread 0x0000027800af5ef0 Exception <a 'java/lang/NoSuchMethodError'{0x00000000c1420158}: 'java.lang.Object java.lang.invoke.DirectMethodHandle$Holder.invokeStaticInit(java.lang.Object, java.lang.Object, java.lang.Object)'> (0x00000000c1420158) 
thrown [s\src\hotspot\share\interpreter\linkResolver.cpp, line 759]
Event: 102.978 Thread 0x0000027800af5ef0 Exception <a 'java/lang/NoSuchMethodError'{0x00000000c12bf758}: 'int java.lang.invoke.DirectMethodHandle$Holder.invokeStatic(java.lang.Object, java.lang.Object, int)'> (0x00000000c12bf758) 
thrown [s\src\hotspot\share\interpreter\linkResolver.cpp, line 759]
Event: 103.033 Thread 0x0000027800af5ef0 Exception <a 'java/lang/NoSuchMethodError'{0x00000000c1196d60}: 'java.lang.Object java.lang.invoke.DirectMethodHandle$Holder.newInvokeSpecial(java.lang.Object, java.lang.Object, java.lang.Object, java.lang.Object, java.lang.Object)'> (0x00000000c1196d60) 
thrown [s\src\hotspot\share\interpreter\linkResolver.cpp, line 759]
Event: 103.072 Thread 0x0000027800af5ef0 Exception <a 'java/lang/NoSuchMethodError'{0x00000000c11e37d0}: 'java.lang.Object java.lang.invoke.DirectMethodHandle$Holder.invokeStatic(java.lang.Object, java.lang.Object, int, java.lang.Object, java.lang.Object)'> (0x00000000c11e37d0) 
thrown [s\src\hotspot\share\interpreter\linkResolver.cpp, line 759]
Event: 103.075 Thread 0x0000027800af5ef0 Exception <a 'java/lang/NoSuchMethodError'{0x00000000c11ed888}: 'java.lang.Object java.lang.invoke.DirectMethodHandle$Holder.newInvokeSpecial(java.lang.Object, java.lang.Object, int, java.lang.Object)'> (0x00000000c11ed888) 
thrown [s\src\hotspot\share\interpreter\linkResolver.cpp, line 759]
Event: 103.076 Thread 0x0000027800af5ef0 Exception <a 'java/lang/NoSuchMethodError'{0x00000000c11f1700}: 'java.lang.Object java.lang.invoke.DirectMethodHandle$Holder.invokeSpecial(java.lang.Object, java.lang.Object, java.lang.Object, int, java.lang.Object)'> (0x00000000c11f1700) 
thrown [s\src\hotspot\share\interpreter\linkResolver.cpp, line 759]
Event: 103.135 Thread 0x0000027800af5ef0 Exception <a 'java/lang/NoSuchMethodError'{0x00000000c10af080}: 'java.lang.Object java.lang.invoke.DirectMethodHandle$Holder.invokeStaticInit(java.lang.Object, java.lang.Object, java.lang.Object, java.lang.Object)'> (0x00000000c10af080) 
thrown [s\src\hotspot\share\interpreter\linkResolver.cpp, line 759]
Event: 103.169 Thread 0x0000027800af5ef0 Exception <a 'java/lang/NoSuchMethodError'{0x00000000c0f22f70}: 'void java.lang.invoke.DirectMethodHandle$Holder.invokeStatic(java.lang.Object, java.lang.Object)'> (0x00000000c0f22f70) 
thrown [s\src\hotspot\share\interpreter\linkResolver.cpp, line 759]
Event: 103.858 Thread 0x0000027800af5ef0 Exception <a 'java/lang/NoSuchMethodError'{0x00000000c36d03a0}: 'java.lang.Object java.lang.invoke.DirectMethodHandle$Holder.invokeStatic(java.lang.Object, java.lang.Object, int, java.lang.Object)'> (0x00000000c36d03a0) 
thrown [s\src\hotspot\share\interpreter\linkResolver.cpp, line 759]
Event: 103.861 Thread 0x0000027800af5ef0 Exception <a 'java/lang/NoSuchMethodError'{0x00000000c36d8cf0}: 'java.lang.Object java.lang.invoke.DirectMethodHandle$Holder.newInvokeSpecial(java.lang.Object, java.lang.Object, int)'> (0x00000000c36d8cf0) 
thrown [s\src\hotspot\share\interpreter\linkResolver.cpp, line 759]
Event: 103.880 Thread 0x0000027800af5ef0 Exception <a 'java/lang/NoSuchMethodError'{0x00000000c36fe378}: 'java.lang.Object java.lang.invoke.DirectMethodHandle$Holder.invokeStatic(java.lang.Object, int, java.lang.Object)'> (0x00000000c36fe378) 
thrown [s\src\hotspot\share\interpreter\linkResolver.cpp, line 759]
Event: 106.280 Thread 0x0000027800af5ef0 Exception <a 'java/lang/NoSuchMethodError'{0x00000000c64e4ef0}: 'java.lang.Object java.lang.invoke.DirectMethodHandle$Holder.newInvokeSpecial(java.lang.Object, java.lang.Object, java.lang.Object, java.lang.Object, java.lang.Object, int)'> (0x00000000c64e4ef0) 
thrown [s\src\hotspot\share\interpreter\linkResolver.cpp, line 759]
Event: 106.281 Thread 0x0000027800af5ef0 Exception <a 'java/lang/NoSuchMethodError'{0x00000000c64e9558}: 'java.lang.Object java.lang.invoke.DirectMethodHandle$Holder.invokeSpecial(java.lang.Object, java.lang.Object, java.lang.Object, java.lang.Object, java.lang.Object, java.lang.Object, int)'> (0x00000000c64e9558) 
thrown [s\src\hotspot\share\interpreter\linkResolver.cpp, line 759]
Event: 106.350 Thread 0x0000027800af5ef0 Exception <a 'java/lang/NoSuchMethodError'{0x00000000c63a0238}: 'java.lang.Object java.lang.invoke.DirectMethodHandle$Holder.newInvokeSpecial(java.lang.Object, java.lang.Object, java.lang.Object, java.lang.Object, int, java.lang.Object)'> (0x00000000c63a0238) 
thrown [s\src\hotspot\share\interpreter\linkResolver.cpp, line 759]
Event: 106.351 Thread 0x0000027800af5ef0 Exception <a 'java/lang/NoSuchMethodError'{0x00000000c63a4510}: 'java.lang.Object java.lang.invoke.DirectMethodHandle$Holder.invokeSpecial(java.lang.Object, java.lang.Object, java.lang.Object, java.lang.Object, java.lang.Object, int, java.lang.Object)'> (0x00000000c63a4510) 
thrown [s\src\hotspot\share\interpreter\linkResolver.cpp, line 759]
Event: 106.397 Thread 0x0000027800af5ef0 Exception <a 'java/lang/NoSuchMethodError'{0x00000000c62048a8}: 'java.lang.Object java.lang.invoke.DirectMethodHandle$Holder.invokeStaticInit(java.lang.Object, java.lang.Object, java.lang.Object, java.lang.Object, java.lang.Object)'> (0x00000000c62048a8) 
thrown [s\src\hotspot\share\interpreter\linkResolver.cpp, line 759]
Event: 106.399 Thread 0x0000027800af5ef0 Exception <a 'java/lang/NoSuchMethodError'{0x00000000c620b830}: 'java.lang.Object java.lang.invoke.Invokers$Holder.invoke_MT(java.lang.Object, java.lang.Object, java.lang.Object, java.lang.Object, java.lang.Object, java.lang.Object)'> (0x00000000c620b830) 
thrown [s\src\hotspot\share\interpreter\linkResolver.cpp, line 759]
Event: 106.401 Thread 0x0000027800af5ef0 Exception <a 'java/lang/NoSuchMethodError'{0x00000000c62146c8}: 'java.lang.Object java.lang.invoke.Invokers$Holder.invoker(java.lang.Object, java.lang.Object, java.lang.Object)'> (0x00000000c62146c8) 
thrown [s\src\hotspot\share\interpreter\linkResolver.cpp, line 759]
Event: 106.403 Thread 0x0000027800af5ef0 Exception <a 'java/lang/NoSuchMethodError'{0x00000000c621d558}: 'java.lang.Object java.lang.invoke.Invokers$Holder.invokeExact_MT(java.lang.Object, java.lang.Object, java.lang.Object, java.lang.Object)'> (0x00000000c621d558) 
thrown [s\src\hotspot\share\interpreter\linkResolver.cpp, line 759]

VM Operations (20 events):
Event: 104.586 Executing VM operation: G1CollectForAllocation done
Event: 104.710 Executing VM operation: G1CollectForAllocation
Event: 104.731 Executing VM operation: G1CollectForAllocation done
Event: 104.902 Executing VM operation: G1CollectForAllocation
Event: 104.931 Executing VM operation: G1CollectForAllocation done
Event: 105.343 Executing VM operation: G1CollectForAllocation
Event: 105.377 Executing VM operation: G1CollectForAllocation done
Event: 106.303 Executing VM operation: HandshakeAllThreads
Event: 106.303 Executing VM operation: HandshakeAllThreads done
Event: 106.539 Executing VM operation: G1CollectForAllocation
Event: 106.598 Executing VM operation: G1CollectForAllocation done
Event: 106.772 Executing VM operation: HandshakeAllThreads
Event: 106.772 Executing VM operation: HandshakeAllThreads done
Event: 106.894 Executing VM operation: G1CollectFull
Event: 106.984 Executing VM operation: G1CollectFull done
Event: 107.363 Executing VM operation: G1CollectForAllocation
Event: 107.389 Executing VM operation: G1CollectForAllocation done
Event: 107.413 Executing VM operation: HandshakeAllThreads
Event: 107.413 Executing VM operation: HandshakeAllThreads done
Event: 107.608 Executing VM operation: G1CollectForAllocation

Events (20 events):
Event: 106.406 loading class java/util/concurrent/locks/ReentrantReadWriteLock$NonfairSync
Event: 106.407 loading class java/util/concurrent/locks/ReentrantReadWriteLock$Sync
Event: 106.407 loading class java/util/concurrent/locks/ReentrantReadWriteLock$Sync done
Event: 106.407 loading class java/util/concurrent/locks/ReentrantReadWriteLock$NonfairSync done
Event: 106.407 loading class java/util/concurrent/locks/ReentrantReadWriteLock$Sync$ThreadLocalHoldCounter
Event: 106.407 loading class java/util/concurrent/locks/ReentrantReadWriteLock$Sync$ThreadLocalHoldCounter done
Event: 106.407 loading class java/util/concurrent/locks/ReentrantReadWriteLock$ReadLock
Event: 106.407 loading class java/util/concurrent/locks/ReentrantReadWriteLock$ReadLock done
Event: 106.407 loading class java/util/concurrent/locks/ReentrantReadWriteLock$WriteLock
Event: 106.408 loading class java/util/concurrent/locks/ReentrantReadWriteLock$WriteLock done
Event: 106.420 loading class java/util/zip/CheckedInputStream
Event: 106.421 loading class java/util/zip/CheckedInputStream done
Event: 106.423 loading class jdk/internal/math/FloatingDecimal$ASCIIToBinaryBuffer
Event: 106.423 loading class jdk/internal/math/FloatingDecimal$ASCIIToBinaryBuffer done
Event: 106.736 loading class java/io/SequenceInputStream
Event: 106.736 loading class java/io/SequenceInputStream done
Event: 106.737 loading class java/util/zip/GZIPInputStream$1
Event: 106.737 loading class java/util/zip/GZIPInputStream$1 done
Event: 106.737 loading class java/util/Vector$1
Event: 106.737 loading class java/util/Vector$1 done


Dynamic libraries:
0x00007ff70c380000 - 0x00007ff70c39a000 	C:\Users\이수아\AppData\Local\Programs\Python\Python311\python.exe
0x00007ffd69670000 - 0x00007ffd69887000 	C:\WINDOWS\SYSTEM32\ntdll.dll
0x00007ffd67830000 - 0x00007ffd678f4000 	C:\WINDOWS\System32\KERNEL32.DLL
0x00007ffd66fc0000 - 0x00007ffd6736d000 	C:\WINDOWS\System32\KERNELBASE.dll
0x00007ffd66e70000 - 0x00007ffd66f81000 	C:\WINDOWS\System32\ucrtbase.dll
0x00007ffd07cb0000 - 0x00007ffd08284000 	C:\Users\이수아\AppData\Local\Programs\Python\Python311\python311.dll
0x00007ffd673b0000 - 0x00007ffd67421000 	C:\WINDOWS\System32\WS2_32.dll
0x00007ffd67b40000 - 0x00007ffd67c54000 	C:\WINDOWS\System32\RPCRT4.dll
0x00007ffd67370000 - 0x00007ffd67398000 	C:\WINDOWS\System32\bcrypt.dll
0x00007ffd690c0000 - 0x00007ffd69172000 	C:\WINDOWS\System32\ADVAPI32.dll
0x00007ffd67cb0000 - 0x00007ffd67d57000 	C:\WINDOWS\System32\msvcrt.dll
0x00007ffd67900000 - 0x00007ffd679a9000 	C:\WINDOWS\System32\sechost.dll
0x00007ffd5cbb0000 - 0x00007ffd5cbba000 	C:\WINDOWS\SYSTEM32\VERSION.dll
0x00007ffd60a70000 - 0x00007ffd60a8d000 	C:\Users\이수아\AppData\Local\Programs\Python\Python311\VCRUNTIME140.dll
0x00007ffd0ef40000 - 0x00007ffd0ef73000 	C:\WINDOWS\SYSTEM32\f_im.dll
0x00007ffd68cf0000 - 0x00007ffd68cf8000 	C:\WINDOWS\System32\PSAPI.DLL
0x0000000180000000 - 0x0000000180043000 	C:\Program Files\Fasoo DRM\f_nxa.dll
0x0000000061000000 - 0x00000000611da000 	C:\Program Files\Fasoo DRM\f_sps.dll
0x00007ffd67e50000 - 0x00007ffd67ffe000 	C:\WINDOWS\System32\USER32.dll
0x00007ffd66f90000 - 0x00007ffd66fb6000 	C:\WINDOWS\System32\win32u.dll
0x00007ffd674c0000 - 0x00007ffd674e9000 	C:\WINDOWS\System32\GDI32.dll
0x00007ffd66b70000 - 0x00007ffd66c89000 	C:\WINDOWS\System32\gdi32full.dll
0x00007ffd66ad0000 - 0x00007ffd66b6a000 	C:\WINDOWS\System32\msvcp_win.dll
0x00007ffd68f10000 - 0x00007ffd690b5000 	C:\WINDOWS\System32\ole32.dll
0x00007ffd69280000 - 0x00007ffd6960d000 	C:\WINDOWS\System32\combase.dll
0x00007ffd67d70000 - 0x00007ffd67e47000 	C:\WINDOWS\System32\OLEAUT32.dll
0x00007ffd67c60000 - 0x00007ffd67c91000 	C:\WINDOWS\System32\IMM32.DLL
0x00007ffd36620000 - 0x00007ffd36627000 	C:\WINDOWS\SYSTEM32\msimg32.dll
0x00007ffd45740000 - 0x00007ffd457e7000 	C:\WINDOWS\SYSTEM32\winspool.drv
0x00007ffd674f0000 - 0x00007ffd675e9000 	C:\WINDOWS\System32\shcore.dll
0x00007ffd65840000 - 0x00007ffd65854000 	C:\WINDOWS\SYSTEM32\wtsapi32.dll
0x00007ffd68000000 - 0x00007ffd68868000 	C:\WINDOWS\System32\shell32.dll
0x00007ffd67ae0000 - 0x00007ffd67b3e000 	C:\WINDOWS\System32\shlwapi.dll
0x00007ffd65aa0000 - 0x00007ffd65ad4000 	C:\WINDOWS\SYSTEM32\ntmarta.dll
0x00007ffd66990000 - 0x00007ffd66a0b000 	C:\WINDOWS\System32\bcryptprimitives.dll
0x000002782d790000 - 0x000002782d79f000 	C:\Users\이수아\AppData\Local\Programs\Python\Python311\python3.DLL
0x00007ffd60a60000 - 0x00007ffd60a69000 	C:\Users\이수아\AppData\Local\Programs\Python\Python311\DLLs\select.pyd
0x00007ffd4dd20000 - 0x00007ffd4dd35000 	C:\Users\이수아\AppData\Local\Programs\Python\Python311\DLLs\_socket.pyd
0x00007ffd654a0000 - 0x00007ffd654cd000 	C:\WINDOWS\SYSTEM32\IPHLPAPI.DLL
0x00007ffd4db80000 - 0x00007ffd4dbad000 	C:\Users\이수아\AppData\Local\Programs\Python\Python311\DLLs\_ssl.pyd
0x00007ffd66c90000 - 0x00007ffd66df7000 	C:\WINDOWS\System32\CRYPT32.dll
0x00007ffd0bd30000 - 0x00007ffd0c229000 	C:\Users\이수아\AppData\Local\Programs\Python\Python311\DLLs\libcrypto-3.dll
0x00007ffd0cfb0000 - 0x00007ffd0d072000 	C:\Users\이수아\AppData\Local\Programs\Python\Python311\DLLs\libssl-3.dll
0x00007ffd4c600000 - 0x00007ffd4c615000 	C:\Users\이수아\AppData\Local\Programs\Python\Python311\DLLs\_bz2.pyd
0x00007ffd32e30000 - 0x00007ffd32e59000 	C:\Users\이수아\AppData\Local\Programs\Python\Python311\DLLs\_lzma.pyd
0x00007ffd4dc40000 - 0x00007ffd4dc49000 	C:\ICARE\I-CARE-AI\main\venv\Lib\site-packages\markupsafe\_speedups.cp311-win_amd64.pyd
0x00007ffd4b980000 - 0x00007ffd4b991000 	C:\Users\이수아\AppData\Local\Programs\Python\Python311\DLLs\_hashlib.pyd
0x00007ffd33010000 - 0x00007ffd3302f000 	C:\Users\이수아\AppData\Local\Programs\Python\Python311\DLLs\_ctypes.pyd
0x00007ffd4b940000 - 0x00007ffd4b94b000 	C:\Users\이수아\AppData\Local\Programs\Python\Python311\DLLs\libffi-8.dll
0x00007ffd0c690000 - 0x00007ffd0c7a8000 	C:\Users\이수아\AppData\Local\Programs\Python\Python311\DLLs\unicodedata.pyd
0x00007ffd32d40000 - 0x00007ffd32d7f000 	C:\Users\이수아\AppData\Local\Programs\Python\Python311\DLLs\_decimal.pyd
0x00007ffd414d0000 - 0x00007ffd414d7000 	C:\Users\이수아\AppData\Local\Programs\Python\Python311\DLLs\_uuid.pyd
0x00007ffd2f370000 - 0x00007ffd2f3e6000 	C:\ICARE\I-CARE-AI\main\venv\Lib\site-packages\_jpype.cp311-win_amd64.pyd
0x00007ffd43d00000 - 0x00007ffd43d8d000 	C:\WINDOWS\SYSTEM32\MSVCP140.dll
0x00007ffd32e20000 - 0x00007ffd32e2c000 	C:\Users\이수아\AppData\Local\Programs\Python\Python311\VCRUNTIME140_1.dll
0x00007ffc970e0000 - 0x00007ffc99195000 	C:\ICARE\I-CARE-AI\main\venv\Lib\site-packages\numpy\.libs\libopenblas64__v0.3.23-246-g3d31191b-gcc_10_3_0.dll
0x00007ffd0c3b0000 - 0x00007ffd0c690000 	C:\ICARE\I-CARE-AI\main\venv\Lib\site-packages\numpy\core\_multiarray_umath.cp311-win_amd64.pyd
0x00007ffd32e00000 - 0x00007ffd32e15000 	C:\ICARE\I-CARE-AI\main\venv\Lib\site-packages\numpy\core\_multiarray_tests.cp311-win_amd64.pyd
0x00007ffd32d20000 - 0x00007ffd32d3e000 	C:\ICARE\I-CARE-AI\main\venv\Lib\site-packages\numpy\linalg\_umath_linalg.cp311-win_amd64.pyd
0x00007ffd2f7f0000 - 0x00007ffd2f810000 	C:\ICARE\I-CARE-AI\main\venv\Lib\site-packages\numpy\fft\_pocketfft_internal.cp311-win_amd64.pyd
0x00007ffd0bca0000 - 0x00007ffd0bd30000 	C:\ICARE\I-CARE-AI\main\venv\Lib\site-packages\numpy\random\mtrand.cp311-win_amd64.pyd
0x00007ffd2f7c0000 - 0x00007ffd2f7e7000 	C:\ICARE\I-CARE-AI\main\venv\Lib\site-packages\numpy\random\bit_generator.cp311-win_amd64.pyd
0x00007ffd2f520000 - 0x00007ffd2f54d000 	C:\ICARE\I-CARE-AI\main\venv\Lib\site-packages\numpy\random\_common.cp311-win_amd64.pyd
0x00007ffd0fbe0000 - 0x00007ffd0fc20000 	C:\ICARE\I-CARE-AI\main\venv\Lib\site-packages\numpy\random\_bounded_integers.cp311-win_amd64.pyd
0x00007ffd2f7a0000 - 0x00007ffd2f7b4000 	C:\ICARE\I-CARE-AI\main\venv\Lib\site-packages\numpy\random\_mt19937.cp311-win_amd64.pyd
0x00007ffd2f500000 - 0x00007ffd2f513000 	C:\ICARE\I-CARE-AI\main\venv\Lib\site-packages\numpy\random\_philox.cp311-win_amd64.pyd
0x00007ffd2f350000 - 0x00007ffd2f366000 	C:\ICARE\I-CARE-AI\main\venv\Lib\site-packages\numpy\random\_pcg64.cp311-win_amd64.pyd
0x00007ffd32c60000 - 0x00007ffd32c70000 	C:\ICARE\I-CARE-AI\main\venv\Lib\site-packages\numpy\random\_sfc64.cp311-win_amd64.pyd
0x00007ffd0b5f0000 - 0x00007ffd0b694000 	C:\ICARE\I-CARE-AI\main\venv\Lib\site-packages\numpy\random\_generator.cp311-win_amd64.pyd
0x00007ffd0fbb0000 - 0x00007ffd0fbd4000 	C:\ICARE\I-CARE-AI\main\venv\Lib\site-packages\matplotlib\_c_internal_utils.cp311-win_amd64.pyd
0x00007ffd07a60000 - 0x00007ffd07ca3000 	C:\ICARE\I-CARE-AI\main\venv\Lib\site-packages\PIL\_imaging.cp311-win_amd64.pyd
0x00007ffd0cf60000 - 0x00007ffd0cfab000 	C:\ICARE\I-CARE-AI\main\venv\Lib\site-packages\matplotlib\_path.cp311-win_amd64.pyd
0x00007ffd0b540000 - 0x00007ffd0b5e3000 	C:\ICARE\I-CARE-AI\main\venv\Lib\site-packages\matplotlib\ft2font.cp311-win_amd64.pyd
0x00007ffd0cf30000 - 0x00007ffd0cf51000 	C:\ICARE\I-CARE-AI\main\venv\Lib\site-packages\kiwisolver\_cext.cp311-win_amd64.pyd
0x00007ffd078a0000 - 0x00007ffd07a60000 	C:\ICARE\I-CARE-AI\main\venv\Lib\site-packages\PIL\_imagingft.cp311-win_amd64.pyd
0x00007ffd0bc70000 - 0x00007ffd0bc96000 	C:\ICARE\I-CARE-AI\main\venv\Lib\site-packages\wordcloud\query_integral_image.cp311-win_amd64.pyd
0x00007ffd32c40000 - 0x00007ffd32c4b000 	C:\ICARE\I-CARE-AI\main\venv\Lib\site-packages\pandas\_libs\pandas_parser.cp311-win_amd64.pyd
0x00007ffd32be0000 - 0x00007ffd32bec000 	C:\ICARE\I-CARE-AI\main\venv\Lib\site-packages\pandas\_libs\pandas_datetime.cp311-win_amd64.pyd
0x00007ffd07780000 - 0x00007ffd07898000 	C:\ICARE\I-CARE-AI\main\venv\Lib\site-packages\pandas\_libs\interval.cp311-win_amd64.pyd
0x00007ffd075b0000 - 0x00007ffd07777000 	C:\ICARE\I-CARE-AI\main\venv\Lib\site-packages\pandas\_libs\hashtable.cp311-win_amd64.pyd
0x00007ffd0b9b0000 - 0x00007ffd0b9e0000 	C:\ICARE\I-CARE-AI\main\venv\Lib\site-packages\pandas\_libs\missing.cp311-win_amd64.pyd
0x00007ffd0b510000 - 0x00007ffd0b53d000 	C:\ICARE\I-CARE-AI\main\venv\Lib\site-packages\pandas\_libs\tslibs\dtypes.cp311-win_amd64.pyd
0x00007ffd29380000 - 0x00007ffd29395000 	C:\ICARE\I-CARE-AI\main\venv\Lib\site-packages\pandas\_libs\tslibs\ccalendar.cp311-win_amd64.pyd
0x00007ffd0b4f0000 - 0x00007ffd0b510000 	C:\ICARE\I-CARE-AI\main\venv\Lib\site-packages\pandas\_libs\tslibs\np_datetime.cp311-win_amd64.pyd
0x00007ffd0b4b0000 - 0x00007ffd0b4ec000 	C:\ICARE\I-CARE-AI\main\venv\Lib\site-packages\pandas\_libs\tslibs\conversion.cp311-win_amd64.pyd
0x00007ffd0b490000 - 0x00007ffd0b4a1000 	C:\ICARE\I-CARE-AI\main\venv\Lib\site-packages\pandas\_libs\tslibs\base.cp311-win_amd64.pyd
0x00007ffd074d0000 - 0x00007ffd075ad000 	C:\ICARE\I-CARE-AI\main\venv\Lib\site-packages\pandas\_libs\tslibs\offsets.cp311-win_amd64.pyd
0x00007ffd07440000 - 0x00007ffd074c1000 	C:\ICARE\I-CARE-AI\main\venv\Lib\site-packages\pandas\_libs\tslibs\timestamps.cp311-win_amd64.pyd
0x00007ffd0b450000 - 0x00007ffd0b485000 	C:\ICARE\I-CARE-AI\main\venv\Lib\site-packages\pandas\_libs\tslibs\nattype.cp311-win_amd64.pyd
0x00007ffd073c0000 - 0x00007ffd07438000 	C:\ICARE\I-CARE-AI\main\venv\Lib\site-packages\pandas\_libs\tslibs\timedeltas.cp311-win_amd64.pyd
0x00007ffd07380000 - 0x00007ffd073ba000 	C:\ICARE\I-CARE-AI\main\venv\Lib\site-packages\pandas\_libs\tslibs\timezones.cp311-win_amd64.pyd
0x00007ffd2f4f0000 - 0x00007ffd2f4fd000 	C:\Users\이수아\AppData\Local\Programs\Python\Python311\DLLs\_zoneinfo.pyd
0x000002783fe00000 - 0x000002783fe03000 	C:\WINDOWS\SYSTEM32\tzres.dll
0x00007ffd07330000 - 0x00007ffd07376000 	C:\ICARE\I-CARE-AI\main\venv\Lib\site-packages\pandas\_libs\tslibs\fields.cp311-win_amd64.pyd
0x00007ffd072f0000 - 0x00007ffd07330000 	C:\ICARE\I-CARE-AI\main\venv\Lib\site-packages\pandas\_libs\tslibs\tzconversion.cp311-win_amd64.pyd
0x00007ffd072d0000 - 0x00007ffd072e4000 	C:\ICARE\I-CARE-AI\main\venv\Lib\site-packages\pandas\_libs\properties.cp311-win_amd64.pyd
0x00007ffd07270000 - 0x00007ffd072c3000 	C:\ICARE\I-CARE-AI\main\venv\Lib\site-packages\pandas\_libs\tslibs\parsing.cp311-win_amd64.pyd
0x00007ffd07220000 - 0x00007ffd0726f000 	C:\ICARE\I-CARE-AI\main\venv\Lib\site-packages\pandas\_libs\tslibs\strptime.cp311-win_amd64.pyd
0x00007ffd071b0000 - 0x00007ffd07218000 	C:\ICARE\I-CARE-AI\main\venv\Lib\site-packages\pandas\_libs\tslibs\period.cp311-win_amd64.pyd
0x00007ffd07170000 - 0x00007ffd071a2000 	C:\ICARE\I-CARE-AI\main\venv\Lib\site-packages\pandas\_libs\tslibs\vectorized.cp311-win_amd64.pyd
0x00007ffd07150000 - 0x00007ffd07161000 	C:\ICARE\I-CARE-AI\main\venv\Lib\site-packages\pandas\_libs\ops_dispatch.cp311-win_amd64.pyd
0x00007ffd06f80000 - 0x00007ffd07143000 	C:\ICARE\I-CARE-AI\main\venv\Lib\site-packages\pandas\_libs\algos.cp311-win_amd64.pyd
0x00007ffd06c60000 - 0x00007ffd06d05000 	C:\ICARE\I-CARE-AI\main\venv\Lib\site-packages\pandas\_libs\lib.cp311-win_amd64.pyd
0x00007ffd06f40000 - 0x00007ffd06f75000 	C:\ICARE\I-CARE-AI\main\venv\Lib\site-packages\pandas\_libs\ops.cp311-win_amd64.pyd
0x00007ffd06c30000 - 0x00007ffd06c5c000 	C:\ICARE\I-CARE-AI\main\venv\Lib\site-packages\pandas\_libs\hashing.cp311-win_amd64.pyd
0x00007ffd06c10000 - 0x00007ffd06c2c000 	C:\ICARE\I-CARE-AI\main\venv\Lib\site-packages\pandas\_libs\arrays.cp311-win_amd64.pyd
0x00007ffd06bc0000 - 0x00007ffd06c02000 	C:\ICARE\I-CARE-AI\main\venv\Lib\site-packages\pandas\_libs\tslib.cp311-win_amd64.pyd
0x00007ffd06ae0000 - 0x00007ffd06bb1000 	C:\ICARE\I-CARE-AI\main\venv\Lib\site-packages\pandas\_libs\sparse.cp311-win_amd64.pyd
0x00007ffd06a90000 - 0x00007ffd06ae0000 	C:\ICARE\I-CARE-AI\main\venv\Lib\site-packages\pandas\_libs\internals.cp311-win_amd64.pyd
0x00007ffd06a70000 - 0x00007ffd06a81000 	C:\ICARE\I-CARE-AI\main\venv\Lib\site-packages\pandas\_libs\indexing.cp311-win_amd64.pyd
0x00007ffd06360000 - 0x00007ffd06414000 	C:\ICARE\I-CARE-AI\main\venv\Lib\site-packages\pandas\_libs\index.cp311-win_amd64.pyd
0x00007ffd06a30000 - 0x00007ffd06a63000 	C:\ICARE\I-CARE-AI\main\venv\Lib\site-packages\pandas\_libs\writers.cp311-win_amd64.pyd
0x00007ffd05cc0000 - 0x00007ffd05dd6000 	C:\ICARE\I-CARE-AI\main\venv\Lib\site-packages\pandas\_libs\join.cp311-win_amd64.pyd
0x00007ffd06650000 - 0x00007ffd066a8000 	C:\ICARE\I-CARE-AI\main\venv\Lib\site-packages\pandas\_libs\window\aggregations.cp311-win_amd64.pyd
0x00007ffd06210000 - 0x00007ffd062ab000 	C:\ICARE\I-CARE-AI\main\venv\Lib\site-packages\pandas.libs\msvcp140-ef6047a69b174ada5cb2eff1d2bc9a62.dll
0x00007ffd06160000 - 0x00007ffd0618b000 	C:\ICARE\I-CARE-AI\main\venv\Lib\site-packages\pandas\_libs\window\indexers.cp311-win_amd64.pyd
0x00007ffd05c80000 - 0x00007ffd05cbf000 	C:\ICARE\I-CARE-AI\main\venv\Lib\site-packages\pandas\_libs\reshape.cp311-win_amd64.pyd
0x00007ffd041a0000 - 0x00007ffd043bd000 	C:\ICARE\I-CARE-AI\main\venv\Lib\site-packages\pandas\_libs\groupby.cp311-win_amd64.pyd
0x00007ffd06a10000 - 0x00007ffd06a21000 	C:\ICARE\I-CARE-AI\main\venv\Lib\site-packages\pandas\_libs\json.cp311-win_amd64.pyd
0x00007ffd05870000 - 0x00007ffd058d6000 	C:\ICARE\I-CARE-AI\main\venv\Lib\site-packages\pandas\_libs\parsers.cp311-win_amd64.pyd
0x00007ffd05e40000 - 0x00007ffd05e59000 	C:\ICARE\I-CARE-AI\main\venv\Lib\site-packages\pandas\_libs\testing.cp311-win_amd64.pyd
0x00007ffd0fba0000 - 0x00007ffd0fba9000 	C:\Users\이수아\AppData\Local\Programs\Python\Python311\DLLs\_queue.pyd
0x00007ffd65f00000 - 0x00007ffd65f69000 	C:\WINDOWS\system32\mswsock.dll
0x00007ffd0bc60000 - 0x00007ffd0bc67000 	C:\ICARE\I-CARE-AI\main\venv\Lib\site-packages\charset_normalizer\md.cp311-win_amd64.pyd
0x00007ffd05c50000 - 0x00007ffd05c72000 	C:\ICARE\I-CARE-AI\main\venv\Lib\site-packages\charset_normalizer\md__mypyc.cp311-win_amd64.pyd
0x00007ffd05c30000 - 0x00007ffd05c41000 	C:\Users\이수아\AppData\Local\Programs\Python\Python311\DLLs\_asyncio.pyd
0x00007ffd0b9a0000 - 0x00007ffd0b9ae000 	C:\Users\이수아\AppData\Local\Programs\Python\Python311\DLLs\_overlapped.pyd
0x00007ffd05820000 - 0x00007ffd05869000 	C:\ICARE\I-CARE-AI\main\venv\Lib\site-packages\yaml\_yaml.cp311-win_amd64.pyd

dbghelp: loaded successfully - version: 4.0.5 - missing functions: none
symbol engine: initialized successfully - sym options: 0x614 - pdb path: .;C:\Users\이수아\AppData\Local\Programs\Python\Python311;C:\WINDOWS\SYSTEM32;C:\Program Files\Fasoo DRM;C:\Users\이수아\AppData\Local\Programs\Python\Python311\DLLs;C:\ICARE\I-CARE-AI\main\venv\Lib\site-packages\markupsafe;C:\ICARE\I-CARE-AI\main\venv\Lib\site-packages;C:\ICARE\I-CARE-AI\main\venv\Lib\site-packages\numpy\.libs;C:\ICARE\I-CARE-AI\main\venv\Lib\site-packages\numpy\core;C:\ICARE\I-CARE-AI\main\venv\Lib\site-packages\numpy\linalg;C:\ICARE\I-CARE-AI\main\venv\Lib\site-packages\numpy\fft;C:\ICARE\I-CARE-AI\main\venv\Lib\site-packages\numpy\random;C:\ICARE\I-CARE-AI\main\venv\Lib\site-packages\matplotlib;C:\ICARE\I-CARE-AI\main\venv\Lib\site-packages\PIL;C:\ICARE\I-CARE-AI\main\venv\Lib\site-packages\kiwisolver;C:\ICARE\I-CARE-AI\main\venv\Lib\site-packages\wordcloud;C:\ICARE\I-CARE-AI\main\venv\Lib\site-packages\pandas\_libs;C:\ICARE\I-CARE-AI\main\venv\Lib\site-packages\pandas\_libs\tslibs;C:\ICARE\I-CARE-AI\main\venv\Lib\site-packages\pandas\_libs\window;C:\ICARE\I-CARE-AI\main\venv\Lib\site-packages\pandas.libs;C:\ICARE\I-CARE-AI\main\venv\Lib\site-packages\charset_normalizer;C:\ICARE\I-CARE-AI\main\venv\Lib\site-packages\yaml;C:\ICARE\I-CARE-AI\main\venv\Lib\site-packages\torch\lib;C:\ICARE\I-CARE-AI\main\venv\Lib\site-packages\torch;C:\ICARE\I-CARE-AI\main\venv\Lib\site-packages\sentencepiece;C:\ICARE\I-CARE-AI\main\venv\Lib\site-packages\tokenizers;C:\ICARE\I-CARE-AI\main\venv\Lib\site-packages\sklearn\__check_build;C:\ICARE\I-CARE-AI\main\venv\Lib\site-packages\sklearn\.libs;C:\ICARE\I-CARE-AI\main\venv\Lib\site-packages\scipy\_lib;C:\ICARE\I-CARE-AI\main\venv\Lib\site-packages\scipy\sparse;C:\ICARE\I-CARE-AI\main\venv\Lib\site-packages\scipy\linalg;C:\ICARE\I-CARE-AI\main\venv\Lib\site-packages\scipy.libs;C:\ICARE\I-CARE-AI\main\venv\Lib\site-packages\scipy\sparse\linalg\_dsolve;C:\ICARE\I-CARE-AI\main\venv\Lib\site-packages\scipy\sparse\linalg\_eigen\arpack;C:\ICARE\I-CARE-AI\main\venv\Lib\site-packages\scipy\sparse\linalg\_propack;C:\ICARE\I-CARE-AI\main\venv\Lib\site-packages\scipy\sparse\csgraph;C:\ICARE\I-CARE-AI\main\venv\Lib\site-packages\scipy\special;C:\ICARE\I-CARE-AI\main\venv\Lib\site-packages\scipy\spatial;C:\ICARE\I-CARE-AI\main\venv\Lib\site-packages\scipy\spatial\transform;C:\ICARE\I-CARE-AI\main\venv\Lib\site-packages\scipy\optimize;C:\ICARE\I-CARE-AI\main\venv\Lib\site-packages\scipy\optimize\_trlib;C:\ICARE\I-CARE-AI\main\venv\Lib\site-packages\scipy\optimize\_lsq;C:\ICARE\I-CARE-AI\main\venv\Lib\site-packages\scipy\optimize\_highs;C:\ICARE\I-CARE-AI\main\venv\Lib\site-packages\scipy\integrate;C:\ICARE\I-CARE-AI\main\venv\Lib\site-packages\scipy\interpolate;C:\ICARE\I-CARE-AI\main\venv\Lib\site-packages\scipy\stats;C:\ICARE\I-CARE-AI\main\venv\Lib\site-packages\scipy\stats\_levy_stable;C:\ICARE\I-CARE-AI\main\venv\Lib\site-packages\scipy\_lib\_uarray;C:\ICARE\I-CARE-AI\main\venv\Lib\site-packages\scipy\fft\_pocketfft;C:\ICARE\I-CARE-AI\main\venv\Lib\site-packages\scipy\stats\_rcont;C:\ICARE\I-CARE-AI\main\venv\Lib\site-packages\scipy\stats\_unuran;C:\ICARE\I-CARE-AI\main\venv\Lib\site-packages\scipy\ndimage;C:\ICARE\I-CARE-AI\main\venv\Lib\site-packages\sklearn\utils;C:\ICARE\I-CARE-AI\main\venv\Lib\site-packages\sklearn\metrics\cluster;C:\ICARE\I-CARE-AI\main\venv\Lib\site-packages\sklearn\preprocessing;C:\ICARE\I-CARE-AI\main\venv\Lib\site-packages\sklearn\metrics;C:\ICARE\I-CARE-AI\main\venv\Lib\site-packages\sklearn\metrics\_pairwise_distances_reduction;C:\ICARE\I-CARE-AI\main\venv\Lib\site-packages\safetensors;C:\Program Files\Eclipse Adoptium\jdk-17.0.8.101-hotspot\bin\server;C:\Program Files\Eclipse Adoptium\jdk-17.0.8.101-hotsp;C:\Program Files\Eclipse Adoptium\jdk-17.0.8.101-hotsp;C:\Program Files\Eclipse Adoptium\jdk-17.0.8.101-hotsp;C:\Program Files\Eclipse Adoptium\jdk-17.0.8.101-hotsp;C:\Program Files\Eclipse Adoptium\jdk-17.0.8.101-hotsp;C:\Program Files\Eclipse Adoptium\jdk-17.0.8.101-hotsp;C:\Program Files\Eclipse Adoptium\jdk-17.0.8.101-hotspot\bin;C:\ICARE\I-CARE-AI\main\venv\Lib\site-packages\sklearn\linear_model;C:\ICARE\I-CARE-AI\main\venv\Lib\site-packages\sklearn\_loss;C:\ICARE\I-CARE-AI\main\venv\Lib\site-packages\sklea

VM Arguments:
jvm_args: -Dfile.encoding=UTF8 -ea -Xmx1024m 
java_command: <unknown>
java_class_path (initial): C:\ICARE\I-CARE-AI\main\venv\Lib\site-packages\konlpy\java;C:\ICARE\I-CARE-AI\main\venv\Lib\site-packages\konlpy\java\bin;C:\ICARE\I-CARE-AI\main\venv\Lib\site-packages\konlpy\java\aho-corasick.jar;C:\ICARE\I-CARE-AI\main\venv\Lib\site-packages\konlpy\java\jhannanum-0.8.4.jar;C:\ICARE\I-CARE-AI\main\venv\Lib\site-packages\konlpy\java\kkma-2.0.jar;C:\ICARE\I-CARE-AI\main\venv\Lib\site-packages\konlpy\java\komoran-3.0.jar;C:\ICARE\I-CARE-AI\main\venv\Lib\site-packages\konlpy\java\open-korean-text-2.1.0.jar;C:\ICARE\I-CARE-AI\main\venv\Lib\site-packages\konlpy\java\scala-library-2.12.3.jar;C:\ICARE\I-CARE-AI\main\venv\Lib\site-packages\konlpy\java\shineware-common-1.0.jar;C:\ICARE\I-CARE-AI\main\venv\Lib\site-packages\konlpy\java\shineware-ds-1.0.jar;C:\ICARE\I-CARE-AI\main\venv\Lib\site-packages\konlpy\java\snakeyaml-1.12.jar;C:\ICARE\I-CARE-AI\main\venv\Lib\site-packages\konlpy\java\twitter-text-1.14.7.jar;C:\ICARE\I-CARE-AI\main\venv\Lib\site-packages\konlpy\java\jhannanum-0.8.4.jar;C:\ICARE\I-CARE-AI\main\venv\Lib\site-packages\konlpy\java\kkma-2.0.jar;C:\ICARE\I-CARE-AI\main\venv\Lib\site-packages\konlpy\java\aho-corasick.jar;C:\ICARE\I-CARE-AI\main\venv\Lib\site-packages\konlpy\java\shineware-common-1.0.jar;C:\ICARE\I-CARE-AI\main\venv\Lib\site-packages\konlpy\java\shineware-ds-1.0.jar;C:\ICARE\I-CARE-AI\main\venv\Lib\site-packages\konlpy\java\komoran-3.0.jar;C:\ICARE\I-CARE-AI\main\venv\Lib\site-packages\konlpy\java\snakeyaml-1.12.jar;C:\ICARE\I-CARE-AI\main\venv\Lib\site-packages\konlpy\java\scala-library-2.12.3.jar;C:\ICARE\I-CARE-AI\main\venv\Lib\site-packages\konlpy\java\open-korean-text-2.1.0.jar;C:\ICARE\I-CARE-AI\main\venv\Lib\site-packages\konlpy\java\twitter-text-1.14.7.jar;C:\ICARE\I-CARE-AI\main\venv\Lib\site-packages\konlpy\java\aho-corasick.jar;C:\ICARE\I-CARE-AI\main\venv\Lib\site-packages\konlpy\java\jhannanum-0.8.4.jar;C:\ICARE\I-CARE-AI\main\venv\Lib\site-packages\konlpy\java\kkma-2.0.jar;C:\ICARE\I-CARE-AI\main\venv
Launcher Type: generic

[Global flags]
     intx CICompilerCount                          = 4                                         {product} {ergonomic}
     uint ConcGCThreads                            = 2                                         {product} {ergonomic}
     uint G1ConcRefinementThreads                  = 8                                         {product} {ergonomic}
   size_t G1HeapRegionSize                         = 1048576                                   {product} {ergonomic}
    uintx GCDrainStackTargetSize                   = 64                                        {product} {ergonomic}
   size_t InitialHeapSize                          = 130023424                                 {product} {ergonomic}
   size_t MarkStackSize                            = 4194304                                   {product} {ergonomic}
   size_t MaxHeapSize                              = 1073741824                                {product} {command line}
   size_t MaxNewSize                               = 643825664                                 {product} {ergonomic}
   size_t MinHeapDeltaBytes                        = 1048576                                   {product} {ergonomic}
   size_t MinHeapSize                              = 8388608                                   {product} {ergonomic}
    uintx NonNMethodCodeHeapSize                   = 5839372                                {pd product} {ergonomic}
    uintx NonProfiledCodeHeapSize                  = 122909434                              {pd product} {ergonomic}
    uintx ProfiledCodeHeapSize                     = 122909434                              {pd product} {ergonomic}
    uintx ReservedCodeCacheSize                    = 251658240                              {pd product} {ergonomic}
     bool SegmentedCodeCache                       = true                                      {product} {ergonomic}
   size_t SoftMaxHeapSize                          = 1073741824                             {manageable} {ergonomic}
     bool UseCompressedClassPointers               = true                           {product lp64_product} {ergonomic}
     bool UseCompressedOops                        = true                           {product lp64_product} {ergonomic}
     bool UseG1GC                                  = true                                      {product} {ergonomic}
     bool UseLargePagesIndividualAllocation        = false                                  {pd product} {ergonomic}

Logging:
Log output configuration:
 #0: stdout all=warning uptime,level,tags
 #1: stderr all=off uptime,level,tags

Environment Variables:
JAVA_HOME=C:\Program Files\Eclipse Adoptium\jdk-17.0.8.101-hotspot
PATH=C:\ICARE\I-CARE-AI\main\venv\Scripts;C:\Program Files\Eclipse Adoptium\jdk-17.0.8.101-hotspot\bin;C:\app\Administrator\product\21c\dbhomeXE\bin;C:\app\LSA\product\21c\dbhomeXE\bin;C:\WINDOWS\system32;C:\WINDOWS;C:\WINDOWS\System32\Wbem;C:\WINDOWS\System32\WindowsPowerShell\v1.0\;C:\WINDOWS\System32\OpenSSH\;C:\Program Files\MySQL\MySQL Server 5.5\bin;C:\Program Files\Git\cmd;C:\Program Files (x86)\Microsoft SQL Server\160\Tools\Binn\;C:\Program Files\Microsoft SQL Server\160\Tools\Binn\;C:\Program Files\Microsoft SQL Server\Client SDK\ODBC\170\Tools\Binn\;C:\Program Files\Microsoft SQL Server\160\DTS\Binn\;C:\Program Files (x86)\Microsoft SQL Server\160\DTS\Binn\;C:\Program Files\Azure Data Studio\bin;C:\Program Files (x86)\Yarn\bin\;C:\Program Files\Eclipse Adoptium\jdk-17.0.8.101-hotspot\bin;C:\Program Files\nodejs\;C:\Program Files\Graphviz\bin;C:\Program Files\Amazon\AWSCLIV2\;C:\Users\이수아\AppData\Roaming\Python\Python311\Scripts;C:\Windows\System32;C:\Windows;C:\Program Files (x86)\Windows Kits\10\Windows Performance Toolkit\;C:\Users\이수아\AppData\Local\Programs\Python\Python311\Scripts\;C:\Users\이수아\AppData\Local\Programs\Python\Python311\;C:\Users\이수아\AppData\Local\Programs\Python\Python310\Scripts\;C:\Users\이수아\AppData\Local\Programs\Python\Python310\;C:\Users\이수아\AppData\Local\Microsoft\WindowsApps;C:\Users\이수아\AppData\Local\Programs\Microsoft VS Code\bin;C:\Program Files\JetBrains\IntelliJ IDEA Community Edition 2022.2.1\bin;;C:\Program Files\Azure Data Studio\bin;C:\Users\이수아\AppData\Local\Yarn\bin;C:\Users\이수아\AppData\Roaming\npm;
USERNAME=sa
OS=Windows_NT
PROCESSOR_IDENTIFIER=Intel64 Family 6 Model 140 Stepping 1, GenuineIntel
TMP=C:\Users\이수아\AppData\Local\Temp
TEMP=C:\Users\이수아\AppData\Local\Temp



---------------  S Y S T E M  ---------------

OS:
 Windows 11 , 64 bit Build 22621 (10.0.22621.3958)
OS uptime: 0 days 7:33 hours
Hyper-V role detected

CPU: total 8 (initial active 8) (4 cores per cpu, 2 threads per core) family 6 model 140 stepping 1 microcode 0xb4, cx8, cmov, fxsr, ht, mmx, 3dnowpref, sse, sse2, sse3, ssse3, sse4.1, sse4.2, popcnt, lzcnt, tsc, tscinvbit, avx, avx2, aes, erms, clmul, bmi1, bmi2, adx, avx512f, avx512dq, avx512cd, avx512bw, avx512vl, sha, fma, vzeroupper, avx512_vpopcntdq, avx512_vpclmulqdq, avx512_vaes, avx512_vnni, clflush, clflushopt, clwb, avx512_vbmi2, avx512_vbmi, hv
Processor Information for processor 0
  Max Mhz: 2419, Current Mhz: 1007, Mhz Limit: 2419
Processor Information for processor 1
  Max Mhz: 2419, Current Mhz: 1007, Mhz Limit: 2419
Processor Information for processor 2
  Max Mhz: 2419, Current Mhz: 1007, Mhz Limit: 2419
Processor Information for processor 3
  Max Mhz: 2419, Current Mhz: 1007, Mhz Limit: 2419
Processor Information for processor 4
  Max Mhz: 2419, Current Mhz: 1007, Mhz Limit: 2419
Processor Information for processor 5
  Max Mhz: 2419, Current Mhz: 2419, Mhz Limit: 2419
Processor Information for processor 6
  Max Mhz: 2419, Current Mhz: 1007, Mhz Limit: 2419
Processor Information for processor 7
  Max Mhz: 2419, Current Mhz: 1007, Mhz Limit: 2419

Memory: 4k page, system-wide physical 7865M (520M free)
TotalPageFile size 32441M (AvailPageFile size 217M)
current process WorkingSet (physical memory assigned to process): 517M, peak: 531M
current process commit charge ("private bytes"): 2683M, peak: 2838M

vm_info: OpenJDK 64-Bit Server VM (17.0.8.1+1) for windows-amd64 JRE (17.0.8.1+1), built on Aug 23 2023 15:29:17 by "admin" with MS VC++ 16.7 (VS2019)

END.
